08:58:44 **** Build of configuration Debug for project evenPicture ****
make all 
Building file: ../src/evenPicture.cpp
Invoking: GCC C++ Compiler
g++ -O0 -g3 -Wall -c -fmessage-length=0 -MMD -MP -MF"src/evenPicture.d" -MT"src/evenPicture.o" -o "src/evenPicture.o" "../src/evenPicture.cpp"
Finished building: ../src/evenPicture.cpp
 
Building target: evenPicture
Invoking: MacOS X C++ Linker
g++  -o "evenPicture"  ./src/evenPicture.o   
Finished building target: evenPicture
 
08:58:56 **** Incremental Build of configuration Debug for project evenPicture ****
make all 
make: Nothing to be done for `all'.
08:59:33 **** Incremental Build of configuration Debug for project evenPicture ****
make all 
make: Nothing to be done for `all'.
09:01:03 **** Incremental Build of configuration Debug for project evenPicture ****
make all 
Building file: ../src/evenPicture.cpp
Invoking: GCC C++ Compiler
g++ -O0 -g3 -Wall -c -fmessage-length=0 -MMD -MP -MF"src/evenPicture.d" -MT"src/evenPicture.o" -o "src/evenPicture.o" "../src/evenPicture.cpp"
Finished building: ../src/evenPicture.cpp
 
Building target: evenPicture
Invoking: MacOS X C++ Linker
g++  -o "evenPicture"  ./src/evenPicture.o   
Finished building target: evenPicture
 
09:03:29 **** Incremental Build of configuration Debug for project evenPicture ****
make all 
Building file: ../src/evenPicture.cpp
Invoking: GCC C++ Compiler
g++ -O0 -g3 -Wall -c -fmessage-length=0 -MMD -MP -MF"src/evenPicture.d" -MT"src/evenPicture.o" -o "src/evenPicture.o" "../src/evenPicture.cpp"
Finished building: ../src/evenPicture.cpp
 
Building target: evenPicture
Invoking: MacOS X C++ Linker
g++  -o "evenPicture"  ./src/evenPicture.o   
Finished building target: evenPicture
 
09:22:07 **** Incremental Build of configuration Debug for project 1Template ****
make all 
Building file: ../src/1Template.cpp
Invoking: GCC C++ Compiler
g++ -O0 -g3 -Wall -c -fmessage-length=0 -MMD -MP -MF"src/1Template.d" -MT"src/1Template.o" -o "src/1Template.o" "../src/1Template.cpp"
../src/1Template.cpp:34:5: warning: unused variable 'num' [-Wunused-variable]
        ll num = 0;
           ^
1 warning generated.
Finished building: ../src/1Template.cpp
 
Building target: 1Template
Invoking: MacOS X C++ Linker
g++  -o "1Template"  ./src/1Template.o   
Finished building target: 1Template
 
09:23:03 **** Incremental Build of configuration Debug for project 1Template ****
make all 
Building file: ../src/1Template.cpp
Invoking: GCC C++ Compiler
g++ -O0 -g3 -Wall -c -fmessage-length=0 -MMD -MP -MF"src/1Template.d" -MT"src/1Template.o" -o "src/1Template.o" "../src/1Template.cpp"
../src/1Template.cpp:34:5: warning: unused variable 'num' [-Wunused-variable]
        ll num = 0;
           ^
1 warning generated.
Finished building: ../src/1Template.cpp
 
Building target: 1Template
Invoking: MacOS X C++ Linker
g++  -o "1Template"  ./src/1Template.o   
Finished building target: 1Template
 
09:23:09 **** Incremental Build of configuration Debug for project 1Template ****
make all 
make: Nothing to be done for `all'.
09:23:11 **** Incremental Build of configuration Debug for project 1Template ****
make all 
make: Nothing to be done for `all'.
09:23:53 **** Incremental Build of configuration Debug for project 1Template ****
make all 
Building file: ../src/1Template.cpp
Invoking: GCC C++ Compiler
g++ -O0 -g3 -Wall -c -fmessage-length=0 -MMD -MP -MF"src/1Template.d" -MT"src/1Template.o" -o "src/1Template.o" "../src/1Template.cpp"
../src/1Template.cpp:34:5: warning: unused variable 'num' [-Wunused-variable]
        ll num = 0;
           ^
1 warning generated.
Finished building: ../src/1Template.cpp
 
Building target: 1Template
Invoking: MacOS X C++ Linker
g++  -o "1Template"  ./src/1Template.o   
Finished building target: 1Template
 
09:24:09 **** Incremental Build of configuration Debug for project 1Template ****
make all 
make: Nothing to be done for `all'.
09:24:11 **** Incremental Build of configuration Debug for project 1Template ****
make all 
make: Nothing to be done for `all'.
09:24:12 **** Incremental Build of configuration Debug for project 1Template ****
make all 
make: Nothing to be done for `all'.
09:24:45 **** Incremental Build of configuration Debug for project 1Template ****
make all 
make: Nothing to be done for `all'.
09:24:48 **** Incremental Build of configuration Debug for project 1Template ****
make all 
make: Nothing to be done for `all'.
09:24:54 **** Incremental Build of configuration Debug for project 1Template ****
make all 
make: Nothing to be done for `all'.
09:25:26 **** Incremental Build of configuration Debug for project 1Template ****
make all 
make: Nothing to be done for `all'.
09:25:28 **** Incremental Build of configuration Debug for project 1Template ****
make all 
make: Nothing to be done for `all'.
09:25:36 **** Incremental Build of configuration Debug for project 1Template ****
make all 
make: Nothing to be done for `all'.
09:25:38 **** Incremental Build of configuration Debug for project 1Template ****
make all 
make: Nothing to be done for `all'.
09:25:46 **** Incremental Build of configuration Debug for project 1Template ****
make all 
make: Nothing to be done for `all'.
09:25:49 **** Incremental Build of configuration Debug for project 1Template ****
make all 
make: Nothing to be done for `all'.
09:27:31 **** Incremental Build of configuration Debug for project 1Template ****
make all 
make: Nothing to be done for `all'.
09:27:44 **** Incremental Build of configuration Debug for project 1Template ****
make all 
make: Nothing to be done for `all'.
09:27:46 **** Incremental Build of configuration Debug for project 1Template ****
make all 
make: Nothing to be done for `all'.
09:31:03 **** Incremental Build of configuration Debug for project 1Template ****
make all 
Building file: ../src/1Template.cpp
Invoking: GCC C++ Compiler
g++ -O0 -g3 -Wall -c -fmessage-length=0 -MMD -MP -MF"src/1Template.d" -MT"src/1Template.o" -o "src/1Template.o" "../src/1Template.cpp"
../src/1Template.cpp:33:5: warning: unused variable 'num' [-Wunused-variable]
        ll num = 0;
           ^
1 warning generated.
Finished building: ../src/1Template.cpp
 
Building target: 1Template
Invoking: MacOS X C++ Linker
g++  -o "1Template"  ./src/1Template.o   
Finished building target: 1Template
 
09:31:08 **** Incremental Build of configuration Debug for project 1Template ****
make all 
make: Nothing to be done for `all'.
09:31:09 **** Incremental Build of configuration Debug for project 1Template ****
make all 
make: Nothing to be done for `all'.
09:31:12 **** Incremental Build of configuration Debug for project 1Template ****
make all 
make: Nothing to be done for `all'.
09:31:13 **** Incremental Build of configuration Debug for project 1Template ****
make all 
make: Nothing to be done for `all'.
09:32:30 **** Incremental Build of configuration Debug for project 1Template ****
make all 
Building file: ../src/1Template.cpp
Invoking: GCC C++ Compiler
g++ -O0 -g3 -Wall -c -fmessage-length=0 -MMD -MP -MF"src/1Template.d" -MT"src/1Template.o" -o "src/1Template.o" "../src/1Template.cpp"
../src/1Template.cpp:34:5: warning: unused variable 'num' [-Wunused-variable]
        ll num = 0;
           ^
1 warning generated.
Finished building: ../src/1Template.cpp
 
Building target: 1Template
Invoking: MacOS X C++ Linker
g++  -o "1Template"  ./src/1Template.o   
Finished building target: 1Template
 
09:32:48 **** Incremental Build of configuration Debug for project 1Template ****
make all 
make: Nothing to be done for `all'.
09:32:50 **** Incremental Build of configuration Debug for project 1Template ****
make all 
make: Nothing to be done for `all'.
09:33:58 **** Incremental Build of configuration Debug for project 1Template ****
make all 
Building file: ../src/1Template.cpp
Invoking: GCC C++ Compiler
g++ -O0 -g3 -Wall -c -fmessage-length=0 -MMD -MP -MF"src/1Template.d" -MT"src/1Template.o" -o "src/1Template.o" "../src/1Template.cpp"
../src/1Template.cpp:38:5: warning: unused variable 'num' [-Wunused-variable]
        ll num = 0;
           ^
1 warning generated.
Finished building: ../src/1Template.cpp
 
Building target: 1Template
Invoking: MacOS X C++ Linker
g++  -o "1Template"  ./src/1Template.o   
Finished building target: 1Template
 
09:34:05 **** Incremental Build of configuration Debug for project 1Template ****
make all 
make: Nothing to be done for `all'.
09:34:06 **** Incremental Build of configuration Debug for project 1Template ****
make all 
make: Nothing to be done for `all'.
09:38:47 **** Incremental Build of configuration Debug for project 1Template ****
make all 
Building file: ../src/1Template.cpp
Invoking: GCC C++ Compiler
g++ -O0 -g3 -Wall -c -fmessage-length=0 -MMD -MP -MF"src/1Template.d" -MT"src/1Template.o" -o "src/1Template.o" "../src/1Template.cpp"
Finished building: ../src/1Template.cpp
 
Building target: 1Template
Invoking: MacOS X C++ Linker
g++  -o "1Template"  ./src/1Template.o   
Finished building target: 1Template
 
09:38:51 **** Incremental Build of configuration Debug for project 1Template ****
make all 
make: Nothing to be done for `all'.
09:40:46 **** Incremental Build of configuration Debug for project 1Template ****
make all 
Building file: ../src/1Template.cpp
Invoking: GCC C++ Compiler
g++ -O0 -g3 -Wall -c -fmessage-length=0 -MMD -MP -MF"src/1Template.d" -MT"src/1Template.o" -o "src/1Template.o" "../src/1Template.cpp"
Finished building: ../src/1Template.cpp
 
Building target: 1Template
Invoking: MacOS X C++ Linker
g++  -o "1Template"  ./src/1Template.o   
Finished building target: 1Template
 
09:40:48 **** Incremental Build of configuration Debug for project 1Template ****
make all 
make: Nothing to be done for `all'.
09:40:49 **** Incremental Build of configuration Debug for project 1Template ****
make all 
make: Nothing to be done for `all'.
09:40:50 **** Incremental Build of configuration Debug for project 1Template ****
make all 
make: Nothing to be done for `all'.
09:41:05 **** Incremental Build of configuration Debug for project 1Template ****
make all 
Building file: ../src/1Template.cpp
Invoking: GCC C++ Compiler
g++ -O0 -g3 -Wall -c -fmessage-length=0 -MMD -MP -MF"src/1Template.d" -MT"src/1Template.o" -o "src/1Template.o" "../src/1Template.cpp"
Finished building: ../src/1Template.cpp
 
Building target: 1Template
Invoking: MacOS X C++ Linker
g++  -o "1Template"  ./src/1Template.o   
Finished building target: 1Template
 
09:42:13 **** Incremental Build of configuration Debug for project 1Template ****
make all 
Building file: ../src/1Template.cpp
Invoking: GCC C++ Compiler
g++ -O0 -g3 -Wall -c -fmessage-length=0 -MMD -MP -MF"src/1Template.d" -MT"src/1Template.o" -o "src/1Template.o" "../src/1Template.cpp"
Finished building: ../src/1Template.cpp
 
Building target: 1Template
Invoking: MacOS X C++ Linker
g++  -o "1Template"  ./src/1Template.o   
Finished building target: 1Template
 
09:44:39 **** Incremental Build of configuration Debug for project 1Template ****
make all 
Building file: ../src/1Template.cpp
Invoking: GCC C++ Compiler
g++ -O0 -g3 -Wall -c -fmessage-length=0 -MMD -MP -MF"src/1Template.d" -MT"src/1Template.o" -o "src/1Template.o" "../src/1Template.cpp"
Finished building: ../src/1Template.cpp
 
Building target: 1Template
Invoking: MacOS X C++ Linker
g++  -o "1Template"  ./src/1Template.o   
Finished building target: 1Template
 
09:47:07 **** Incremental Build of configuration Debug for project 1Template ****
make all 
Building file: ../src/1Template.cpp
Invoking: GCC C++ Compiler
g++ -O0 -g3 -Wall -c -fmessage-length=0 -MMD -MP -MF"src/1Template.d" -MT"src/1Template.o" -o "src/1Template.o" "../src/1Template.cpp"
Finished building: ../src/1Template.cpp
 
Building target: 1Template
Invoking: MacOS X C++ Linker
g++  -o "1Template"  ./src/1Template.o   
Finished building target: 1Template
 
09:47:10 **** Incremental Build of configuration Debug for project 1Template ****
make all 
make: Nothing to be done for `all'.
09:47:11 **** Incremental Build of configuration Debug for project 1Template ****
make all 
make: Nothing to be done for `all'.
09:47:16 **** Incremental Build of configuration Debug for project 1Template ****
make all 
make: Nothing to be done for `all'.
09:47:18 **** Incremental Build of configuration Debug for project 1Template ****
make all 
make: Nothing to be done for `all'.
09:47:29 **** Incremental Build of configuration Debug for project 1Template ****
make all 
Building file: ../src/1Template.cpp
Invoking: GCC C++ Compiler
g++ -O0 -g3 -Wall -c -fmessage-length=0 -MMD -MP -MF"src/1Template.d" -MT"src/1Template.o" -o "src/1Template.o" "../src/1Template.cpp"
Finished building: ../src/1Template.cpp
 
Building target: 1Template
Invoking: MacOS X C++ Linker
g++  -o "1Template"  ./src/1Template.o   
Finished building target: 1Template
 
09:47:31 **** Incremental Build of configuration Debug for project 1Template ****
make all 
make: Nothing to be done for `all'.
09:47:32 **** Incremental Build of configuration Debug for project 1Template ****
make all 
make: Nothing to be done for `all'.
09:47:35 **** Incremental Build of configuration Debug for project 1Template ****
make all 
make: Nothing to be done for `all'.
09:47:45 **** Incremental Build of configuration Debug for project 1Template ****
make all 
Building file: ../src/1Template.cpp
Invoking: GCC C++ Compiler
g++ -O0 -g3 -Wall -c -fmessage-length=0 -MMD -MP -MF"src/1Template.d" -MT"src/1Template.o" -o "src/1Template.o" "../src/1Template.cpp"
Finished building: ../src/1Template.cpp
 
Building target: 1Template
Invoking: MacOS X C++ Linker
g++  -o "1Template"  ./src/1Template.o   
Finished building target: 1Template
 
09:47:48 **** Incremental Build of configuration Debug for project 1Template ****
make all 
make: Nothing to be done for `all'.
10:00:39 **** Incremental Build of configuration Debug for project 1Template ****
make all 
Building file: ../src/1Template.cpp
Invoking: GCC C++ Compiler
g++ -O0 -g3 -Wall -c -fmessage-length=0 -MMD -MP -MF"src/1Template.d" -MT"src/1Template.o" -o "src/1Template.o" "../src/1Template.cpp"
../src/1Template.cpp:27:7: warning: unused variable 'last' [-Wunused-variable]
                int last = -1;
                    ^
../src/1Template.cpp:22:17: warning: unused variable 'lbit' [-Wunused-variable]
        int a[200005], lbit[200005];
                       ^
2 warnings generated.
Finished building: ../src/1Template.cpp
 
Building target: 1Template
Invoking: MacOS X C++ Linker
g++  -o "1Template"  ./src/1Template.o   
Finished building target: 1Template
 
10:00:48 **** Incremental Build of configuration Debug for project 1Template ****
make all 
make: Nothing to be done for `all'.
10:00:53 **** Incremental Build of configuration Debug for project 1Template ****
make all 
make: Nothing to be done for `all'.
10:00:55 **** Incremental Build of configuration Debug for project 1Template ****
make all 
make: Nothing to be done for `all'.
10:01:30 **** Incremental Build of configuration Debug for project 1Template ****
make all 
Building file: ../src/1Template.cpp
Invoking: GCC C++ Compiler
g++ -O0 -g3 -Wall -c -fmessage-length=0 -MMD -MP -MF"src/1Template.d" -MT"src/1Template.o" -o "src/1Template.o" "../src/1Template.cpp"
../src/1Template.cpp:29:7: warning: unused variable 'last' [-Wunused-variable]
                int last = -1;
                    ^
../src/1Template.cpp:22:17: warning: unused variable 'lbit' [-Wunused-variable]
        int a[200005], lbit[200005];
                       ^
2 warnings generated.
Finished building: ../src/1Template.cpp
 
Building target: 1Template
Invoking: MacOS X C++ Linker
g++  -o "1Template"  ./src/1Template.o   
Finished building target: 1Template
 
10:01:54 **** Incremental Build of configuration Debug for project 1Template ****
make all 
Building file: ../src/1Template.cpp
Invoking: GCC C++ Compiler
g++ -O0 -g3 -Wall -c -fmessage-length=0 -MMD -MP -MF"src/1Template.d" -MT"src/1Template.o" -o "src/1Template.o" "../src/1Template.cpp"
Finished building: ../src/1Template.cpp
 
Building target: 1Template
Invoking: MacOS X C++ Linker
g++  -o "1Template"  ./src/1Template.o   
Finished building target: 1Template
 
10:01:57 **** Incremental Build of configuration Debug for project 1Template ****
make all 
make: Nothing to be done for `all'.
10:02:16 **** Incremental Build of configuration Debug for project 1Template ****
make all 
Building file: ../src/1Template.cpp
Invoking: GCC C++ Compiler
g++ -O0 -g3 -Wall -c -fmessage-length=0 -MMD -MP -MF"src/1Template.d" -MT"src/1Template.o" -o "src/1Template.o" "../src/1Template.cpp"
Finished building: ../src/1Template.cpp
 
Building target: 1Template
Invoking: MacOS X C++ Linker
g++  -o "1Template"  ./src/1Template.o   
Finished building target: 1Template
 
10:02:18 **** Incremental Build of configuration Debug for project 1Template ****
make all 
make: Nothing to be done for `all'.
10:02:20 **** Incremental Build of configuration Debug for project 1Template ****
make all 
make: Nothing to be done for `all'.
10:02:28 **** Incremental Build of configuration Debug for project 1Template ****
make all 
Building file: ../src/1Template.cpp
Invoking: GCC C++ Compiler
g++ -O0 -g3 -Wall -c -fmessage-length=0 -MMD -MP -MF"src/1Template.d" -MT"src/1Template.o" -o "src/1Template.o" "../src/1Template.cpp"
Finished building: ../src/1Template.cpp
 
Building target: 1Template
Invoking: MacOS X C++ Linker
g++  -o "1Template"  ./src/1Template.o   
Finished building target: 1Template
 
10:02:31 **** Incremental Build of configuration Debug for project 1Template ****
make all 
make: Nothing to be done for `all'.
07:39:17 **** Incremental Build of configuration Debug for project 1Template ****
make all 
Building file: ../src/1Template.cpp
Invoking: GCC C++ Compiler
g++ -O0 -g3 -Wall -c -fmessage-length=0 -MMD -MP -MF"src/1Template.d" -MT"src/1Template.o" -o "src/1Template.o" "../src/1Template.cpp"
Finished building: ../src/1Template.cpp
 
Building target: 1Template
Invoking: MacOS X C++ Linker
g++  -o "1Template"  ./src/1Template.o   
Finished building target: 1Template
 
07:48:41 **** Incremental Build of configuration Debug for project 1Template ****
make all 
Building file: ../src/1Template.cpp
Invoking: GCC C++ Compiler
g++ -O0 -g3 -Wall -c -fmessage-length=0 -MMD -MP -MF"src/1Template.d" -MT"src/1Template.o" -o "src/1Template.o" "../src/1Template.cpp"
../src/1Template.cpp:33:22: error: reference to non-static member function must be called; did you mean to call it with no arguments?
        for (int i=0; i<odd.size; i+=2) {
                        ~~~~^~~~
                                ()
../src/1Template.cpp:36:23: error: reference to non-static member function must be called; did you mean to call it with no arguments?
        for (int i=0; i<even.size; i+=2) {
                        ~~~~~^~~~
                                 ()
2 errors generated.
make: *** [src/1Template.o] Error 1
"make all" terminated with exit code 2. Build might be incomplete.
07:48:51 **** Incremental Build of configuration Debug for project 1Template ****
make all 
Building file: ../src/1Template.cpp
Invoking: GCC C++ Compiler
g++ -O0 -g3 -Wall -c -fmessage-length=0 -MMD -MP -MF"src/1Template.d" -MT"src/1Template.o" -o "src/1Template.o" "../src/1Template.cpp"
Finished building: ../src/1Template.cpp
 
Building target: 1Template
Invoking: MacOS X C++ Linker
g++  -o "1Template"  ./src/1Template.o   
Finished building target: 1Template
 
07:49:56 **** Incremental Build of configuration Debug for project 1Template ****
make all 
Building file: ../src/1Template.cpp
Invoking: GCC C++ Compiler
g++ -O0 -g3 -Wall -c -fmessage-length=0 -MMD -MP -MF"src/1Template.d" -MT"src/1Template.o" -o "src/1Template.o" "../src/1Template.cpp"
../src/1Template.cpp:29:13: warning: range-based for loop is a C++11 extension [-Wc++11-extensions]
        for (int i : even) cout << i << endl;
                   ^
1 warning generated.
Finished building: ../src/1Template.cpp
 
Building target: 1Template
Invoking: MacOS X C++ Linker
g++  -o "1Template"  ./src/1Template.o   
Finished building target: 1Template
 
07:50:10 **** Incremental Build of configuration Debug for project 1Template ****
make all 
Building file: ../src/1Template.cpp
Invoking: GCC C++ Compiler
g++ -O0 -g3 -Wall -c -fmessage-length=0 -MMD -MP -MF"src/1Template.d" -MT"src/1Template.o" -o "src/1Template.o" "../src/1Template.cpp"
../src/1Template.cpp:29:13: warning: range-based for loop is a C++11 extension [-Wc++11-extensions]
        for (int i : odd) cout << i << endl;
                   ^
1 warning generated.
Finished building: ../src/1Template.cpp
 
Building target: 1Template
Invoking: MacOS X C++ Linker
g++  -o "1Template"  ./src/1Template.o   
Finished building target: 1Template
 
07:50:44 **** Incremental Build of configuration Debug for project 1Template ****
make all 
Building file: ../src/1Template.cpp
Invoking: GCC C++ Compiler
g++ -O0 -g3 -Wall -c -fmessage-length=0 -MMD -MP -MF"src/1Template.d" -MT"src/1Template.o" -o "src/1Template.o" "../src/1Template.cpp"
Finished building: ../src/1Template.cpp
 
Building target: 1Template
Invoking: MacOS X C++ Linker
g++  -o "1Template"  ./src/1Template.o   
Finished building target: 1Template
 
07:52:15 **** Incremental Build of configuration Debug for project 1Template ****
make all 
Building file: ../src/1Template.cpp
Invoking: GCC C++ Compiler
g++ -O0 -g3 -Wall -c -fmessage-length=0 -MMD -MP -MF"src/1Template.d" -MT"src/1Template.o" -o "src/1Template.o" "../src/1Template.cpp"
Finished building: ../src/1Template.cpp
 
Building target: 1Template
Invoking: MacOS X C++ Linker
g++  -o "1Template"  ./src/1Template.o   
Finished building target: 1Template
 
08:08:12 **** Incremental Build of configuration Debug for project 1Template ****
make all 
Building file: ../src/1Template.cpp
Invoking: GCC C++ Compiler
g++ -O0 -g3 -Wall -c -fmessage-length=0 -MMD -MP -MF"src/1Template.d" -MT"src/1Template.o" -o "src/1Template.o" "../src/1Template.cpp"
Finished building: ../src/1Template.cpp
 
Building target: 1Template
Invoking: MacOS X C++ Linker
g++  -o "1Template"  ./src/1Template.o   
Finished building target: 1Template
 
08:08:18 **** Incremental Build of configuration Debug for project 1Template ****
make all 
make: Nothing to be done for `all'.
08:08:23 **** Incremental Build of configuration Debug for project 1Template ****
make all 
make: Nothing to be done for `all'.
08:09:03 **** Incremental Build of configuration Debug for project 1Template ****
make all 
Building file: ../src/1Template.cpp
Invoking: GCC C++ Compiler
g++ -O0 -g3 -Wall -c -fmessage-length=0 -MMD -MP -MF"src/1Template.d" -MT"src/1Template.o" -o "src/1Template.o" "../src/1Template.cpp"
../src/1Template.cpp:28:19: error: invalid operands to binary expression ('typename std::enable_if<std::is_integral<int>::value, double>::type' (aka 'double') and 'int')
                else if (log2(n)%1) { cout <<"FastestFinger"<<endl;}
                         ~~~~~~~^~
1 error generated.
make: *** [src/1Template.o] Error 1
"make all" terminated with exit code 2. Build might be incomplete.
08:09:15 **** Incremental Build of configuration Debug for project 1Template ****
make all 
Building file: ../src/1Template.cpp
Invoking: GCC C++ Compiler
g++ -O0 -g3 -Wall -c -fmessage-length=0 -MMD -MP -MF"src/1Template.d" -MT"src/1Template.o" -o "src/1Template.o" "../src/1Template.cpp"
../src/1Template.cpp:28:19: error: invalid operands to binary expression ('typename std::enable_if<std::is_integral<int>::value, double>::type' (aka 'double') and 'double')
                else if (log2(n)%1.0) { cout <<"FastestFinger"<<endl;}
                         ~~~~~~~^~~~
1 error generated.
make: *** [src/1Template.o] Error 1
"make all" terminated with exit code 2. Build might be incomplete.
08:10:50 **** Incremental Build of configuration Debug for project 1Template ****
make all 
Building file: ../src/1Template.cpp
Invoking: GCC C++ Compiler
g++ -O0 -g3 -Wall -c -fmessage-length=0 -MMD -MP -MF"src/1Template.d" -MT"src/1Template.o" -o "src/1Template.o" "../src/1Template.cpp"
Finished building: ../src/1Template.cpp
 
Building target: 1Template
Invoking: MacOS X C++ Linker
g++  -o "1Template"  ./src/1Template.o   
Finished building target: 1Template
 
08:11:22 **** Incremental Build of configuration Debug for project 1Template ****
make all 
make: Nothing to be done for `all'.
08:11:38 **** Incremental Build of configuration Debug for project 1Template ****
make all 
Building file: ../src/1Template.cpp
Invoking: GCC C++ Compiler
g++ -O0 -g3 -Wall -c -fmessage-length=0 -MMD -MP -MF"src/1Template.d" -MT"src/1Template.o" -o "src/1Template.o" "../src/1Template.cpp"
Finished building: ../src/1Template.cpp
 
Building target: 1Template
Invoking: MacOS X C++ Linker
g++  -o "1Template"  ./src/1Template.o   
Finished building target: 1Template
 
08:14:38 **** Incremental Build of configuration Debug for project 1Template ****
make all 
Building file: ../src/1Template.cpp
Invoking: GCC C++ Compiler
g++ -O0 -g3 -Wall -c -fmessage-length=0 -MMD -MP -MF"src/1Template.d" -MT"src/1Template.o" -o "src/1Template.o" "../src/1Template.cpp"
Finished building: ../src/1Template.cpp
 
Building target: 1Template
Invoking: MacOS X C++ Linker
g++  -o "1Template"  ./src/1Template.o   
Finished building target: 1Template
 
08:14:43 **** Incremental Build of configuration Debug for project 1Template ****
make all 
make: Nothing to be done for `all'.
08:14:48 **** Incremental Build of configuration Debug for project 1Template ****
make all 
make: Nothing to be done for `all'.
08:15:08 **** Incremental Build of configuration Debug for project 1Template ****
make all 
Building file: ../src/1Template.cpp
Invoking: GCC C++ Compiler
g++ -O0 -g3 -Wall -c -fmessage-length=0 -MMD -MP -MF"src/1Template.d" -MT"src/1Template.o" -o "src/1Template.o" "../src/1Template.cpp"
Finished building: ../src/1Template.cpp
 
Building target: 1Template
Invoking: MacOS X C++ Linker
g++  -o "1Template"  ./src/1Template.o   
Finished building target: 1Template
 
08:15:23 **** Incremental Build of configuration Debug for project 1Template ****
make all 
make: Nothing to be done for `all'.
08:15:48 **** Incremental Build of configuration Debug for project 1Template ****
make all 
make: Nothing to be done for `all'.
08:15:59 **** Incremental Build of configuration Debug for project 1Template ****
make all 
make: Nothing to be done for `all'.
08:18:35 **** Incremental Build of configuration Debug for project 1Template ****
make all 
Building file: ../src/1Template.cpp
Invoking: GCC C++ Compiler
g++ -O0 -g3 -Wall -c -fmessage-length=0 -MMD -MP -MF"src/1Template.d" -MT"src/1Template.o" -o "src/1Template.o" "../src/1Template.cpp"
Finished building: ../src/1Template.cpp
 
Building target: 1Template
Invoking: MacOS X C++ Linker
g++  -o "1Template"  ./src/1Template.o   
Finished building target: 1Template
 
08:19:17 **** Incremental Build of configuration Debug for project 1Template ****
make all 
Building file: ../src/1Template.cpp
Invoking: GCC C++ Compiler
g++ -O0 -g3 -Wall -c -fmessage-length=0 -MMD -MP -MF"src/1Template.d" -MT"src/1Template.o" -o "src/1Template.o" "../src/1Template.cpp"
Finished building: ../src/1Template.cpp
 
Building target: 1Template
Invoking: MacOS X C++ Linker
g++  -o "1Template"  ./src/1Template.o   
Finished building target: 1Template
 
08:27:49 **** Incremental Build of configuration Debug for project 1Template ****
make all 
Building file: ../src/1Template.cpp
Invoking: GCC C++ Compiler
g++ -O0 -g3 -Wall -c -fmessage-length=0 -MMD -MP -MF"src/1Template.d" -MT"src/1Template.o" -o "src/1Template.o" "../src/1Template.cpp"
Finished building: ../src/1Template.cpp
 
Building target: 1Template
Invoking: MacOS X C++ Linker
g++  -o "1Template"  ./src/1Template.o   
Finished building target: 1Template
 
08:27:54 **** Incremental Build of configuration Debug for project 1Template ****
make all 
make: Nothing to be done for `all'.
08:28:24 **** Incremental Build of configuration Debug for project 1Template ****
make all 
Building file: ../src/1Template.cpp
Invoking: GCC C++ Compiler
g++ -O0 -g3 -Wall -c -fmessage-length=0 -MMD -MP -MF"src/1Template.d" -MT"src/1Template.o" -o "src/1Template.o" "../src/1Template.cpp"
Finished building: ../src/1Template.cpp
 
Building target: 1Template
Invoking: MacOS X C++ Linker
g++  -o "1Template"  ./src/1Template.o   
Finished building target: 1Template
 
08:30:03 **** Incremental Build of configuration Debug for project 1Template ****
make all 
Building file: ../src/1Template.cpp
Invoking: GCC C++ Compiler
g++ -O0 -g3 -Wall -c -fmessage-length=0 -MMD -MP -MF"src/1Template.d" -MT"src/1Template.o" -o "src/1Template.o" "../src/1Template.cpp"
Finished building: ../src/1Template.cpp
 
Building target: 1Template
Invoking: MacOS X C++ Linker
g++  -o "1Template"  ./src/1Template.o   
Finished building target: 1Template
 
08:30:08 **** Incremental Build of configuration Debug for project 1Template ****
make all 
make: Nothing to be done for `all'.
08:30:47 **** Incremental Build of configuration Debug for project 1Template ****
make all 
make: Nothing to be done for `all'.
08:33:44 **** Incremental Build of configuration Debug for project 1Template ****
make all 
make: Nothing to be done for `all'.
08:36:58 **** Incremental Build of configuration Debug for project 1Template ****
make all 
make: Nothing to be done for `all'.
08:39:03 **** Incremental Build of configuration Debug for project 1Template ****
make all 
make: Nothing to be done for `all'.
08:56:29 **** Incremental Build of configuration Debug for project 1Template ****
make all 
Building file: ../src/1Template.cpp
Invoking: GCC C++ Compiler
g++ -O0 -g3 -Wall -c -fmessage-length=0 -MMD -MP -MF"src/1Template.d" -MT"src/1Template.o" -o "src/1Template.o" "../src/1Template.cpp"
Finished building: ../src/1Template.cpp
 
Building target: 1Template
Invoking: MacOS X C++ Linker
g++  -o "1Template"  ./src/1Template.o   
Finished building target: 1Template
 
08:57:30 **** Incremental Build of configuration Debug for project 1Template ****
make all 
Building file: ../src/1Template.cpp
Invoking: GCC C++ Compiler
g++ -O0 -g3 -Wall -c -fmessage-length=0 -MMD -MP -MF"src/1Template.d" -MT"src/1Template.o" -o "src/1Template.o" "../src/1Template.cpp"
Finished building: ../src/1Template.cpp
 
Building target: 1Template
Invoking: MacOS X C++ Linker
g++  -o "1Template"  ./src/1Template.o   
Finished building target: 1Template
 
08:59:10 **** Incremental Build of configuration Debug for project 1Template ****
make all 
Building file: ../src/1Template.cpp
Invoking: GCC C++ Compiler
g++ -O0 -g3 -Wall -c -fmessage-length=0 -MMD -MP -MF"src/1Template.d" -MT"src/1Template.o" -o "src/1Template.o" "../src/1Template.cpp"
../src/1Template.cpp:32:9: warning: unused variable 'bound' [-Wunused-variable]
    int bound;
        ^
1 warning generated.
Finished building: ../src/1Template.cpp
 
Building target: 1Template
Invoking: MacOS X C++ Linker
g++  -o "1Template"  ./src/1Template.o   
Finished building target: 1Template
 
09:16:01 **** Incremental Build of configuration Debug for project 1Template ****
make all 
Building file: ../src/1Template.cpp
Invoking: GCC C++ Compiler
g++ -O0 -g3 -Wall -c -fmessage-length=0 -MMD -MP -MF"src/1Template.d" -MT"src/1Template.o" -o "src/1Template.o" "../src/1Template.cpp"
../src/1Template.cpp:25:8: error: invalid operands to binary expression ('std::__1::string' (aka 'basic_string<char, char_traits<char>, allocator<char> >') and 'char')
                if (s=='0' && t=='1') ch.push_back(1);
                    ~^ ~~~
/Library/Developer/CommandLineTools/usr/bin/../include/c++/v1/system_error:390:1: note: candidate function not viable: no known conversion from 'std::__1::string' (aka 'basic_string<char, char_traits<char>, allocator<char> >') to 'const std::__1::error_code' for 1st argument
operator==(const error_code& __x, const error_code& __y) _NOEXCEPT
^
/Library/Developer/CommandLineTools/usr/bin/../include/c++/v1/system_error:397:1: note: candidate function not viable: no known conversion from 'std::__1::string' (aka 'basic_string<char, char_traits<char>, allocator<char> >') to 'const std::__1::error_code' for 1st argument
operator==(const error_code& __x, const error_condition& __y) _NOEXCEPT
^
/Library/Developer/CommandLineTools/usr/bin/../include/c++/v1/system_error:405:1: note: candidate function not viable: no known conversion from 'std::__1::string' (aka 'basic_string<char, char_traits<char>, allocator<char> >') to 'const std::__1::error_condition' for 1st argument
operator==(const error_condition& __x, const error_code& __y) _NOEXCEPT
^
/Library/Developer/CommandLineTools/usr/bin/../include/c++/v1/system_error:412:1: note: candidate function not viable: no known conversion from 'std::__1::string' (aka 'basic_string<char, char_traits<char>, allocator<char> >') to 'const std::__1::error_condition' for 1st argument
operator==(const error_condition& __x, const error_condition& __y) _NOEXCEPT
^
/Library/Developer/CommandLineTools/usr/bin/../include/c++/v1/utility:579:1: note: candidate template ignored: could not match 'pair' against 'basic_string'
operator==(const pair<_T1,_T2>& __x, const pair<_T1,_T2>& __y)
^
/Library/Developer/CommandLineTools/usr/bin/../include/c++/v1/iterator:723:1: note: candidate template ignored: could not match 'reverse_iterator' against 'basic_string'
operator==(const reverse_iterator<_Iter1>& __x, const reverse_iterator<_Iter2>& __y)
^
/Library/Developer/CommandLineTools/usr/bin/../include/c++/v1/iterator:952:1: note: candidate template ignored: could not match 'istream_iterator' against 'basic_string'
operator==(const istream_iterator<_Tp, _CharT, _Traits, _Distance>& __x,
^
/Library/Developer/CommandLineTools/usr/bin/../include/c++/v1/iterator:1056:6: note: candidate template ignored: could not match 'istreambuf_iterator' against 'basic_string'
bool operator==(const istreambuf_iterator<_CharT,_Traits>& __a,
     ^
/Library/Developer/CommandLineTools/usr/bin/../include/c++/v1/iterator:1159:1: note: candidate template ignored: could not match 'move_iterator' against 'basic_string'
operator==(const move_iterator<_Iter1>& __x, const move_iterator<_Iter2>& __y)
^
/Library/Developer/CommandLineTools/usr/bin/../include/c++/v1/iterator:1531:1: note: candidate template ignored: could not match '__wrap_iter' against 'basic_string'
operator==(const __wrap_iter<_Iter1>& __x, const __wrap_iter<_Iter2>& __y) _NOEXCEPT
^
/Library/Developer/CommandLineTools/usr/bin/../include/c++/v1/memory:1986:6: note: candidate template ignored: could not match 'allocator' against 'basic_string'
bool operator==(const allocator<_Tp>&, const allocator<_Up>&) _NOEXCEPT {return true;}
     ^
/Library/Developer/CommandLineTools/usr/bin/../include/c++/v1/memory:2963:1: note: candidate template ignored: could not match 'unique_ptr' against 'basic_string'
operator==(const unique_ptr<_T1, _D1>& __x, const unique_ptr<_T2, _D2>& __y) {return __x.get() == __y.get();}
^
/Library/Developer/CommandLineTools/usr/bin/../include/c++/v1/memory:2999:1: note: candidate template ignored: could not match 'unique_ptr' against 'basic_string'
operator==(const unique_ptr<_T1, _D1>& __x, nullptr_t) _NOEXCEPT
^
/Library/Developer/CommandLineTools/usr/bin/../include/c++/v1/memory:3007:1: note: candidate template ignored: could not match 'unique_ptr<type-parameter-0-0, type-parameter-0-1>' against 'char'
operator==(nullptr_t, const unique_ptr<_T1, _D1>& __x) _NOEXCEPT
^
/Library/Developer/CommandLineTools/usr/bin/../include/c++/v1/memory:4795:1: note: candidate template ignored: could not match 'shared_ptr' against 'basic_string'
operator==(const shared_ptr<_Tp>& __x, const shared_ptr<_Up>& __y) _NOEXCEPT
^
/Library/Developer/CommandLineTools/usr/bin/../include/c++/v1/memory:4849:1: note: candidate template ignored: could not match 'shared_ptr' against 'basic_string'
operator==(const shared_ptr<_Tp>& __x, nullptr_t) _NOEXCEPT
^
/Library/Developer/CommandLineTools/usr/bin/../include/c++/v1/memory:4857:1: note: candidate template ignored: could not match 'shared_ptr<type-parameter-0-0>' against 'char'
operator==(nullptr_t, const shared_ptr<_Tp>& __x) _NOEXCEPT
^
/Library/Developer/CommandLineTools/usr/bin/../include/c++/v1/__functional_03:1568:1: note: candidate template ignored: could not match 'function' against 'basic_string'
operator==(const function<_Fp>& __f, nullptr_t) {return !__f;}
^
/Library/Developer/CommandLineTools/usr/bin/../include/c++/v1/__functional_03:1573:1: note: candidate template ignored: could not match 'function<type-parameter-0-0>' against 'char'
operator==(nullptr_t, const function<_Fp>& __f) {return !__f;}
^
/Library/Developer/CommandLineTools/usr/bin/../include/c++/v1/string_view:613:6: note: candidate template ignored: could not match 'basic_string_view' against 'basic_string'
bool operator==(basic_string_view<_CharT, _Traits> __lhs,
     ^
/Library/Developer/CommandLineTools/usr/bin/../include/c++/v1/string_view:622:6: note: candidate template ignored: could not match 'basic_string_view' against 'basic_string'
bool operator==(basic_string_view<_CharT, _Traits> __lhs,
     ^
/Library/Developer/CommandLineTools/usr/bin/../include/c++/v1/string_view:631:6: note: candidate template ignored: could not match 'basic_string_view<type-parameter-0-0, type-parameter-0-1>' against 'char'
bool operator==(typename common_type<basic_string_view<_CharT, _Traits> >::type __lhs,
     ^
/Library/Developer/CommandLineTools/usr/bin/../include/c++/v1/string:563:6: note: candidate template ignored: could not match 'fpos' against 'basic_string'
bool operator==(const fpos<_StateT>& __x, const fpos<_StateT>& __y)
     ^
/Library/Developer/CommandLineTools/usr/bin/../include/c++/v1/string:3834:1: note: candidate template ignored: could not match 'basic_string<type-parameter-0-0, type-parameter-0-1, type-parameter-0-2>' against 'char'
operator==(const basic_string<_CharT, _Traits, _Allocator>& __lhs,
^
/Library/Developer/CommandLineTools/usr/bin/../include/c++/v1/string:3846:1: note: candidate template ignored: could not match 'basic_string<char, std::__1::char_traits<char>, type-parameter-0-0>' against 'char'
operator==(const basic_string<char, char_traits<char>, _Allocator>& __lhs,
^
/Library/Developer/CommandLineTools/usr/bin/../include/c++/v1/string:3865:1: note: candidate template ignored: could not match 'const _CharT *' against 'std::__1::string' (aka 'basic_string<char, char_traits<char>, allocator<char> >')
operator==(const _CharT* __lhs,
^
/Library/Developer/CommandLineTools/usr/bin/../include/c++/v1/string:3878:1: note: candidate template ignored: could not match 'const _CharT *' against 'char'
operator==(const basic_string<_CharT,_Traits,_Allocator>& __lhs,
^
/Library/Developer/CommandLineTools/usr/bin/../include/c++/v1/complex:748:1: note: candidate template ignored: could not match 'complex' against 'basic_string'
operator==(const complex<_Tp>& __x, const complex<_Tp>& __y)
^
/Library/Developer/CommandLineTools/usr/bin/../include/c++/v1/complex:756:1: note: candidate template ignored: could not match 'complex' against 'basic_string'
operator==(const complex<_Tp>& __x, const _Tp& __y)
^
/Library/Developer/CommandLineTools/usr/bin/../include/c++/v1/complex:764:1: note: candidate template ignored: could not match 'complex<type-parameter-0-0>' against 'char'
operator==(const _Tp& __x, const complex<_Tp>& __y)
^
/Library/Developer/CommandLineTools/usr/bin/../include/c++/v1/deque:2880:1: note: candidate template ignored: could not match 'deque' against 'basic_string'
operator==(const deque<_Tp, _Allocator>& __x, const deque<_Tp, _Allocator>& __y)
^
/Library/Developer/CommandLineTools/usr/bin/../include/c++/v1/stack:256:1: note: candidate template ignored: could not match 'stack' against 'basic_string'
operator==(const stack<_Tp, _Container>& __x, const stack<_Tp, _Container>& __y)
^
/Library/Developer/CommandLineTools/usr/bin/../include/c++/v1/list:2414:1: note: candidate template ignored: could not match 'list' against 'basic_string'
operator==(const list<_Tp, _Alloc>& __x, const list<_Tp, _Alloc>& __y)
^
/Library/Developer/CommandLineTools/usr/bin/../include/c++/v1/map:1562:1: note: candidate template ignored: could not match 'map' against 'basic_string'
operator==(const map<_Key, _Tp, _Compare, _Allocator>& __x,
^
/Library/Developer/CommandLineTools/usr/bin/../include/c++/v1/map:2111:1: note: candidate template ignored: could not match 'multimap' against 'basic_string'
operator==(const multimap<_Key, _Tp, _Compare, _Allocator>& __x,
^
/Library/Developer/CommandLineTools/usr/bin/../include/c++/v1/vector:3360:1: note: candidate template ignored: could not match 'vector' against 'basic_string'
operator==(const vector<_Tp, _Allocator>& __x, const vector<_Tp, _Allocator>& __y)
^
/Library/Developer/CommandLineTools/usr/bin/../include/c++/v1/queue:362:1: note: candidate template ignored: could not match 'queue' against 'basic_string'
operator==(const queue<_Tp, _Container>& __x,const queue<_Tp, _Container>& __y)
^
/Library/Developer/CommandLineTools/usr/bin/../include/c++/v1/set:890:1: note: candidate template ignored: could not match 'set' against 'basic_string'
operator==(const set<_Key, _Compare, _Allocator>& __x,
^
/Library/Developer/CommandLineTools/usr/bin/../include/c++/v1/set:1410:1: note: candidate template ignored: could not match 'multiset' against 'basic_string'
operator==(const multiset<_Key, _Compare, _Allocator>& __x,
^
/Library/Developer/CommandLineTools/usr/bin/../include/c++/v1/valarray:4349:1: note: candidate template ignored: requirement '__is_val_expr<std::__1::basic_string<char> >::value' was not satisfied [with _Expr1 = std::__1::basic_string<char>, _Expr2 = char]
operator==(const _Expr1& __x, const _Expr2& __y)
^
/Library/Developer/CommandLineTools/usr/bin/../include/c++/v1/valarray:4364:1: note: candidate template ignored: requirement '__is_val_expr<std::__1::basic_string<char> >::value' was not satisfied [with _Expr = std::__1::basic_string<char>]
operator==(const _Expr& __x, const typename _Expr::value_type& __y)
^
/Library/Developer/CommandLineTools/usr/bin/../include/c++/v1/valarray:4380:1: note: candidate template ignored: substitution failure [with _Expr = char]: type 'char' cannot be used prior to '::' because it has no members
operator==(const typename _Expr::value_type& __x, const _Expr& __y)
^
../src/1Template.cpp:25:18: error: invalid operands to binary expression ('std::__1::string' (aka 'basic_string<char, char_traits<char>, allocator<char> >') and 'char')
                if (s=='0' && t=='1') ch.push_back(1);
                              ~^ ~~~
/Library/Developer/CommandLineTools/usr/bin/../include/c++/v1/system_error:390:1: note: candidate function not viable: no known conversion from 'std::__1::string' (aka 'basic_string<char, char_traits<char>, allocator<char> >') to 'const std::__1::error_code' for 1st argument
operator==(const error_code& __x, const error_code& __y) _NOEXCEPT
^
/Library/Developer/CommandLineTools/usr/bin/../include/c++/v1/system_error:397:1: note: candidate function not viable: no known conversion from 'std::__1::string' (aka 'basic_string<char, char_traits<char>, allocator<char> >') to 'const std::__1::error_code' for 1st argument
operator==(const error_code& __x, const error_condition& __y) _NOEXCEPT
^
/Library/Developer/CommandLineTools/usr/bin/../include/c++/v1/system_error:405:1: note: candidate function not viable: no known conversion from 'std::__1::string' (aka 'basic_string<char, char_traits<char>, allocator<char> >') to 'const std::__1::error_condition' for 1st argument
operator==(const error_condition& __x, const error_code& __y) _NOEXCEPT
^
/Library/Developer/CommandLineTools/usr/bin/../include/c++/v1/system_error:412:1: note: candidate function not viable: no known conversion from 'std::__1::string' (aka 'basic_string<char, char_traits<char>, allocator<char> >') to 'const std::__1::error_condition' for 1st argument
operator==(const error_condition& __x, const error_condition& __y) _NOEXCEPT
^
/Library/Developer/CommandLineTools/usr/bin/../include/c++/v1/utility:579:1: note: candidate template ignored: could not match 'pair' against 'basic_string'
operator==(const pair<_T1,_T2>& __x, const pair<_T1,_T2>& __y)
^
/Library/Developer/CommandLineTools/usr/bin/../include/c++/v1/iterator:723:1: note: candidate template ignored: could not match 'reverse_iterator' against 'basic_string'
operator==(const reverse_iterator<_Iter1>& __x, const reverse_iterator<_Iter2>& __y)
^
/Library/Developer/CommandLineTools/usr/bin/../include/c++/v1/iterator:952:1: note: candidate template ignored: could not match 'istream_iterator' against 'basic_string'
operator==(const istream_iterator<_Tp, _CharT, _Traits, _Distance>& __x,
^
/Library/Developer/CommandLineTools/usr/bin/../include/c++/v1/iterator:1056:6: note: candidate template ignored: could not match 'istreambuf_iterator' against 'basic_string'
bool operator==(const istreambuf_iterator<_CharT,_Traits>& __a,
     ^
/Library/Developer/CommandLineTools/usr/bin/../include/c++/v1/iterator:1159:1: note: candidate template ignored: could not match 'move_iterator' against 'basic_string'
operator==(const move_iterator<_Iter1>& __x, const move_iterator<_Iter2>& __y)
^
/Library/Developer/CommandLineTools/usr/bin/../include/c++/v1/iterator:1531:1: note: candidate template ignored: could not match '__wrap_iter' against 'basic_string'
operator==(const __wrap_iter<_Iter1>& __x, const __wrap_iter<_Iter2>& __y) _NOEXCEPT
^
/Library/Developer/CommandLineTools/usr/bin/../include/c++/v1/memory:1986:6: note: candidate template ignored: could not match 'allocator' against 'basic_string'
bool operator==(const allocator<_Tp>&, const allocator<_Up>&) _NOEXCEPT {return true;}
     ^
/Library/Developer/CommandLineTools/usr/bin/../include/c++/v1/memory:2963:1: note: candidate template ignored: could not match 'unique_ptr' against 'basic_string'
operator==(const unique_ptr<_T1, _D1>& __x, const unique_ptr<_T2, _D2>& __y) {return __x.get() == __y.get();}
^
/Library/Developer/CommandLineTools/usr/bin/../include/c++/v1/memory:2999:1: note: candidate template ignored: could not match 'unique_ptr' against 'basic_string'
operator==(const unique_ptr<_T1, _D1>& __x, nullptr_t) _NOEXCEPT
^
/Library/Developer/CommandLineTools/usr/bin/../include/c++/v1/memory:3007:1: note: candidate template ignored: could not match 'unique_ptr<type-parameter-0-0, type-parameter-0-1>' against 'char'
operator==(nullptr_t, const unique_ptr<_T1, _D1>& __x) _NOEXCEPT
^
/Library/Developer/CommandLineTools/usr/bin/../include/c++/v1/memory:4795:1: note: candidate template ignored: could not match 'shared_ptr' against 'basic_string'
operator==(const shared_ptr<_Tp>& __x, const shared_ptr<_Up>& __y) _NOEXCEPT
^
/Library/Developer/CommandLineTools/usr/bin/../include/c++/v1/memory:4849:1: note: candidate template ignored: could not match 'shared_ptr' against 'basic_string'
operator==(const shared_ptr<_Tp>& __x, nullptr_t) _NOEXCEPT
^
/Library/Developer/CommandLineTools/usr/bin/../include/c++/v1/memory:4857:1: note: candidate template ignored: could not match 'shared_ptr<type-parameter-0-0>' against 'char'
operator==(nullptr_t, const shared_ptr<_Tp>& __x) _NOEXCEPT
^
/Library/Developer/CommandLineTools/usr/bin/../include/c++/v1/__functional_03:1568:1: note: candidate template ignored: could not match 'function' against 'basic_string'
operator==(const function<_Fp>& __f, nullptr_t) {return !__f;}
^
/Library/Developer/CommandLineTools/usr/bin/../include/c++/v1/__functional_03:1573:1: note: candidate template ignored: could not match 'function<type-parameter-0-0>' against 'char'
operator==(nullptr_t, const function<_Fp>& __f) {return !__f;}
^
/Library/Developer/CommandLineTools/usr/bin/../include/c++/v1/string_view:613:6: note: candidate template ignored: could not match 'basic_string_view' against 'basic_string'
bool operator==(basic_string_view<_CharT, _Traits> __lhs,
     ^
/Library/Developer/CommandLineTools/usr/bin/../include/c++/v1/string_view:622:6: note: candidate template ignored: could not match 'basic_string_view' against 'basic_string'
bool operator==(basic_string_view<_CharT, _Traits> __lhs,
     ^
/Library/Developer/CommandLineTools/usr/bin/../include/c++/v1/string_view:631:6: note: candidate template ignored: could not match 'basic_string_view<type-parameter-0-0, type-parameter-0-1>' against 'char'
bool operator==(typename common_type<basic_string_view<_CharT, _Traits> >::type __lhs,
     ^
/Library/Developer/CommandLineTools/usr/bin/../include/c++/v1/string:563:6: note: candidate template ignored: could not match 'fpos' against 'basic_string'
bool operator==(const fpos<_StateT>& __x, const fpos<_StateT>& __y)
     ^
/Library/Developer/CommandLineTools/usr/bin/../include/c++/v1/string:3834:1: note: candidate template ignored: could not match 'basic_string<type-parameter-0-0, type-parameter-0-1, type-parameter-0-2>' against 'char'
operator==(const basic_string<_CharT, _Traits, _Allocator>& __lhs,
^
/Library/Developer/CommandLineTools/usr/bin/../include/c++/v1/string:3846:1: note: candidate template ignored: could not match 'basic_string<char, std::__1::char_traits<char>, type-parameter-0-0>' against 'char'
operator==(const basic_string<char, char_traits<char>, _Allocator>& __lhs,
^
/Library/Developer/CommandLineTools/usr/bin/../include/c++/v1/string:3865:1: note: candidate template ignored: could not match 'const _CharT *' against 'std::__1::string' (aka 'basic_string<char, char_traits<char>, allocator<char> >')
operator==(const _CharT* __lhs,
^
/Library/Developer/CommandLineTools/usr/bin/../include/c++/v1/string:3878:1: note: candidate template ignored: could not match 'const _CharT *' against 'char'
operator==(const basic_string<_CharT,_Traits,_Allocator>& __lhs,
^
/Library/Developer/CommandLineTools/usr/bin/../include/c++/v1/complex:748:1: note: candidate template ignored: could not match 'complex' against 'basic_string'
operator==(const complex<_Tp>& __x, const complex<_Tp>& __y)
^
/Library/Developer/CommandLineTools/usr/bin/../include/c++/v1/complex:756:1: note: candidate template ignored: could not match 'complex' against 'basic_string'
operator==(const complex<_Tp>& __x, const _Tp& __y)
^
/Library/Developer/CommandLineTools/usr/bin/../include/c++/v1/complex:764:1: note: candidate template ignored: could not match 'complex<type-parameter-0-0>' against 'char'
operator==(const _Tp& __x, const complex<_Tp>& __y)
^
/Library/Developer/CommandLineTools/usr/bin/../include/c++/v1/deque:2880:1: note: candidate template ignored: could not match 'deque' against 'basic_string'
operator==(const deque<_Tp, _Allocator>& __x, const deque<_Tp, _Allocator>& __y)
^
/Library/Developer/CommandLineTools/usr/bin/../include/c++/v1/stack:256:1: note: candidate template ignored: could not match 'stack' against 'basic_string'
operator==(const stack<_Tp, _Container>& __x, const stack<_Tp, _Container>& __y)
^
/Library/Developer/CommandLineTools/usr/bin/../include/c++/v1/list:2414:1: note: candidate template ignored: could not match 'list' against 'basic_string'
operator==(const list<_Tp, _Alloc>& __x, const list<_Tp, _Alloc>& __y)
^
/Library/Developer/CommandLineTools/usr/bin/../include/c++/v1/map:1562:1: note: candidate template ignored: could not match 'map' against 'basic_string'
operator==(const map<_Key, _Tp, _Compare, _Allocator>& __x,
^
/Library/Developer/CommandLineTools/usr/bin/../include/c++/v1/map:2111:1: note: candidate template ignored: could not match 'multimap' against 'basic_string'
operator==(const multimap<_Key, _Tp, _Compare, _Allocator>& __x,
^
/Library/Developer/CommandLineTools/usr/bin/../include/c++/v1/vector:3360:1: note: candidate template ignored: could not match 'vector' against 'basic_string'
operator==(const vector<_Tp, _Allocator>& __x, const vector<_Tp, _Allocator>& __y)
^
/Library/Developer/CommandLineTools/usr/bin/../include/c++/v1/queue:362:1: note: candidate template ignored: could not match 'queue' against 'basic_string'
operator==(const queue<_Tp, _Container>& __x,const queue<_Tp, _Container>& __y)
^
/Library/Developer/CommandLineTools/usr/bin/../include/c++/v1/set:890:1: note: candidate template ignored: could not match 'set' against 'basic_string'
operator==(const set<_Key, _Compare, _Allocator>& __x,
^
/Library/Developer/CommandLineTools/usr/bin/../include/c++/v1/set:1410:1: note: candidate template ignored: could not match 'multiset' against 'basic_string'
operator==(const multiset<_Key, _Compare, _Allocator>& __x,
^
/Library/Developer/CommandLineTools/usr/bin/../include/c++/v1/valarray:4349:1: note: candidate template ignored: requirement '__is_val_expr<std::__1::basic_string<char> >::value' was not satisfied [with _Expr1 = std::__1::basic_string<char>, _Expr2 = char]
operator==(const _Expr1& __x, const _Expr2& __y)
^
/Library/Developer/CommandLineTools/usr/bin/../include/c++/v1/valarray:4364:1: note: candidate template ignored: requirement '__is_val_expr<std::__1::basic_string<char> >::value' was not satisfied [with _Expr = std::__1::basic_string<char>]
operator==(const _Expr& __x, const typename _Expr::value_type& __y)
^
/Library/Developer/CommandLineTools/usr/bin/../include/c++/v1/valarray:4380:1: note: candidate template ignored: substitution failure [with _Expr = char]: type 'char' cannot be used prior to '::' because it has no members
operator==(const typename _Expr::value_type& __x, const _Expr& __y)
^
../src/1Template.cpp:26:8: error: invalid operands to binary expression ('std::__1::string' (aka 'basic_string<char, char_traits<char>, allocator<char> >') and 'char')
                if (s=='1' && t=='0') ch.push_back(2);
                    ~^ ~~~
/Library/Developer/CommandLineTools/usr/bin/../include/c++/v1/system_error:390:1: note: candidate function not viable: no known conversion from 'std::__1::string' (aka 'basic_string<char, char_traits<char>, allocator<char> >') to 'const std::__1::error_code' for 1st argument
operator==(const error_code& __x, const error_code& __y) _NOEXCEPT
^
/Library/Developer/CommandLineTools/usr/bin/../include/c++/v1/system_error:397:1: note: candidate function not viable: no known conversion from 'std::__1::string' (aka 'basic_string<char, char_traits<char>, allocator<char> >') to 'const std::__1::error_code' for 1st argument
operator==(const error_code& __x, const error_condition& __y) _NOEXCEPT
^
/Library/Developer/CommandLineTools/usr/bin/../include/c++/v1/system_error:405:1: note: candidate function not viable: no known conversion from 'std::__1::string' (aka 'basic_string<char, char_traits<char>, allocator<char> >') to 'const std::__1::error_condition' for 1st argument
operator==(const error_condition& __x, const error_code& __y) _NOEXCEPT
^
/Library/Developer/CommandLineTools/usr/bin/../include/c++/v1/system_error:412:1: note: candidate function not viable: no known conversion from 'std::__1::string' (aka 'basic_string<char, char_traits<char>, allocator<char> >') to 'const std::__1::error_condition' for 1st argument
operator==(const error_condition& __x, const error_condition& __y) _NOEXCEPT
^
/Library/Developer/CommandLineTools/usr/bin/../include/c++/v1/utility:579:1: note: candidate template ignored: could not match 'pair' against 'basic_string'
operator==(const pair<_T1,_T2>& __x, const pair<_T1,_T2>& __y)
^
/Library/Developer/CommandLineTools/usr/bin/../include/c++/v1/iterator:723:1: note: candidate template ignored: could not match 'reverse_iterator' against 'basic_string'
operator==(const reverse_iterator<_Iter1>& __x, const reverse_iterator<_Iter2>& __y)
^
/Library/Developer/CommandLineTools/usr/bin/../include/c++/v1/iterator:952:1: note: candidate template ignored: could not match 'istream_iterator' against 'basic_string'
operator==(const istream_iterator<_Tp, _CharT, _Traits, _Distance>& __x,
^
/Library/Developer/CommandLineTools/usr/bin/../include/c++/v1/iterator:1056:6: note: candidate template ignored: could not match 'istreambuf_iterator' against 'basic_string'
bool operator==(const istreambuf_iterator<_CharT,_Traits>& __a,
     ^
/Library/Developer/CommandLineTools/usr/bin/../include/c++/v1/iterator:1159:1: note: candidate template ignored: could not match 'move_iterator' against 'basic_string'
operator==(const move_iterator<_Iter1>& __x, const move_iterator<_Iter2>& __y)
^
/Library/Developer/CommandLineTools/usr/bin/../include/c++/v1/iterator:1531:1: note: candidate template ignored: could not match '__wrap_iter' against 'basic_string'
operator==(const __wrap_iter<_Iter1>& __x, const __wrap_iter<_Iter2>& __y) _NOEXCEPT
^
/Library/Developer/CommandLineTools/usr/bin/../include/c++/v1/memory:1986:6: note: candidate template ignored: could not match 'allocator' against 'basic_string'
bool operator==(const allocator<_Tp>&, const allocator<_Up>&) _NOEXCEPT {return true;}
     ^
/Library/Developer/CommandLineTools/usr/bin/../include/c++/v1/memory:2963:1: note: candidate template ignored: could not match 'unique_ptr' against 'basic_string'
operator==(const unique_ptr<_T1, _D1>& __x, const unique_ptr<_T2, _D2>& __y) {return __x.get() == __y.get();}
^
/Library/Developer/CommandLineTools/usr/bin/../include/c++/v1/memory:2999:1: note: candidate template ignored: could not match 'unique_ptr' against 'basic_string'
operator==(const unique_ptr<_T1, _D1>& __x, nullptr_t) _NOEXCEPT
^
/Library/Developer/CommandLineTools/usr/bin/../include/c++/v1/memory:3007:1: note: candidate template ignored: could not match 'unique_ptr<type-parameter-0-0, type-parameter-0-1>' against 'char'
operator==(nullptr_t, const unique_ptr<_T1, _D1>& __x) _NOEXCEPT
^
/Library/Developer/CommandLineTools/usr/bin/../include/c++/v1/memory:4795:1: note: candidate template ignored: could not match 'shared_ptr' against 'basic_string'
operator==(const shared_ptr<_Tp>& __x, const shared_ptr<_Up>& __y) _NOEXCEPT
^
/Library/Developer/CommandLineTools/usr/bin/../include/c++/v1/memory:4849:1: note: candidate template ignored: could not match 'shared_ptr' against 'basic_string'
operator==(const shared_ptr<_Tp>& __x, nullptr_t) _NOEXCEPT
^
/Library/Developer/CommandLineTools/usr/bin/../include/c++/v1/memory:4857:1: note: candidate template ignored: could not match 'shared_ptr<type-parameter-0-0>' against 'char'
operator==(nullptr_t, const shared_ptr<_Tp>& __x) _NOEXCEPT
^
/Library/Developer/CommandLineTools/usr/bin/../include/c++/v1/__functional_03:1568:1: note: candidate template ignored: could not match 'function' against 'basic_string'
operator==(const function<_Fp>& __f, nullptr_t) {return !__f;}
^
/Library/Developer/CommandLineTools/usr/bin/../include/c++/v1/__functional_03:1573:1: note: candidate template ignored: could not match 'function<type-parameter-0-0>' against 'char'
operator==(nullptr_t, const function<_Fp>& __f) {return !__f;}
^
/Library/Developer/CommandLineTools/usr/bin/../include/c++/v1/string_view:613:6: note: candidate template ignored: could not match 'basic_string_view' against 'basic_string'
bool operator==(basic_string_view<_CharT, _Traits> __lhs,
     ^
/Library/Developer/CommandLineTools/usr/bin/../include/c++/v1/string_view:622:6: note: candidate template ignored: could not match 'basic_string_view' against 'basic_string'
bool operator==(basic_string_view<_CharT, _Traits> __lhs,
     ^
/Library/Developer/CommandLineTools/usr/bin/../include/c++/v1/string_view:631:6: note: candidate template ignored: could not match 'basic_string_view<type-parameter-0-0, type-parameter-0-1>' against 'char'
bool operator==(typename common_type<basic_string_view<_CharT, _Traits> >::type __lhs,
     ^
/Library/Developer/CommandLineTools/usr/bin/../include/c++/v1/string:563:6: note: candidate template ignored: could not match 'fpos' against 'basic_string'
bool operator==(const fpos<_StateT>& __x, const fpos<_StateT>& __y)
     ^
/Library/Developer/CommandLineTools/usr/bin/../include/c++/v1/string:3834:1: note: candidate template ignored: could not match 'basic_string<type-parameter-0-0, type-parameter-0-1, type-parameter-0-2>' against 'char'
operator==(const basic_string<_CharT, _Traits, _Allocator>& __lhs,
^
/Library/Developer/CommandLineTools/usr/bin/../include/c++/v1/string:3846:1: note: candidate template ignored: could not match 'basic_string<char, std::__1::char_traits<char>, type-parameter-0-0>' against 'char'
operator==(const basic_string<char, char_traits<char>, _Allocator>& __lhs,
^
/Library/Developer/CommandLineTools/usr/bin/../include/c++/v1/string:3865:1: note: candidate template ignored: could not match 'const _CharT *' against 'std::__1::string' (aka 'basic_string<char, char_traits<char>, allocator<char> >')
operator==(const _CharT* __lhs,
^
/Library/Developer/CommandLineTools/usr/bin/../include/c++/v1/string:3878:1: note: candidate template ignored: could not match 'const _CharT *' against 'char'
operator==(const basic_string<_CharT,_Traits,_Allocator>& __lhs,
^
/Library/Developer/CommandLineTools/usr/bin/../include/c++/v1/complex:748:1: note: candidate template ignored: could not match 'complex' against 'basic_string'
operator==(const complex<_Tp>& __x, const complex<_Tp>& __y)
^
/Library/Developer/CommandLineTools/usr/bin/../include/c++/v1/complex:756:1: note: candidate template ignored: could not match 'complex' against 'basic_string'
operator==(const complex<_Tp>& __x, const _Tp& __y)
^
/Library/Developer/CommandLineTools/usr/bin/../include/c++/v1/complex:764:1: note: candidate template ignored: could not match 'complex<type-parameter-0-0>' against 'char'
operator==(const _Tp& __x, const complex<_Tp>& __y)
^
/Library/Developer/CommandLineTools/usr/bin/../include/c++/v1/deque:2880:1: note: candidate template ignored: could not match 'deque' against 'basic_string'
operator==(const deque<_Tp, _Allocator>& __x, const deque<_Tp, _Allocator>& __y)
^
/Library/Developer/CommandLineTools/usr/bin/../include/c++/v1/stack:256:1: note: candidate template ignored: could not match 'stack' against 'basic_string'
operator==(const stack<_Tp, _Container>& __x, const stack<_Tp, _Container>& __y)
^
/Library/Developer/CommandLineTools/usr/bin/../include/c++/v1/list:2414:1: note: candidate template ignored: could not match 'list' against 'basic_string'
operator==(const list<_Tp, _Alloc>& __x, const list<_Tp, _Alloc>& __y)
^
/Library/Developer/CommandLineTools/usr/bin/../include/c++/v1/map:1562:1: note: candidate template ignored: could not match 'map' against 'basic_string'
operator==(const map<_Key, _Tp, _Compare, _Allocator>& __x,
^
/Library/Developer/CommandLineTools/usr/bin/../include/c++/v1/map:2111:1: note: candidate template ignored: could not match 'multimap' against 'basic_string'
operator==(const multimap<_Key, _Tp, _Compare, _Allocator>& __x,
^
/Library/Developer/CommandLineTools/usr/bin/../include/c++/v1/vector:3360:1: note: candidate template ignored: could not match 'vector' against 'basic_string'
operator==(const vector<_Tp, _Allocator>& __x, const vector<_Tp, _Allocator>& __y)
^
/Library/Developer/CommandLineTools/usr/bin/../include/c++/v1/queue:362:1: note: candidate template ignored: could not match 'queue' against 'basic_string'
operator==(const queue<_Tp, _Container>& __x,const queue<_Tp, _Container>& __y)
^
/Library/Developer/CommandLineTools/usr/bin/../include/c++/v1/set:890:1: note: candidate template ignored: could not match 'set' against 'basic_string'
operator==(const set<_Key, _Compare, _Allocator>& __x,
^
/Library/Developer/CommandLineTools/usr/bin/../include/c++/v1/set:1410:1: note: candidate template ignored: could not match 'multiset' against 'basic_string'
operator==(const multiset<_Key, _Compare, _Allocator>& __x,
^
/Library/Developer/CommandLineTools/usr/bin/../include/c++/v1/valarray:4349:1: note: candidate template ignored: requirement '__is_val_expr<std::__1::basic_string<char> >::value' was not satisfied [with _Expr1 = std::__1::basic_string<char>, _Expr2 = char]
operator==(const _Expr1& __x, const _Expr2& __y)
^
/Library/Developer/CommandLineTools/usr/bin/../include/c++/v1/valarray:4364:1: note: candidate template ignored: requirement '__is_val_expr<std::__1::basic_string<char> >::value' was not satisfied [with _Expr = std::__1::basic_string<char>]
operator==(const _Expr& __x, const typename _Expr::value_type& __y)
^
/Library/Developer/CommandLineTools/usr/bin/../include/c++/v1/valarray:4380:1: note: candidate template ignored: substitution failure [with _Expr = char]: type 'char' cannot be used prior to '::' because it has no members
operator==(const typename _Expr::value_type& __x, const _Expr& __y)
^
../src/1Template.cpp:26:18: error: invalid operands to binary expression ('std::__1::string' (aka 'basic_string<char, char_traits<char>, allocator<char> >') and 'char')
                if (s=='1' && t=='0') ch.push_back(2);
                              ~^ ~~~
/Library/Developer/CommandLineTools/usr/bin/../include/c++/v1/system_error:390:1: note: candidate function not viable: no known conversion from 'std::__1::string' (aka 'basic_string<char, char_traits<char>, allocator<char> >') to 'const std::__1::error_code' for 1st argument
operator==(const error_code& __x, const error_code& __y) _NOEXCEPT
^
/Library/Developer/CommandLineTools/usr/bin/../include/c++/v1/system_error:397:1: note: candidate function not viable: no known conversion from 'std::__1::string' (aka 'basic_string<char, char_traits<char>, allocator<char> >') to 'const std::__1::error_code' for 1st argument
operator==(const error_code& __x, const error_condition& __y) _NOEXCEPT
^
/Library/Developer/CommandLineTools/usr/bin/../include/c++/v1/system_error:405:1: note: candidate function not viable: no known conversion from 'std::__1::string' (aka 'basic_string<char, char_traits<char>, allocator<char> >') to 'const std::__1::error_condition' for 1st argument
operator==(const error_condition& __x, const error_code& __y) _NOEXCEPT
^
/Library/Developer/CommandLineTools/usr/bin/../include/c++/v1/system_error:412:1: note: candidate function not viable: no known conversion from 'std::__1::string' (aka 'basic_string<char, char_traits<char>, allocator<char> >') to 'const std::__1::error_condition' for 1st argument
operator==(const error_condition& __x, const error_condition& __y) _NOEXCEPT
^
/Library/Developer/CommandLineTools/usr/bin/../include/c++/v1/utility:579:1: note: candidate template ignored: could not match 'pair' against 'basic_string'
operator==(const pair<_T1,_T2>& __x, const pair<_T1,_T2>& __y)
^
/Library/Developer/CommandLineTools/usr/bin/../include/c++/v1/iterator:723:1: note: candidate template ignored: could not match 'reverse_iterator' against 'basic_string'
operator==(const reverse_iterator<_Iter1>& __x, const reverse_iterator<_Iter2>& __y)
^
/Library/Developer/CommandLineTools/usr/bin/../include/c++/v1/iterator:952:1: note: candidate template ignored: could not match 'istream_iterator' against 'basic_string'
operator==(const istream_iterator<_Tp, _CharT, _Traits, _Distance>& __x,
^
/Library/Developer/CommandLineTools/usr/bin/../include/c++/v1/iterator:1056:6: note: candidate template ignored: could not match 'istreambuf_iterator' against 'basic_string'
bool operator==(const istreambuf_iterator<_CharT,_Traits>& __a,
     ^
/Library/Developer/CommandLineTools/usr/bin/../include/c++/v1/iterator:1159:1: note: candidate template ignored: could not match 'move_iterator' against 'basic_string'
operator==(const move_iterator<_Iter1>& __x, const move_iterator<_Iter2>& __y)
^
/Library/Developer/CommandLineTools/usr/bin/../include/c++/v1/iterator:1531:1: note: candidate template ignored: could not match '__wrap_iter' against 'basic_string'
operator==(const __wrap_iter<_Iter1>& __x, const __wrap_iter<_Iter2>& __y) _NOEXCEPT
^
/Library/Developer/CommandLineTools/usr/bin/../include/c++/v1/memory:1986:6: note: candidate template ignored: could not match 'allocator' against 'basic_string'
bool operator==(const allocator<_Tp>&, const allocator<_Up>&) _NOEXCEPT {return true;}
     ^
/Library/Developer/CommandLineTools/usr/bin/../include/c++/v1/memory:2963:1: note: candidate template ignored: could not match 'unique_ptr' against 'basic_string'
operator==(const unique_ptr<_T1, _D1>& __x, const unique_ptr<_T2, _D2>& __y) {return __x.get() == __y.get();}
^
/Library/Developer/CommandLineTools/usr/bin/../include/c++/v1/memory:2999:1: note: candidate template ignored: could not match 'unique_ptr' against 'basic_string'
operator==(const unique_ptr<_T1, _D1>& __x, nullptr_t) _NOEXCEPT
^
/Library/Developer/CommandLineTools/usr/bin/../include/c++/v1/memory:3007:1: note: candidate template ignored: could not match 'unique_ptr<type-parameter-0-0, type-parameter-0-1>' against 'char'
operator==(nullptr_t, const unique_ptr<_T1, _D1>& __x) _NOEXCEPT
^
/Library/Developer/CommandLineTools/usr/bin/../include/c++/v1/memory:4795:1: note: candidate template ignored: could not match 'shared_ptr' against 'basic_string'
operator==(const shared_ptr<_Tp>& __x, const shared_ptr<_Up>& __y) _NOEXCEPT
^
/Library/Developer/CommandLineTools/usr/bin/../include/c++/v1/memory:4849:1: note: candidate template ignored: could not match 'shared_ptr' against 'basic_string'
operator==(const shared_ptr<_Tp>& __x, nullptr_t) _NOEXCEPT
^
/Library/Developer/CommandLineTools/usr/bin/../include/c++/v1/memory:4857:1: note: candidate template ignored: could not match 'shared_ptr<type-parameter-0-0>' against 'char'
operator==(nullptr_t, const shared_ptr<_Tp>& __x) _NOEXCEPT
^
/Library/Developer/CommandLineTools/usr/bin/../include/c++/v1/__functional_03:1568:1: note: candidate template ignored: could not match 'function' against 'basic_string'
operator==(const function<_Fp>& __f, nullptr_t) {return !__f;}
^
/Library/Developer/CommandLineTools/usr/bin/../include/c++/v1/__functional_03:1573:1: note: candidate template ignored: could not match 'function<type-parameter-0-0>' against 'char'
operator==(nullptr_t, const function<_Fp>& __f) {return !__f;}
^
/Library/Developer/CommandLineTools/usr/bin/../include/c++/v1/string_view:613:6: note: candidate template ignored: could not match 'basic_string_view' against 'basic_string'
bool operator==(basic_string_view<_CharT, _Traits> __lhs,
     ^
/Library/Developer/CommandLineTools/usr/bin/../include/c++/v1/string_view:622:6: note: candidate template ignored: could not match 'basic_string_view' against 'basic_string'
bool operator==(basic_string_view<_CharT, _Traits> __lhs,
     ^
/Library/Developer/CommandLineTools/usr/bin/../include/c++/v1/string_view:631:6: note: candidate template ignored: could not match 'basic_string_view<type-parameter-0-0, type-parameter-0-1>' against 'char'
bool operator==(typename common_type<basic_string_view<_CharT, _Traits> >::type __lhs,
     ^
/Library/Developer/CommandLineTools/usr/bin/../include/c++/v1/string:563:6: note: candidate template ignored: could not match 'fpos' against 'basic_string'
bool operator==(const fpos<_StateT>& __x, const fpos<_StateT>& __y)
     ^
/Library/Developer/CommandLineTools/usr/bin/../include/c++/v1/string:3834:1: note: candidate template ignored: could not match 'basic_string<type-parameter-0-0, type-parameter-0-1, type-parameter-0-2>' against 'char'
operator==(const basic_string<_CharT, _Traits, _Allocator>& __lhs,
^
/Library/Developer/CommandLineTools/usr/bin/../include/c++/v1/string:3846:1: note: candidate template ignored: could not match 'basic_string<char, std::__1::char_traits<char>, type-parameter-0-0>' against 'char'
operator==(const basic_string<char, char_traits<char>, _Allocator>& __lhs,
^
/Library/Developer/CommandLineTools/usr/bin/../include/c++/v1/string:3865:1: note: candidate template ignored: could not match 'const _CharT *' against 'std::__1::string' (aka 'basic_string<char, char_traits<char>, allocator<char> >')
operator==(const _CharT* __lhs,
^
/Library/Developer/CommandLineTools/usr/bin/../include/c++/v1/string:3878:1: note: candidate template ignored: could not match 'const _CharT *' against 'char'
operator==(const basic_string<_CharT,_Traits,_Allocator>& __lhs,
^
/Library/Developer/CommandLineTools/usr/bin/../include/c++/v1/complex:748:1: note: candidate template ignored: could not match 'complex' against 'basic_string'
operator==(const complex<_Tp>& __x, const complex<_Tp>& __y)
^
/Library/Developer/CommandLineTools/usr/bin/../include/c++/v1/complex:756:1: note: candidate template ignored: could not match 'complex' against 'basic_string'
operator==(const complex<_Tp>& __x, const _Tp& __y)
^
/Library/Developer/CommandLineTools/usr/bin/../include/c++/v1/complex:764:1: note: candidate template ignored: could not match 'complex<type-parameter-0-0>' against 'char'
operator==(const _Tp& __x, const complex<_Tp>& __y)
^
/Library/Developer/CommandLineTools/usr/bin/../include/c++/v1/deque:2880:1: note: candidate template ignored: could not match 'deque' against 'basic_string'
operator==(const deque<_Tp, _Allocator>& __x, const deque<_Tp, _Allocator>& __y)
^
/Library/Developer/CommandLineTools/usr/bin/../include/c++/v1/stack:256:1: note: candidate template ignored: could not match 'stack' against 'basic_string'
operator==(const stack<_Tp, _Container>& __x, const stack<_Tp, _Container>& __y)
^
/Library/Developer/CommandLineTools/usr/bin/../include/c++/v1/list:2414:1: note: candidate template ignored: could not match 'list' against 'basic_string'
operator==(const list<_Tp, _Alloc>& __x, const list<_Tp, _Alloc>& __y)
^
/Library/Developer/CommandLineTools/usr/bin/../include/c++/v1/map:1562:1: note: candidate template ignored: could not match 'map' against 'basic_string'
operator==(const map<_Key, _Tp, _Compare, _Allocator>& __x,
^
/Library/Developer/CommandLineTools/usr/bin/../include/c++/v1/map:2111:1: note: candidate template ignored: could not match 'multimap' against 'basic_string'
operator==(const multimap<_Key, _Tp, _Compare, _Allocator>& __x,
^
/Library/Developer/CommandLineTools/usr/bin/../include/c++/v1/vector:3360:1: note: candidate template ignored: could not match 'vector' against 'basic_string'
operator==(const vector<_Tp, _Allocator>& __x, const vector<_Tp, _Allocator>& __y)
^
/Library/Developer/CommandLineTools/usr/bin/../include/c++/v1/queue:362:1: note: candidate template ignored: could not match 'queue' against 'basic_string'
operator==(const queue<_Tp, _Container>& __x,const queue<_Tp, _Container>& __y)
^
/Library/Developer/CommandLineTools/usr/bin/../include/c++/v1/set:890:1: note: candidate template ignored: could not match 'set' against 'basic_string'
operator==(const set<_Key, _Compare, _Allocator>& __x,
^
/Library/Developer/CommandLineTools/usr/bin/../include/c++/v1/set:1410:1: note: candidate template ignored: could not match 'multiset' against 'basic_string'
operator==(const multiset<_Key, _Compare, _Allocator>& __x,
^
/Library/Developer/CommandLineTools/usr/bin/../include/c++/v1/valarray:4349:1: note: candidate template ignored: requirement '__is_val_expr<std::__1::basic_string<char> >::value' was not satisfied [with _Expr1 = std::__1::basic_string<char>, _Expr2 = char]
operator==(const _Expr1& __x, const _Expr2& __y)
^
/Library/Developer/CommandLineTools/usr/bin/../include/c++/v1/valarray:4364:1: note: candidate template ignored: requirement '__is_val_expr<std::__1::basic_string<char> >::value' was not satisfied [with _Expr = std::__1::basic_string<char>]
operator==(const _Expr& __x, const typename _Expr::value_type& __y)
^
/Library/Developer/CommandLineTools/usr/bin/../include/c++/v1/valarray:4380:1: note: candidate template ignored: substitution failure [with _Expr = char]: type 'char' cannot be used prior to '::' because it has no members
operator==(const typename _Expr::value_type& __x, const _Expr& __y)
^
../src/1Template.cpp:28:43: error: 'break' statement not in loop or switch statement
        if (ch.size()%2) { cout << "-1" << endl; break; }
                                                 ^
5 errors generated.
make: *** [src/1Template.o] Error 1
"make all" terminated with exit code 2. Build might be incomplete.
09:16:19 **** Incremental Build of configuration Debug for project 1Template ****
make all 
Building file: ../src/1Template.cpp
Invoking: GCC C++ Compiler
g++ -O0 -g3 -Wall -c -fmessage-length=0 -MMD -MP -MF"src/1Template.d" -MT"src/1Template.o" -o "src/1Template.o" "../src/1Template.cpp"
../src/1Template.cpp:25:8: error: invalid operands to binary expression ('std::__1::string' (aka 'basic_string<char, char_traits<char>, allocator<char> >') and 'char')
                if (s=='0' && t=='1') ch1.push_back(1);
                    ~^ ~~~
/Library/Developer/CommandLineTools/usr/bin/../include/c++/v1/system_error:390:1: note: candidate function not viable: no known conversion from 'std::__1::string' (aka 'basic_string<char, char_traits<char>, allocator<char> >') to 'const std::__1::error_code' for 1st argument
operator==(const error_code& __x, const error_code& __y) _NOEXCEPT
^
/Library/Developer/CommandLineTools/usr/bin/../include/c++/v1/system_error:397:1: note: candidate function not viable: no known conversion from 'std::__1::string' (aka 'basic_string<char, char_traits<char>, allocator<char> >') to 'const std::__1::error_code' for 1st argument
operator==(const error_code& __x, const error_condition& __y) _NOEXCEPT
^
/Library/Developer/CommandLineTools/usr/bin/../include/c++/v1/system_error:405:1: note: candidate function not viable: no known conversion from 'std::__1::string' (aka 'basic_string<char, char_traits<char>, allocator<char> >') to 'const std::__1::error_condition' for 1st argument
operator==(const error_condition& __x, const error_code& __y) _NOEXCEPT
^
/Library/Developer/CommandLineTools/usr/bin/../include/c++/v1/system_error:412:1: note: candidate function not viable: no known conversion from 'std::__1::string' (aka 'basic_string<char, char_traits<char>, allocator<char> >') to 'const std::__1::error_condition' for 1st argument
operator==(const error_condition& __x, const error_condition& __y) _NOEXCEPT
^
/Library/Developer/CommandLineTools/usr/bin/../include/c++/v1/utility:579:1: note: candidate template ignored: could not match 'pair' against 'basic_string'
operator==(const pair<_T1,_T2>& __x, const pair<_T1,_T2>& __y)
^
/Library/Developer/CommandLineTools/usr/bin/../include/c++/v1/iterator:723:1: note: candidate template ignored: could not match 'reverse_iterator' against 'basic_string'
operator==(const reverse_iterator<_Iter1>& __x, const reverse_iterator<_Iter2>& __y)
^
/Library/Developer/CommandLineTools/usr/bin/../include/c++/v1/iterator:952:1: note: candidate template ignored: could not match 'istream_iterator' against 'basic_string'
operator==(const istream_iterator<_Tp, _CharT, _Traits, _Distance>& __x,
^
/Library/Developer/CommandLineTools/usr/bin/../include/c++/v1/iterator:1056:6: note: candidate template ignored: could not match 'istreambuf_iterator' against 'basic_string'
bool operator==(const istreambuf_iterator<_CharT,_Traits>& __a,
     ^
/Library/Developer/CommandLineTools/usr/bin/../include/c++/v1/iterator:1159:1: note: candidate template ignored: could not match 'move_iterator' against 'basic_string'
operator==(const move_iterator<_Iter1>& __x, const move_iterator<_Iter2>& __y)
^
/Library/Developer/CommandLineTools/usr/bin/../include/c++/v1/iterator:1531:1: note: candidate template ignored: could not match '__wrap_iter' against 'basic_string'
operator==(const __wrap_iter<_Iter1>& __x, const __wrap_iter<_Iter2>& __y) _NOEXCEPT
^
/Library/Developer/CommandLineTools/usr/bin/../include/c++/v1/memory:1986:6: note: candidate template ignored: could not match 'allocator' against 'basic_string'
bool operator==(const allocator<_Tp>&, const allocator<_Up>&) _NOEXCEPT {return true;}
     ^
/Library/Developer/CommandLineTools/usr/bin/../include/c++/v1/memory:2963:1: note: candidate template ignored: could not match 'unique_ptr' against 'basic_string'
operator==(const unique_ptr<_T1, _D1>& __x, const unique_ptr<_T2, _D2>& __y) {return __x.get() == __y.get();}
^
/Library/Developer/CommandLineTools/usr/bin/../include/c++/v1/memory:2999:1: note: candidate template ignored: could not match 'unique_ptr' against 'basic_string'
operator==(const unique_ptr<_T1, _D1>& __x, nullptr_t) _NOEXCEPT
^
/Library/Developer/CommandLineTools/usr/bin/../include/c++/v1/memory:3007:1: note: candidate template ignored: could not match 'unique_ptr<type-parameter-0-0, type-parameter-0-1>' against 'char'
operator==(nullptr_t, const unique_ptr<_T1, _D1>& __x) _NOEXCEPT
^
/Library/Developer/CommandLineTools/usr/bin/../include/c++/v1/memory:4795:1: note: candidate template ignored: could not match 'shared_ptr' against 'basic_string'
operator==(const shared_ptr<_Tp>& __x, const shared_ptr<_Up>& __y) _NOEXCEPT
^
/Library/Developer/CommandLineTools/usr/bin/../include/c++/v1/memory:4849:1: note: candidate template ignored: could not match 'shared_ptr' against 'basic_string'
operator==(const shared_ptr<_Tp>& __x, nullptr_t) _NOEXCEPT
^
/Library/Developer/CommandLineTools/usr/bin/../include/c++/v1/memory:4857:1: note: candidate template ignored: could not match 'shared_ptr<type-parameter-0-0>' against 'char'
operator==(nullptr_t, const shared_ptr<_Tp>& __x) _NOEXCEPT
^
/Library/Developer/CommandLineTools/usr/bin/../include/c++/v1/__functional_03:1568:1: note: candidate template ignored: could not match 'function' against 'basic_string'
operator==(const function<_Fp>& __f, nullptr_t) {return !__f;}
^
/Library/Developer/CommandLineTools/usr/bin/../include/c++/v1/__functional_03:1573:1: note: candidate template ignored: could not match 'function<type-parameter-0-0>' against 'char'
operator==(nullptr_t, const function<_Fp>& __f) {return !__f;}
^
/Library/Developer/CommandLineTools/usr/bin/../include/c++/v1/string_view:613:6: note: candidate template ignored: could not match 'basic_string_view' against 'basic_string'
bool operator==(basic_string_view<_CharT, _Traits> __lhs,
     ^
/Library/Developer/CommandLineTools/usr/bin/../include/c++/v1/string_view:622:6: note: candidate template ignored: could not match 'basic_string_view' against 'basic_string'
bool operator==(basic_string_view<_CharT, _Traits> __lhs,
     ^
/Library/Developer/CommandLineTools/usr/bin/../include/c++/v1/string_view:631:6: note: candidate template ignored: could not match 'basic_string_view<type-parameter-0-0, type-parameter-0-1>' against 'char'
bool operator==(typename common_type<basic_string_view<_CharT, _Traits> >::type __lhs,
     ^
/Library/Developer/CommandLineTools/usr/bin/../include/c++/v1/string:563:6: note: candidate template ignored: could not match 'fpos' against 'basic_string'
bool operator==(const fpos<_StateT>& __x, const fpos<_StateT>& __y)
     ^
/Library/Developer/CommandLineTools/usr/bin/../include/c++/v1/string:3834:1: note: candidate template ignored: could not match 'basic_string<type-parameter-0-0, type-parameter-0-1, type-parameter-0-2>' against 'char'
operator==(const basic_string<_CharT, _Traits, _Allocator>& __lhs,
^
/Library/Developer/CommandLineTools/usr/bin/../include/c++/v1/string:3846:1: note: candidate template ignored: could not match 'basic_string<char, std::__1::char_traits<char>, type-parameter-0-0>' against 'char'
operator==(const basic_string<char, char_traits<char>, _Allocator>& __lhs,
^
/Library/Developer/CommandLineTools/usr/bin/../include/c++/v1/string:3865:1: note: candidate template ignored: could not match 'const _CharT *' against 'std::__1::string' (aka 'basic_string<char, char_traits<char>, allocator<char> >')
operator==(const _CharT* __lhs,
^
/Library/Developer/CommandLineTools/usr/bin/../include/c++/v1/string:3878:1: note: candidate template ignored: could not match 'const _CharT *' against 'char'
operator==(const basic_string<_CharT,_Traits,_Allocator>& __lhs,
^
/Library/Developer/CommandLineTools/usr/bin/../include/c++/v1/complex:748:1: note: candidate template ignored: could not match 'complex' against 'basic_string'
operator==(const complex<_Tp>& __x, const complex<_Tp>& __y)
^
/Library/Developer/CommandLineTools/usr/bin/../include/c++/v1/complex:756:1: note: candidate template ignored: could not match 'complex' against 'basic_string'
operator==(const complex<_Tp>& __x, const _Tp& __y)
^
/Library/Developer/CommandLineTools/usr/bin/../include/c++/v1/complex:764:1: note: candidate template ignored: could not match 'complex<type-parameter-0-0>' against 'char'
operator==(const _Tp& __x, const complex<_Tp>& __y)
^
/Library/Developer/CommandLineTools/usr/bin/../include/c++/v1/deque:2880:1: note: candidate template ignored: could not match 'deque' against 'basic_string'
operator==(const deque<_Tp, _Allocator>& __x, const deque<_Tp, _Allocator>& __y)
^
/Library/Developer/CommandLineTools/usr/bin/../include/c++/v1/stack:256:1: note: candidate template ignored: could not match 'stack' against 'basic_string'
operator==(const stack<_Tp, _Container>& __x, const stack<_Tp, _Container>& __y)
^
/Library/Developer/CommandLineTools/usr/bin/../include/c++/v1/list:2414:1: note: candidate template ignored: could not match 'list' against 'basic_string'
operator==(const list<_Tp, _Alloc>& __x, const list<_Tp, _Alloc>& __y)
^
/Library/Developer/CommandLineTools/usr/bin/../include/c++/v1/map:1562:1: note: candidate template ignored: could not match 'map' against 'basic_string'
operator==(const map<_Key, _Tp, _Compare, _Allocator>& __x,
^
/Library/Developer/CommandLineTools/usr/bin/../include/c++/v1/map:2111:1: note: candidate template ignored: could not match 'multimap' against 'basic_string'
operator==(const multimap<_Key, _Tp, _Compare, _Allocator>& __x,
^
/Library/Developer/CommandLineTools/usr/bin/../include/c++/v1/vector:3360:1: note: candidate template ignored: could not match 'vector' against 'basic_string'
operator==(const vector<_Tp, _Allocator>& __x, const vector<_Tp, _Allocator>& __y)
^
/Library/Developer/CommandLineTools/usr/bin/../include/c++/v1/queue:362:1: note: candidate template ignored: could not match 'queue' against 'basic_string'
operator==(const queue<_Tp, _Container>& __x,const queue<_Tp, _Container>& __y)
^
/Library/Developer/CommandLineTools/usr/bin/../include/c++/v1/set:890:1: note: candidate template ignored: could not match 'set' against 'basic_string'
operator==(const set<_Key, _Compare, _Allocator>& __x,
^
/Library/Developer/CommandLineTools/usr/bin/../include/c++/v1/set:1410:1: note: candidate template ignored: could not match 'multiset' against 'basic_string'
operator==(const multiset<_Key, _Compare, _Allocator>& __x,
^
/Library/Developer/CommandLineTools/usr/bin/../include/c++/v1/valarray:4349:1: note: candidate template ignored: requirement '__is_val_expr<std::__1::basic_string<char> >::value' was not satisfied [with _Expr1 = std::__1::basic_string<char>, _Expr2 = char]
operator==(const _Expr1& __x, const _Expr2& __y)
^
/Library/Developer/CommandLineTools/usr/bin/../include/c++/v1/valarray:4364:1: note: candidate template ignored: requirement '__is_val_expr<std::__1::basic_string<char> >::value' was not satisfied [with _Expr = std::__1::basic_string<char>]
operator==(const _Expr& __x, const typename _Expr::value_type& __y)
^
/Library/Developer/CommandLineTools/usr/bin/../include/c++/v1/valarray:4380:1: note: candidate template ignored: substitution failure [with _Expr = char]: type 'char' cannot be used prior to '::' because it has no members
operator==(const typename _Expr::value_type& __x, const _Expr& __y)
^
../src/1Template.cpp:25:18: error: invalid operands to binary expression ('std::__1::string' (aka 'basic_string<char, char_traits<char>, allocator<char> >') and 'char')
                if (s=='0' && t=='1') ch1.push_back(1);
                              ~^ ~~~
/Library/Developer/CommandLineTools/usr/bin/../include/c++/v1/system_error:390:1: note: candidate function not viable: no known conversion from 'std::__1::string' (aka 'basic_string<char, char_traits<char>, allocator<char> >') to 'const std::__1::error_code' for 1st argument
operator==(const error_code& __x, const error_code& __y) _NOEXCEPT
^
/Library/Developer/CommandLineTools/usr/bin/../include/c++/v1/system_error:397:1: note: candidate function not viable: no known conversion from 'std::__1::string' (aka 'basic_string<char, char_traits<char>, allocator<char> >') to 'const std::__1::error_code' for 1st argument
operator==(const error_code& __x, const error_condition& __y) _NOEXCEPT
^
/Library/Developer/CommandLineTools/usr/bin/../include/c++/v1/system_error:405:1: note: candidate function not viable: no known conversion from 'std::__1::string' (aka 'basic_string<char, char_traits<char>, allocator<char> >') to 'const std::__1::error_condition' for 1st argument
operator==(const error_condition& __x, const error_code& __y) _NOEXCEPT
^
/Library/Developer/CommandLineTools/usr/bin/../include/c++/v1/system_error:412:1: note: candidate function not viable: no known conversion from 'std::__1::string' (aka 'basic_string<char, char_traits<char>, allocator<char> >') to 'const std::__1::error_condition' for 1st argument
operator==(const error_condition& __x, const error_condition& __y) _NOEXCEPT
^
/Library/Developer/CommandLineTools/usr/bin/../include/c++/v1/utility:579:1: note: candidate template ignored: could not match 'pair' against 'basic_string'
operator==(const pair<_T1,_T2>& __x, const pair<_T1,_T2>& __y)
^
/Library/Developer/CommandLineTools/usr/bin/../include/c++/v1/iterator:723:1: note: candidate template ignored: could not match 'reverse_iterator' against 'basic_string'
operator==(const reverse_iterator<_Iter1>& __x, const reverse_iterator<_Iter2>& __y)
^
/Library/Developer/CommandLineTools/usr/bin/../include/c++/v1/iterator:952:1: note: candidate template ignored: could not match 'istream_iterator' against 'basic_string'
operator==(const istream_iterator<_Tp, _CharT, _Traits, _Distance>& __x,
^
/Library/Developer/CommandLineTools/usr/bin/../include/c++/v1/iterator:1056:6: note: candidate template ignored: could not match 'istreambuf_iterator' against 'basic_string'
bool operator==(const istreambuf_iterator<_CharT,_Traits>& __a,
     ^
/Library/Developer/CommandLineTools/usr/bin/../include/c++/v1/iterator:1159:1: note: candidate template ignored: could not match 'move_iterator' against 'basic_string'
operator==(const move_iterator<_Iter1>& __x, const move_iterator<_Iter2>& __y)
^
/Library/Developer/CommandLineTools/usr/bin/../include/c++/v1/iterator:1531:1: note: candidate template ignored: could not match '__wrap_iter' against 'basic_string'
operator==(const __wrap_iter<_Iter1>& __x, const __wrap_iter<_Iter2>& __y) _NOEXCEPT
^
/Library/Developer/CommandLineTools/usr/bin/../include/c++/v1/memory:1986:6: note: candidate template ignored: could not match 'allocator' against 'basic_string'
bool operator==(const allocator<_Tp>&, const allocator<_Up>&) _NOEXCEPT {return true;}
     ^
/Library/Developer/CommandLineTools/usr/bin/../include/c++/v1/memory:2963:1: note: candidate template ignored: could not match 'unique_ptr' against 'basic_string'
operator==(const unique_ptr<_T1, _D1>& __x, const unique_ptr<_T2, _D2>& __y) {return __x.get() == __y.get();}
^
/Library/Developer/CommandLineTools/usr/bin/../include/c++/v1/memory:2999:1: note: candidate template ignored: could not match 'unique_ptr' against 'basic_string'
operator==(const unique_ptr<_T1, _D1>& __x, nullptr_t) _NOEXCEPT
^
/Library/Developer/CommandLineTools/usr/bin/../include/c++/v1/memory:3007:1: note: candidate template ignored: could not match 'unique_ptr<type-parameter-0-0, type-parameter-0-1>' against 'char'
operator==(nullptr_t, const unique_ptr<_T1, _D1>& __x) _NOEXCEPT
^
/Library/Developer/CommandLineTools/usr/bin/../include/c++/v1/memory:4795:1: note: candidate template ignored: could not match 'shared_ptr' against 'basic_string'
operator==(const shared_ptr<_Tp>& __x, const shared_ptr<_Up>& __y) _NOEXCEPT
^
/Library/Developer/CommandLineTools/usr/bin/../include/c++/v1/memory:4849:1: note: candidate template ignored: could not match 'shared_ptr' against 'basic_string'
operator==(const shared_ptr<_Tp>& __x, nullptr_t) _NOEXCEPT
^
/Library/Developer/CommandLineTools/usr/bin/../include/c++/v1/memory:4857:1: note: candidate template ignored: could not match 'shared_ptr<type-parameter-0-0>' against 'char'
operator==(nullptr_t, const shared_ptr<_Tp>& __x) _NOEXCEPT
^
/Library/Developer/CommandLineTools/usr/bin/../include/c++/v1/__functional_03:1568:1: note: candidate template ignored: could not match 'function' against 'basic_string'
operator==(const function<_Fp>& __f, nullptr_t) {return !__f;}
^
/Library/Developer/CommandLineTools/usr/bin/../include/c++/v1/__functional_03:1573:1: note: candidate template ignored: could not match 'function<type-parameter-0-0>' against 'char'
operator==(nullptr_t, const function<_Fp>& __f) {return !__f;}
^
/Library/Developer/CommandLineTools/usr/bin/../include/c++/v1/string_view:613:6: note: candidate template ignored: could not match 'basic_string_view' against 'basic_string'
bool operator==(basic_string_view<_CharT, _Traits> __lhs,
     ^
/Library/Developer/CommandLineTools/usr/bin/../include/c++/v1/string_view:622:6: note: candidate template ignored: could not match 'basic_string_view' against 'basic_string'
bool operator==(basic_string_view<_CharT, _Traits> __lhs,
     ^
/Library/Developer/CommandLineTools/usr/bin/../include/c++/v1/string_view:631:6: note: candidate template ignored: could not match 'basic_string_view<type-parameter-0-0, type-parameter-0-1>' against 'char'
bool operator==(typename common_type<basic_string_view<_CharT, _Traits> >::type __lhs,
     ^
/Library/Developer/CommandLineTools/usr/bin/../include/c++/v1/string:563:6: note: candidate template ignored: could not match 'fpos' against 'basic_string'
bool operator==(const fpos<_StateT>& __x, const fpos<_StateT>& __y)
     ^
/Library/Developer/CommandLineTools/usr/bin/../include/c++/v1/string:3834:1: note: candidate template ignored: could not match 'basic_string<type-parameter-0-0, type-parameter-0-1, type-parameter-0-2>' against 'char'
operator==(const basic_string<_CharT, _Traits, _Allocator>& __lhs,
^
/Library/Developer/CommandLineTools/usr/bin/../include/c++/v1/string:3846:1: note: candidate template ignored: could not match 'basic_string<char, std::__1::char_traits<char>, type-parameter-0-0>' against 'char'
operator==(const basic_string<char, char_traits<char>, _Allocator>& __lhs,
^
/Library/Developer/CommandLineTools/usr/bin/../include/c++/v1/string:3865:1: note: candidate template ignored: could not match 'const _CharT *' against 'std::__1::string' (aka 'basic_string<char, char_traits<char>, allocator<char> >')
operator==(const _CharT* __lhs,
^
/Library/Developer/CommandLineTools/usr/bin/../include/c++/v1/string:3878:1: note: candidate template ignored: could not match 'const _CharT *' against 'char'
operator==(const basic_string<_CharT,_Traits,_Allocator>& __lhs,
^
/Library/Developer/CommandLineTools/usr/bin/../include/c++/v1/complex:748:1: note: candidate template ignored: could not match 'complex' against 'basic_string'
operator==(const complex<_Tp>& __x, const complex<_Tp>& __y)
^
/Library/Developer/CommandLineTools/usr/bin/../include/c++/v1/complex:756:1: note: candidate template ignored: could not match 'complex' against 'basic_string'
operator==(const complex<_Tp>& __x, const _Tp& __y)
^
/Library/Developer/CommandLineTools/usr/bin/../include/c++/v1/complex:764:1: note: candidate template ignored: could not match 'complex<type-parameter-0-0>' against 'char'
operator==(const _Tp& __x, const complex<_Tp>& __y)
^
/Library/Developer/CommandLineTools/usr/bin/../include/c++/v1/deque:2880:1: note: candidate template ignored: could not match 'deque' against 'basic_string'
operator==(const deque<_Tp, _Allocator>& __x, const deque<_Tp, _Allocator>& __y)
^
/Library/Developer/CommandLineTools/usr/bin/../include/c++/v1/stack:256:1: note: candidate template ignored: could not match 'stack' against 'basic_string'
operator==(const stack<_Tp, _Container>& __x, const stack<_Tp, _Container>& __y)
^
/Library/Developer/CommandLineTools/usr/bin/../include/c++/v1/list:2414:1: note: candidate template ignored: could not match 'list' against 'basic_string'
operator==(const list<_Tp, _Alloc>& __x, const list<_Tp, _Alloc>& __y)
^
/Library/Developer/CommandLineTools/usr/bin/../include/c++/v1/map:1562:1: note: candidate template ignored: could not match 'map' against 'basic_string'
operator==(const map<_Key, _Tp, _Compare, _Allocator>& __x,
^
/Library/Developer/CommandLineTools/usr/bin/../include/c++/v1/map:2111:1: note: candidate template ignored: could not match 'multimap' against 'basic_string'
operator==(const multimap<_Key, _Tp, _Compare, _Allocator>& __x,
^
/Library/Developer/CommandLineTools/usr/bin/../include/c++/v1/vector:3360:1: note: candidate template ignored: could not match 'vector' against 'basic_string'
operator==(const vector<_Tp, _Allocator>& __x, const vector<_Tp, _Allocator>& __y)
^
/Library/Developer/CommandLineTools/usr/bin/../include/c++/v1/queue:362:1: note: candidate template ignored: could not match 'queue' against 'basic_string'
operator==(const queue<_Tp, _Container>& __x,const queue<_Tp, _Container>& __y)
^
/Library/Developer/CommandLineTools/usr/bin/../include/c++/v1/set:890:1: note: candidate template ignored: could not match 'set' against 'basic_string'
operator==(const set<_Key, _Compare, _Allocator>& __x,
^
/Library/Developer/CommandLineTools/usr/bin/../include/c++/v1/set:1410:1: note: candidate template ignored: could not match 'multiset' against 'basic_string'
operator==(const multiset<_Key, _Compare, _Allocator>& __x,
^
/Library/Developer/CommandLineTools/usr/bin/../include/c++/v1/valarray:4349:1: note: candidate template ignored: requirement '__is_val_expr<std::__1::basic_string<char> >::value' was not satisfied [with _Expr1 = std::__1::basic_string<char>, _Expr2 = char]
operator==(const _Expr1& __x, const _Expr2& __y)
^
/Library/Developer/CommandLineTools/usr/bin/../include/c++/v1/valarray:4364:1: note: candidate template ignored: requirement '__is_val_expr<std::__1::basic_string<char> >::value' was not satisfied [with _Expr = std::__1::basic_string<char>]
operator==(const _Expr& __x, const typename _Expr::value_type& __y)
^
/Library/Developer/CommandLineTools/usr/bin/../include/c++/v1/valarray:4380:1: note: candidate template ignored: substitution failure [with _Expr = char]: type 'char' cannot be used prior to '::' because it has no members
operator==(const typename _Expr::value_type& __x, const _Expr& __y)
^
../src/1Template.cpp:26:8: error: invalid operands to binary expression ('std::__1::string' (aka 'basic_string<char, char_traits<char>, allocator<char> >') and 'char')
                if (s=='1' && t=='0') ch1.push_back(2);
                    ~^ ~~~
/Library/Developer/CommandLineTools/usr/bin/../include/c++/v1/system_error:390:1: note: candidate function not viable: no known conversion from 'std::__1::string' (aka 'basic_string<char, char_traits<char>, allocator<char> >') to 'const std::__1::error_code' for 1st argument
operator==(const error_code& __x, const error_code& __y) _NOEXCEPT
^
/Library/Developer/CommandLineTools/usr/bin/../include/c++/v1/system_error:397:1: note: candidate function not viable: no known conversion from 'std::__1::string' (aka 'basic_string<char, char_traits<char>, allocator<char> >') to 'const std::__1::error_code' for 1st argument
operator==(const error_code& __x, const error_condition& __y) _NOEXCEPT
^
/Library/Developer/CommandLineTools/usr/bin/../include/c++/v1/system_error:405:1: note: candidate function not viable: no known conversion from 'std::__1::string' (aka 'basic_string<char, char_traits<char>, allocator<char> >') to 'const std::__1::error_condition' for 1st argument
operator==(const error_condition& __x, const error_code& __y) _NOEXCEPT
^
/Library/Developer/CommandLineTools/usr/bin/../include/c++/v1/system_error:412:1: note: candidate function not viable: no known conversion from 'std::__1::string' (aka 'basic_string<char, char_traits<char>, allocator<char> >') to 'const std::__1::error_condition' for 1st argument
operator==(const error_condition& __x, const error_condition& __y) _NOEXCEPT
^
/Library/Developer/CommandLineTools/usr/bin/../include/c++/v1/utility:579:1: note: candidate template ignored: could not match 'pair' against 'basic_string'
operator==(const pair<_T1,_T2>& __x, const pair<_T1,_T2>& __y)
^
/Library/Developer/CommandLineTools/usr/bin/../include/c++/v1/iterator:723:1: note: candidate template ignored: could not match 'reverse_iterator' against 'basic_string'
operator==(const reverse_iterator<_Iter1>& __x, const reverse_iterator<_Iter2>& __y)
^
/Library/Developer/CommandLineTools/usr/bin/../include/c++/v1/iterator:952:1: note: candidate template ignored: could not match 'istream_iterator' against 'basic_string'
operator==(const istream_iterator<_Tp, _CharT, _Traits, _Distance>& __x,
^
/Library/Developer/CommandLineTools/usr/bin/../include/c++/v1/iterator:1056:6: note: candidate template ignored: could not match 'istreambuf_iterator' against 'basic_string'
bool operator==(const istreambuf_iterator<_CharT,_Traits>& __a,
     ^
/Library/Developer/CommandLineTools/usr/bin/../include/c++/v1/iterator:1159:1: note: candidate template ignored: could not match 'move_iterator' against 'basic_string'
operator==(const move_iterator<_Iter1>& __x, const move_iterator<_Iter2>& __y)
^
/Library/Developer/CommandLineTools/usr/bin/../include/c++/v1/iterator:1531:1: note: candidate template ignored: could not match '__wrap_iter' against 'basic_string'
operator==(const __wrap_iter<_Iter1>& __x, const __wrap_iter<_Iter2>& __y) _NOEXCEPT
^
/Library/Developer/CommandLineTools/usr/bin/../include/c++/v1/memory:1986:6: note: candidate template ignored: could not match 'allocator' against 'basic_string'
bool operator==(const allocator<_Tp>&, const allocator<_Up>&) _NOEXCEPT {return true;}
     ^
/Library/Developer/CommandLineTools/usr/bin/../include/c++/v1/memory:2963:1: note: candidate template ignored: could not match 'unique_ptr' against 'basic_string'
operator==(const unique_ptr<_T1, _D1>& __x, const unique_ptr<_T2, _D2>& __y) {return __x.get() == __y.get();}
^
/Library/Developer/CommandLineTools/usr/bin/../include/c++/v1/memory:2999:1: note: candidate template ignored: could not match 'unique_ptr' against 'basic_string'
operator==(const unique_ptr<_T1, _D1>& __x, nullptr_t) _NOEXCEPT
^
/Library/Developer/CommandLineTools/usr/bin/../include/c++/v1/memory:3007:1: note: candidate template ignored: could not match 'unique_ptr<type-parameter-0-0, type-parameter-0-1>' against 'char'
operator==(nullptr_t, const unique_ptr<_T1, _D1>& __x) _NOEXCEPT
^
/Library/Developer/CommandLineTools/usr/bin/../include/c++/v1/memory:4795:1: note: candidate template ignored: could not match 'shared_ptr' against 'basic_string'
operator==(const shared_ptr<_Tp>& __x, const shared_ptr<_Up>& __y) _NOEXCEPT
^
/Library/Developer/CommandLineTools/usr/bin/../include/c++/v1/memory:4849:1: note: candidate template ignored: could not match 'shared_ptr' against 'basic_string'
operator==(const shared_ptr<_Tp>& __x, nullptr_t) _NOEXCEPT
^
/Library/Developer/CommandLineTools/usr/bin/../include/c++/v1/memory:4857:1: note: candidate template ignored: could not match 'shared_ptr<type-parameter-0-0>' against 'char'
operator==(nullptr_t, const shared_ptr<_Tp>& __x) _NOEXCEPT
^
/Library/Developer/CommandLineTools/usr/bin/../include/c++/v1/__functional_03:1568:1: note: candidate template ignored: could not match 'function' against 'basic_string'
operator==(const function<_Fp>& __f, nullptr_t) {return !__f;}
^
/Library/Developer/CommandLineTools/usr/bin/../include/c++/v1/__functional_03:1573:1: note: candidate template ignored: could not match 'function<type-parameter-0-0>' against 'char'
operator==(nullptr_t, const function<_Fp>& __f) {return !__f;}
^
/Library/Developer/CommandLineTools/usr/bin/../include/c++/v1/string_view:613:6: note: candidate template ignored: could not match 'basic_string_view' against 'basic_string'
bool operator==(basic_string_view<_CharT, _Traits> __lhs,
     ^
/Library/Developer/CommandLineTools/usr/bin/../include/c++/v1/string_view:622:6: note: candidate template ignored: could not match 'basic_string_view' against 'basic_string'
bool operator==(basic_string_view<_CharT, _Traits> __lhs,
     ^
/Library/Developer/CommandLineTools/usr/bin/../include/c++/v1/string_view:631:6: note: candidate template ignored: could not match 'basic_string_view<type-parameter-0-0, type-parameter-0-1>' against 'char'
bool operator==(typename common_type<basic_string_view<_CharT, _Traits> >::type __lhs,
     ^
/Library/Developer/CommandLineTools/usr/bin/../include/c++/v1/string:563:6: note: candidate template ignored: could not match 'fpos' against 'basic_string'
bool operator==(const fpos<_StateT>& __x, const fpos<_StateT>& __y)
     ^
/Library/Developer/CommandLineTools/usr/bin/../include/c++/v1/string:3834:1: note: candidate template ignored: could not match 'basic_string<type-parameter-0-0, type-parameter-0-1, type-parameter-0-2>' against 'char'
operator==(const basic_string<_CharT, _Traits, _Allocator>& __lhs,
^
/Library/Developer/CommandLineTools/usr/bin/../include/c++/v1/string:3846:1: note: candidate template ignored: could not match 'basic_string<char, std::__1::char_traits<char>, type-parameter-0-0>' against 'char'
operator==(const basic_string<char, char_traits<char>, _Allocator>& __lhs,
^
/Library/Developer/CommandLineTools/usr/bin/../include/c++/v1/string:3865:1: note: candidate template ignored: could not match 'const _CharT *' against 'std::__1::string' (aka 'basic_string<char, char_traits<char>, allocator<char> >')
operator==(const _CharT* __lhs,
^
/Library/Developer/CommandLineTools/usr/bin/../include/c++/v1/string:3878:1: note: candidate template ignored: could not match 'const _CharT *' against 'char'
operator==(const basic_string<_CharT,_Traits,_Allocator>& __lhs,
^
/Library/Developer/CommandLineTools/usr/bin/../include/c++/v1/complex:748:1: note: candidate template ignored: could not match 'complex' against 'basic_string'
operator==(const complex<_Tp>& __x, const complex<_Tp>& __y)
^
/Library/Developer/CommandLineTools/usr/bin/../include/c++/v1/complex:756:1: note: candidate template ignored: could not match 'complex' against 'basic_string'
operator==(const complex<_Tp>& __x, const _Tp& __y)
^
/Library/Developer/CommandLineTools/usr/bin/../include/c++/v1/complex:764:1: note: candidate template ignored: could not match 'complex<type-parameter-0-0>' against 'char'
operator==(const _Tp& __x, const complex<_Tp>& __y)
^
/Library/Developer/CommandLineTools/usr/bin/../include/c++/v1/deque:2880:1: note: candidate template ignored: could not match 'deque' against 'basic_string'
operator==(const deque<_Tp, _Allocator>& __x, const deque<_Tp, _Allocator>& __y)
^
/Library/Developer/CommandLineTools/usr/bin/../include/c++/v1/stack:256:1: note: candidate template ignored: could not match 'stack' against 'basic_string'
operator==(const stack<_Tp, _Container>& __x, const stack<_Tp, _Container>& __y)
^
/Library/Developer/CommandLineTools/usr/bin/../include/c++/v1/list:2414:1: note: candidate template ignored: could not match 'list' against 'basic_string'
operator==(const list<_Tp, _Alloc>& __x, const list<_Tp, _Alloc>& __y)
^
/Library/Developer/CommandLineTools/usr/bin/../include/c++/v1/map:1562:1: note: candidate template ignored: could not match 'map' against 'basic_string'
operator==(const map<_Key, _Tp, _Compare, _Allocator>& __x,
^
/Library/Developer/CommandLineTools/usr/bin/../include/c++/v1/map:2111:1: note: candidate template ignored: could not match 'multimap' against 'basic_string'
operator==(const multimap<_Key, _Tp, _Compare, _Allocator>& __x,
^
/Library/Developer/CommandLineTools/usr/bin/../include/c++/v1/vector:3360:1: note: candidate template ignored: could not match 'vector' against 'basic_string'
operator==(const vector<_Tp, _Allocator>& __x, const vector<_Tp, _Allocator>& __y)
^
/Library/Developer/CommandLineTools/usr/bin/../include/c++/v1/queue:362:1: note: candidate template ignored: could not match 'queue' against 'basic_string'
operator==(const queue<_Tp, _Container>& __x,const queue<_Tp, _Container>& __y)
^
/Library/Developer/CommandLineTools/usr/bin/../include/c++/v1/set:890:1: note: candidate template ignored: could not match 'set' against 'basic_string'
operator==(const set<_Key, _Compare, _Allocator>& __x,
^
/Library/Developer/CommandLineTools/usr/bin/../include/c++/v1/set:1410:1: note: candidate template ignored: could not match 'multiset' against 'basic_string'
operator==(const multiset<_Key, _Compare, _Allocator>& __x,
^
/Library/Developer/CommandLineTools/usr/bin/../include/c++/v1/valarray:4349:1: note: candidate template ignored: requirement '__is_val_expr<std::__1::basic_string<char> >::value' was not satisfied [with _Expr1 = std::__1::basic_string<char>, _Expr2 = char]
operator==(const _Expr1& __x, const _Expr2& __y)
^
/Library/Developer/CommandLineTools/usr/bin/../include/c++/v1/valarray:4364:1: note: candidate template ignored: requirement '__is_val_expr<std::__1::basic_string<char> >::value' was not satisfied [with _Expr = std::__1::basic_string<char>]
operator==(const _Expr& __x, const typename _Expr::value_type& __y)
^
/Library/Developer/CommandLineTools/usr/bin/../include/c++/v1/valarray:4380:1: note: candidate template ignored: substitution failure [with _Expr = char]: type 'char' cannot be used prior to '::' because it has no members
operator==(const typename _Expr::value_type& __x, const _Expr& __y)
^
../src/1Template.cpp:26:18: error: invalid operands to binary expression ('std::__1::string' (aka 'basic_string<char, char_traits<char>, allocator<char> >') and 'char')
                if (s=='1' && t=='0') ch1.push_back(2);
                              ~^ ~~~
/Library/Developer/CommandLineTools/usr/bin/../include/c++/v1/system_error:390:1: note: candidate function not viable: no known conversion from 'std::__1::string' (aka 'basic_string<char, char_traits<char>, allocator<char> >') to 'const std::__1::error_code' for 1st argument
operator==(const error_code& __x, const error_code& __y) _NOEXCEPT
^
/Library/Developer/CommandLineTools/usr/bin/../include/c++/v1/system_error:397:1: note: candidate function not viable: no known conversion from 'std::__1::string' (aka 'basic_string<char, char_traits<char>, allocator<char> >') to 'const std::__1::error_code' for 1st argument
operator==(const error_code& __x, const error_condition& __y) _NOEXCEPT
^
/Library/Developer/CommandLineTools/usr/bin/../include/c++/v1/system_error:405:1: note: candidate function not viable: no known conversion from 'std::__1::string' (aka 'basic_string<char, char_traits<char>, allocator<char> >') to 'const std::__1::error_condition' for 1st argument
operator==(const error_condition& __x, const error_code& __y) _NOEXCEPT
^
/Library/Developer/CommandLineTools/usr/bin/../include/c++/v1/system_error:412:1: note: candidate function not viable: no known conversion from 'std::__1::string' (aka 'basic_string<char, char_traits<char>, allocator<char> >') to 'const std::__1::error_condition' for 1st argument
operator==(const error_condition& __x, const error_condition& __y) _NOEXCEPT
^
/Library/Developer/CommandLineTools/usr/bin/../include/c++/v1/utility:579:1: note: candidate template ignored: could not match 'pair' against 'basic_string'
operator==(const pair<_T1,_T2>& __x, const pair<_T1,_T2>& __y)
^
/Library/Developer/CommandLineTools/usr/bin/../include/c++/v1/iterator:723:1: note: candidate template ignored: could not match 'reverse_iterator' against 'basic_string'
operator==(const reverse_iterator<_Iter1>& __x, const reverse_iterator<_Iter2>& __y)
^
/Library/Developer/CommandLineTools/usr/bin/../include/c++/v1/iterator:952:1: note: candidate template ignored: could not match 'istream_iterator' against 'basic_string'
operator==(const istream_iterator<_Tp, _CharT, _Traits, _Distance>& __x,
^
/Library/Developer/CommandLineTools/usr/bin/../include/c++/v1/iterator:1056:6: note: candidate template ignored: could not match 'istreambuf_iterator' against 'basic_string'
bool operator==(const istreambuf_iterator<_CharT,_Traits>& __a,
     ^
/Library/Developer/CommandLineTools/usr/bin/../include/c++/v1/iterator:1159:1: note: candidate template ignored: could not match 'move_iterator' against 'basic_string'
operator==(const move_iterator<_Iter1>& __x, const move_iterator<_Iter2>& __y)
^
/Library/Developer/CommandLineTools/usr/bin/../include/c++/v1/iterator:1531:1: note: candidate template ignored: could not match '__wrap_iter' against 'basic_string'
operator==(const __wrap_iter<_Iter1>& __x, const __wrap_iter<_Iter2>& __y) _NOEXCEPT
^
/Library/Developer/CommandLineTools/usr/bin/../include/c++/v1/memory:1986:6: note: candidate template ignored: could not match 'allocator' against 'basic_string'
bool operator==(const allocator<_Tp>&, const allocator<_Up>&) _NOEXCEPT {return true;}
     ^
/Library/Developer/CommandLineTools/usr/bin/../include/c++/v1/memory:2963:1: note: candidate template ignored: could not match 'unique_ptr' against 'basic_string'
operator==(const unique_ptr<_T1, _D1>& __x, const unique_ptr<_T2, _D2>& __y) {return __x.get() == __y.get();}
^
/Library/Developer/CommandLineTools/usr/bin/../include/c++/v1/memory:2999:1: note: candidate template ignored: could not match 'unique_ptr' against 'basic_string'
operator==(const unique_ptr<_T1, _D1>& __x, nullptr_t) _NOEXCEPT
^
/Library/Developer/CommandLineTools/usr/bin/../include/c++/v1/memory:3007:1: note: candidate template ignored: could not match 'unique_ptr<type-parameter-0-0, type-parameter-0-1>' against 'char'
operator==(nullptr_t, const unique_ptr<_T1, _D1>& __x) _NOEXCEPT
^
/Library/Developer/CommandLineTools/usr/bin/../include/c++/v1/memory:4795:1: note: candidate template ignored: could not match 'shared_ptr' against 'basic_string'
operator==(const shared_ptr<_Tp>& __x, const shared_ptr<_Up>& __y) _NOEXCEPT
^
/Library/Developer/CommandLineTools/usr/bin/../include/c++/v1/memory:4849:1: note: candidate template ignored: could not match 'shared_ptr' against 'basic_string'
operator==(const shared_ptr<_Tp>& __x, nullptr_t) _NOEXCEPT
^
/Library/Developer/CommandLineTools/usr/bin/../include/c++/v1/memory:4857:1: note: candidate template ignored: could not match 'shared_ptr<type-parameter-0-0>' against 'char'
operator==(nullptr_t, const shared_ptr<_Tp>& __x) _NOEXCEPT
^
/Library/Developer/CommandLineTools/usr/bin/../include/c++/v1/__functional_03:1568:1: note: candidate template ignored: could not match 'function' against 'basic_string'
operator==(const function<_Fp>& __f, nullptr_t) {return !__f;}
^
/Library/Developer/CommandLineTools/usr/bin/../include/c++/v1/__functional_03:1573:1: note: candidate template ignored: could not match 'function<type-parameter-0-0>' against 'char'
operator==(nullptr_t, const function<_Fp>& __f) {return !__f;}
^
/Library/Developer/CommandLineTools/usr/bin/../include/c++/v1/string_view:613:6: note: candidate template ignored: could not match 'basic_string_view' against 'basic_string'
bool operator==(basic_string_view<_CharT, _Traits> __lhs,
     ^
/Library/Developer/CommandLineTools/usr/bin/../include/c++/v1/string_view:622:6: note: candidate template ignored: could not match 'basic_string_view' against 'basic_string'
bool operator==(basic_string_view<_CharT, _Traits> __lhs,
     ^
/Library/Developer/CommandLineTools/usr/bin/../include/c++/v1/string_view:631:6: note: candidate template ignored: could not match 'basic_string_view<type-parameter-0-0, type-parameter-0-1>' against 'char'
bool operator==(typename common_type<basic_string_view<_CharT, _Traits> >::type __lhs,
     ^
/Library/Developer/CommandLineTools/usr/bin/../include/c++/v1/string:563:6: note: candidate template ignored: could not match 'fpos' against 'basic_string'
bool operator==(const fpos<_StateT>& __x, const fpos<_StateT>& __y)
     ^
/Library/Developer/CommandLineTools/usr/bin/../include/c++/v1/string:3834:1: note: candidate template ignored: could not match 'basic_string<type-parameter-0-0, type-parameter-0-1, type-parameter-0-2>' against 'char'
operator==(const basic_string<_CharT, _Traits, _Allocator>& __lhs,
^
/Library/Developer/CommandLineTools/usr/bin/../include/c++/v1/string:3846:1: note: candidate template ignored: could not match 'basic_string<char, std::__1::char_traits<char>, type-parameter-0-0>' against 'char'
operator==(const basic_string<char, char_traits<char>, _Allocator>& __lhs,
^
/Library/Developer/CommandLineTools/usr/bin/../include/c++/v1/string:3865:1: note: candidate template ignored: could not match 'const _CharT *' against 'std::__1::string' (aka 'basic_string<char, char_traits<char>, allocator<char> >')
operator==(const _CharT* __lhs,
^
/Library/Developer/CommandLineTools/usr/bin/../include/c++/v1/string:3878:1: note: candidate template ignored: could not match 'const _CharT *' against 'char'
operator==(const basic_string<_CharT,_Traits,_Allocator>& __lhs,
^
/Library/Developer/CommandLineTools/usr/bin/../include/c++/v1/complex:748:1: note: candidate template ignored: could not match 'complex' against 'basic_string'
operator==(const complex<_Tp>& __x, const complex<_Tp>& __y)
^
/Library/Developer/CommandLineTools/usr/bin/../include/c++/v1/complex:756:1: note: candidate template ignored: could not match 'complex' against 'basic_string'
operator==(const complex<_Tp>& __x, const _Tp& __y)
^
/Library/Developer/CommandLineTools/usr/bin/../include/c++/v1/complex:764:1: note: candidate template ignored: could not match 'complex<type-parameter-0-0>' against 'char'
operator==(const _Tp& __x, const complex<_Tp>& __y)
^
/Library/Developer/CommandLineTools/usr/bin/../include/c++/v1/deque:2880:1: note: candidate template ignored: could not match 'deque' against 'basic_string'
operator==(const deque<_Tp, _Allocator>& __x, const deque<_Tp, _Allocator>& __y)
^
/Library/Developer/CommandLineTools/usr/bin/../include/c++/v1/stack:256:1: note: candidate template ignored: could not match 'stack' against 'basic_string'
operator==(const stack<_Tp, _Container>& __x, const stack<_Tp, _Container>& __y)
^
/Library/Developer/CommandLineTools/usr/bin/../include/c++/v1/list:2414:1: note: candidate template ignored: could not match 'list' against 'basic_string'
operator==(const list<_Tp, _Alloc>& __x, const list<_Tp, _Alloc>& __y)
^
/Library/Developer/CommandLineTools/usr/bin/../include/c++/v1/map:1562:1: note: candidate template ignored: could not match 'map' against 'basic_string'
operator==(const map<_Key, _Tp, _Compare, _Allocator>& __x,
^
/Library/Developer/CommandLineTools/usr/bin/../include/c++/v1/map:2111:1: note: candidate template ignored: could not match 'multimap' against 'basic_string'
operator==(const multimap<_Key, _Tp, _Compare, _Allocator>& __x,
^
/Library/Developer/CommandLineTools/usr/bin/../include/c++/v1/vector:3360:1: note: candidate template ignored: could not match 'vector' against 'basic_string'
operator==(const vector<_Tp, _Allocator>& __x, const vector<_Tp, _Allocator>& __y)
^
/Library/Developer/CommandLineTools/usr/bin/../include/c++/v1/queue:362:1: note: candidate template ignored: could not match 'queue' against 'basic_string'
operator==(const queue<_Tp, _Container>& __x,const queue<_Tp, _Container>& __y)
^
/Library/Developer/CommandLineTools/usr/bin/../include/c++/v1/set:890:1: note: candidate template ignored: could not match 'set' against 'basic_string'
operator==(const set<_Key, _Compare, _Allocator>& __x,
^
/Library/Developer/CommandLineTools/usr/bin/../include/c++/v1/set:1410:1: note: candidate template ignored: could not match 'multiset' against 'basic_string'
operator==(const multiset<_Key, _Compare, _Allocator>& __x,
^
/Library/Developer/CommandLineTools/usr/bin/../include/c++/v1/valarray:4349:1: note: candidate template ignored: requirement '__is_val_expr<std::__1::basic_string<char> >::value' was not satisfied [with _Expr1 = std::__1::basic_string<char>, _Expr2 = char]
operator==(const _Expr1& __x, const _Expr2& __y)
^
/Library/Developer/CommandLineTools/usr/bin/../include/c++/v1/valarray:4364:1: note: candidate template ignored: requirement '__is_val_expr<std::__1::basic_string<char> >::value' was not satisfied [with _Expr = std::__1::basic_string<char>]
operator==(const _Expr& __x, const typename _Expr::value_type& __y)
^
/Library/Developer/CommandLineTools/usr/bin/../include/c++/v1/valarray:4380:1: note: candidate template ignored: substitution failure [with _Expr = char]: type 'char' cannot be used prior to '::' because it has no members
operator==(const typename _Expr::value_type& __x, const _Expr& __y)
^
../src/1Template.cpp:28:44: error: 'break' statement not in loop or switch statement
        if (ch1.size()%2) { cout << "-1" << endl; break; }
                                                  ^
5 errors generated.
make: *** [src/1Template.o] Error 1
"make all" terminated with exit code 2. Build might be incomplete.
09:16:38 **** Incremental Build of configuration Debug for project 1Template ****
make all 
Building file: ../src/1Template.cpp
Invoking: GCC C++ Compiler
g++ -O0 -g3 -Wall -c -fmessage-length=0 -MMD -MP -MF"src/1Template.d" -MT"src/1Template.o" -o "src/1Template.o" "../src/1Template.cpp"
../src/1Template.cpp:25:8: error: invalid operands to binary expression ('std::__1::string' (aka 'basic_string<char, char_traits<char>, allocator<char> >') and 'char')
                if (s=='0' && t=='1') ch1.push_back(1);
                    ~^ ~~~
/Library/Developer/CommandLineTools/usr/bin/../include/c++/v1/system_error:390:1: note: candidate function not viable: no known conversion from 'std::__1::string' (aka 'basic_string<char, char_traits<char>, allocator<char> >') to 'const std::__1::error_code' for 1st argument
operator==(const error_code& __x, const error_code& __y) _NOEXCEPT
^
/Library/Developer/CommandLineTools/usr/bin/../include/c++/v1/system_error:397:1: note: candidate function not viable: no known conversion from 'std::__1::string' (aka 'basic_string<char, char_traits<char>, allocator<char> >') to 'const std::__1::error_code' for 1st argument
operator==(const error_code& __x, const error_condition& __y) _NOEXCEPT
^
/Library/Developer/CommandLineTools/usr/bin/../include/c++/v1/system_error:405:1: note: candidate function not viable: no known conversion from 'std::__1::string' (aka 'basic_string<char, char_traits<char>, allocator<char> >') to 'const std::__1::error_condition' for 1st argument
operator==(const error_condition& __x, const error_code& __y) _NOEXCEPT
^
/Library/Developer/CommandLineTools/usr/bin/../include/c++/v1/system_error:412:1: note: candidate function not viable: no known conversion from 'std::__1::string' (aka 'basic_string<char, char_traits<char>, allocator<char> >') to 'const std::__1::error_condition' for 1st argument
operator==(const error_condition& __x, const error_condition& __y) _NOEXCEPT
^
/Library/Developer/CommandLineTools/usr/bin/../include/c++/v1/utility:579:1: note: candidate template ignored: could not match 'pair' against 'basic_string'
operator==(const pair<_T1,_T2>& __x, const pair<_T1,_T2>& __y)
^
/Library/Developer/CommandLineTools/usr/bin/../include/c++/v1/iterator:723:1: note: candidate template ignored: could not match 'reverse_iterator' against 'basic_string'
operator==(const reverse_iterator<_Iter1>& __x, const reverse_iterator<_Iter2>& __y)
^
/Library/Developer/CommandLineTools/usr/bin/../include/c++/v1/iterator:952:1: note: candidate template ignored: could not match 'istream_iterator' against 'basic_string'
operator==(const istream_iterator<_Tp, _CharT, _Traits, _Distance>& __x,
^
/Library/Developer/CommandLineTools/usr/bin/../include/c++/v1/iterator:1056:6: note: candidate template ignored: could not match 'istreambuf_iterator' against 'basic_string'
bool operator==(const istreambuf_iterator<_CharT,_Traits>& __a,
     ^
/Library/Developer/CommandLineTools/usr/bin/../include/c++/v1/iterator:1159:1: note: candidate template ignored: could not match 'move_iterator' against 'basic_string'
operator==(const move_iterator<_Iter1>& __x, const move_iterator<_Iter2>& __y)
^
/Library/Developer/CommandLineTools/usr/bin/../include/c++/v1/iterator:1531:1: note: candidate template ignored: could not match '__wrap_iter' against 'basic_string'
operator==(const __wrap_iter<_Iter1>& __x, const __wrap_iter<_Iter2>& __y) _NOEXCEPT
^
/Library/Developer/CommandLineTools/usr/bin/../include/c++/v1/memory:1986:6: note: candidate template ignored: could not match 'allocator' against 'basic_string'
bool operator==(const allocator<_Tp>&, const allocator<_Up>&) _NOEXCEPT {return true;}
     ^
/Library/Developer/CommandLineTools/usr/bin/../include/c++/v1/memory:2963:1: note: candidate template ignored: could not match 'unique_ptr' against 'basic_string'
operator==(const unique_ptr<_T1, _D1>& __x, const unique_ptr<_T2, _D2>& __y) {return __x.get() == __y.get();}
^
/Library/Developer/CommandLineTools/usr/bin/../include/c++/v1/memory:2999:1: note: candidate template ignored: could not match 'unique_ptr' against 'basic_string'
operator==(const unique_ptr<_T1, _D1>& __x, nullptr_t) _NOEXCEPT
^
/Library/Developer/CommandLineTools/usr/bin/../include/c++/v1/memory:3007:1: note: candidate template ignored: could not match 'unique_ptr<type-parameter-0-0, type-parameter-0-1>' against 'char'
operator==(nullptr_t, const unique_ptr<_T1, _D1>& __x) _NOEXCEPT
^
/Library/Developer/CommandLineTools/usr/bin/../include/c++/v1/memory:4795:1: note: candidate template ignored: could not match 'shared_ptr' against 'basic_string'
operator==(const shared_ptr<_Tp>& __x, const shared_ptr<_Up>& __y) _NOEXCEPT
^
/Library/Developer/CommandLineTools/usr/bin/../include/c++/v1/memory:4849:1: note: candidate template ignored: could not match 'shared_ptr' against 'basic_string'
operator==(const shared_ptr<_Tp>& __x, nullptr_t) _NOEXCEPT
^
/Library/Developer/CommandLineTools/usr/bin/../include/c++/v1/memory:4857:1: note: candidate template ignored: could not match 'shared_ptr<type-parameter-0-0>' against 'char'
operator==(nullptr_t, const shared_ptr<_Tp>& __x) _NOEXCEPT
^
/Library/Developer/CommandLineTools/usr/bin/../include/c++/v1/__functional_03:1568:1: note: candidate template ignored: could not match 'function' against 'basic_string'
operator==(const function<_Fp>& __f, nullptr_t) {return !__f;}
^
/Library/Developer/CommandLineTools/usr/bin/../include/c++/v1/__functional_03:1573:1: note: candidate template ignored: could not match 'function<type-parameter-0-0>' against 'char'
operator==(nullptr_t, const function<_Fp>& __f) {return !__f;}
^
/Library/Developer/CommandLineTools/usr/bin/../include/c++/v1/string_view:613:6: note: candidate template ignored: could not match 'basic_string_view' against 'basic_string'
bool operator==(basic_string_view<_CharT, _Traits> __lhs,
     ^
/Library/Developer/CommandLineTools/usr/bin/../include/c++/v1/string_view:622:6: note: candidate template ignored: could not match 'basic_string_view' against 'basic_string'
bool operator==(basic_string_view<_CharT, _Traits> __lhs,
     ^
/Library/Developer/CommandLineTools/usr/bin/../include/c++/v1/string_view:631:6: note: candidate template ignored: could not match 'basic_string_view<type-parameter-0-0, type-parameter-0-1>' against 'char'
bool operator==(typename common_type<basic_string_view<_CharT, _Traits> >::type __lhs,
     ^
/Library/Developer/CommandLineTools/usr/bin/../include/c++/v1/string:563:6: note: candidate template ignored: could not match 'fpos' against 'basic_string'
bool operator==(const fpos<_StateT>& __x, const fpos<_StateT>& __y)
     ^
/Library/Developer/CommandLineTools/usr/bin/../include/c++/v1/string:3834:1: note: candidate template ignored: could not match 'basic_string<type-parameter-0-0, type-parameter-0-1, type-parameter-0-2>' against 'char'
operator==(const basic_string<_CharT, _Traits, _Allocator>& __lhs,
^
/Library/Developer/CommandLineTools/usr/bin/../include/c++/v1/string:3846:1: note: candidate template ignored: could not match 'basic_string<char, std::__1::char_traits<char>, type-parameter-0-0>' against 'char'
operator==(const basic_string<char, char_traits<char>, _Allocator>& __lhs,
^
/Library/Developer/CommandLineTools/usr/bin/../include/c++/v1/string:3865:1: note: candidate template ignored: could not match 'const _CharT *' against 'std::__1::string' (aka 'basic_string<char, char_traits<char>, allocator<char> >')
operator==(const _CharT* __lhs,
^
/Library/Developer/CommandLineTools/usr/bin/../include/c++/v1/string:3878:1: note: candidate template ignored: could not match 'const _CharT *' against 'char'
operator==(const basic_string<_CharT,_Traits,_Allocator>& __lhs,
^
/Library/Developer/CommandLineTools/usr/bin/../include/c++/v1/complex:748:1: note: candidate template ignored: could not match 'complex' against 'basic_string'
operator==(const complex<_Tp>& __x, const complex<_Tp>& __y)
^
/Library/Developer/CommandLineTools/usr/bin/../include/c++/v1/complex:756:1: note: candidate template ignored: could not match 'complex' against 'basic_string'
operator==(const complex<_Tp>& __x, const _Tp& __y)
^
/Library/Developer/CommandLineTools/usr/bin/../include/c++/v1/complex:764:1: note: candidate template ignored: could not match 'complex<type-parameter-0-0>' against 'char'
operator==(const _Tp& __x, const complex<_Tp>& __y)
^
/Library/Developer/CommandLineTools/usr/bin/../include/c++/v1/deque:2880:1: note: candidate template ignored: could not match 'deque' against 'basic_string'
operator==(const deque<_Tp, _Allocator>& __x, const deque<_Tp, _Allocator>& __y)
^
/Library/Developer/CommandLineTools/usr/bin/../include/c++/v1/stack:256:1: note: candidate template ignored: could not match 'stack' against 'basic_string'
operator==(const stack<_Tp, _Container>& __x, const stack<_Tp, _Container>& __y)
^
/Library/Developer/CommandLineTools/usr/bin/../include/c++/v1/list:2414:1: note: candidate template ignored: could not match 'list' against 'basic_string'
operator==(const list<_Tp, _Alloc>& __x, const list<_Tp, _Alloc>& __y)
^
/Library/Developer/CommandLineTools/usr/bin/../include/c++/v1/map:1562:1: note: candidate template ignored: could not match 'map' against 'basic_string'
operator==(const map<_Key, _Tp, _Compare, _Allocator>& __x,
^
/Library/Developer/CommandLineTools/usr/bin/../include/c++/v1/map:2111:1: note: candidate template ignored: could not match 'multimap' against 'basic_string'
operator==(const multimap<_Key, _Tp, _Compare, _Allocator>& __x,
^
/Library/Developer/CommandLineTools/usr/bin/../include/c++/v1/vector:3360:1: note: candidate template ignored: could not match 'vector' against 'basic_string'
operator==(const vector<_Tp, _Allocator>& __x, const vector<_Tp, _Allocator>& __y)
^
/Library/Developer/CommandLineTools/usr/bin/../include/c++/v1/queue:362:1: note: candidate template ignored: could not match 'queue' against 'basic_string'
operator==(const queue<_Tp, _Container>& __x,const queue<_Tp, _Container>& __y)
^
/Library/Developer/CommandLineTools/usr/bin/../include/c++/v1/set:890:1: note: candidate template ignored: could not match 'set' against 'basic_string'
operator==(const set<_Key, _Compare, _Allocator>& __x,
^
/Library/Developer/CommandLineTools/usr/bin/../include/c++/v1/set:1410:1: note: candidate template ignored: could not match 'multiset' against 'basic_string'
operator==(const multiset<_Key, _Compare, _Allocator>& __x,
^
/Library/Developer/CommandLineTools/usr/bin/../include/c++/v1/valarray:4349:1: note: candidate template ignored: requirement '__is_val_expr<std::__1::basic_string<char> >::value' was not satisfied [with _Expr1 = std::__1::basic_string<char>, _Expr2 = char]
operator==(const _Expr1& __x, const _Expr2& __y)
^
/Library/Developer/CommandLineTools/usr/bin/../include/c++/v1/valarray:4364:1: note: candidate template ignored: requirement '__is_val_expr<std::__1::basic_string<char> >::value' was not satisfied [with _Expr = std::__1::basic_string<char>]
operator==(const _Expr& __x, const typename _Expr::value_type& __y)
^
/Library/Developer/CommandLineTools/usr/bin/../include/c++/v1/valarray:4380:1: note: candidate template ignored: substitution failure [with _Expr = char]: type 'char' cannot be used prior to '::' because it has no members
operator==(const typename _Expr::value_type& __x, const _Expr& __y)
^
../src/1Template.cpp:25:18: error: invalid operands to binary expression ('std::__1::string' (aka 'basic_string<char, char_traits<char>, allocator<char> >') and 'char')
                if (s=='0' && t=='1') ch1.push_back(1);
                              ~^ ~~~
/Library/Developer/CommandLineTools/usr/bin/../include/c++/v1/system_error:390:1: note: candidate function not viable: no known conversion from 'std::__1::string' (aka 'basic_string<char, char_traits<char>, allocator<char> >') to 'const std::__1::error_code' for 1st argument
operator==(const error_code& __x, const error_code& __y) _NOEXCEPT
^
/Library/Developer/CommandLineTools/usr/bin/../include/c++/v1/system_error:397:1: note: candidate function not viable: no known conversion from 'std::__1::string' (aka 'basic_string<char, char_traits<char>, allocator<char> >') to 'const std::__1::error_code' for 1st argument
operator==(const error_code& __x, const error_condition& __y) _NOEXCEPT
^
/Library/Developer/CommandLineTools/usr/bin/../include/c++/v1/system_error:405:1: note: candidate function not viable: no known conversion from 'std::__1::string' (aka 'basic_string<char, char_traits<char>, allocator<char> >') to 'const std::__1::error_condition' for 1st argument
operator==(const error_condition& __x, const error_code& __y) _NOEXCEPT
^
/Library/Developer/CommandLineTools/usr/bin/../include/c++/v1/system_error:412:1: note: candidate function not viable: no known conversion from 'std::__1::string' (aka 'basic_string<char, char_traits<char>, allocator<char> >') to 'const std::__1::error_condition' for 1st argument
operator==(const error_condition& __x, const error_condition& __y) _NOEXCEPT
^
/Library/Developer/CommandLineTools/usr/bin/../include/c++/v1/utility:579:1: note: candidate template ignored: could not match 'pair' against 'basic_string'
operator==(const pair<_T1,_T2>& __x, const pair<_T1,_T2>& __y)
^
/Library/Developer/CommandLineTools/usr/bin/../include/c++/v1/iterator:723:1: note: candidate template ignored: could not match 'reverse_iterator' against 'basic_string'
operator==(const reverse_iterator<_Iter1>& __x, const reverse_iterator<_Iter2>& __y)
^
/Library/Developer/CommandLineTools/usr/bin/../include/c++/v1/iterator:952:1: note: candidate template ignored: could not match 'istream_iterator' against 'basic_string'
operator==(const istream_iterator<_Tp, _CharT, _Traits, _Distance>& __x,
^
/Library/Developer/CommandLineTools/usr/bin/../include/c++/v1/iterator:1056:6: note: candidate template ignored: could not match 'istreambuf_iterator' against 'basic_string'
bool operator==(const istreambuf_iterator<_CharT,_Traits>& __a,
     ^
/Library/Developer/CommandLineTools/usr/bin/../include/c++/v1/iterator:1159:1: note: candidate template ignored: could not match 'move_iterator' against 'basic_string'
operator==(const move_iterator<_Iter1>& __x, const move_iterator<_Iter2>& __y)
^
/Library/Developer/CommandLineTools/usr/bin/../include/c++/v1/iterator:1531:1: note: candidate template ignored: could not match '__wrap_iter' against 'basic_string'
operator==(const __wrap_iter<_Iter1>& __x, const __wrap_iter<_Iter2>& __y) _NOEXCEPT
^
/Library/Developer/CommandLineTools/usr/bin/../include/c++/v1/memory:1986:6: note: candidate template ignored: could not match 'allocator' against 'basic_string'
bool operator==(const allocator<_Tp>&, const allocator<_Up>&) _NOEXCEPT {return true;}
     ^
/Library/Developer/CommandLineTools/usr/bin/../include/c++/v1/memory:2963:1: note: candidate template ignored: could not match 'unique_ptr' against 'basic_string'
operator==(const unique_ptr<_T1, _D1>& __x, const unique_ptr<_T2, _D2>& __y) {return __x.get() == __y.get();}
^
/Library/Developer/CommandLineTools/usr/bin/../include/c++/v1/memory:2999:1: note: candidate template ignored: could not match 'unique_ptr' against 'basic_string'
operator==(const unique_ptr<_T1, _D1>& __x, nullptr_t) _NOEXCEPT
^
/Library/Developer/CommandLineTools/usr/bin/../include/c++/v1/memory:3007:1: note: candidate template ignored: could not match 'unique_ptr<type-parameter-0-0, type-parameter-0-1>' against 'char'
operator==(nullptr_t, const unique_ptr<_T1, _D1>& __x) _NOEXCEPT
^
/Library/Developer/CommandLineTools/usr/bin/../include/c++/v1/memory:4795:1: note: candidate template ignored: could not match 'shared_ptr' against 'basic_string'
operator==(const shared_ptr<_Tp>& __x, const shared_ptr<_Up>& __y) _NOEXCEPT
^
/Library/Developer/CommandLineTools/usr/bin/../include/c++/v1/memory:4849:1: note: candidate template ignored: could not match 'shared_ptr' against 'basic_string'
operator==(const shared_ptr<_Tp>& __x, nullptr_t) _NOEXCEPT
^
/Library/Developer/CommandLineTools/usr/bin/../include/c++/v1/memory:4857:1: note: candidate template ignored: could not match 'shared_ptr<type-parameter-0-0>' against 'char'
operator==(nullptr_t, const shared_ptr<_Tp>& __x) _NOEXCEPT
^
/Library/Developer/CommandLineTools/usr/bin/../include/c++/v1/__functional_03:1568:1: note: candidate template ignored: could not match 'function' against 'basic_string'
operator==(const function<_Fp>& __f, nullptr_t) {return !__f;}
^
/Library/Developer/CommandLineTools/usr/bin/../include/c++/v1/__functional_03:1573:1: note: candidate template ignored: could not match 'function<type-parameter-0-0>' against 'char'
operator==(nullptr_t, const function<_Fp>& __f) {return !__f;}
^
/Library/Developer/CommandLineTools/usr/bin/../include/c++/v1/string_view:613:6: note: candidate template ignored: could not match 'basic_string_view' against 'basic_string'
bool operator==(basic_string_view<_CharT, _Traits> __lhs,
     ^
/Library/Developer/CommandLineTools/usr/bin/../include/c++/v1/string_view:622:6: note: candidate template ignored: could not match 'basic_string_view' against 'basic_string'
bool operator==(basic_string_view<_CharT, _Traits> __lhs,
     ^
/Library/Developer/CommandLineTools/usr/bin/../include/c++/v1/string_view:631:6: note: candidate template ignored: could not match 'basic_string_view<type-parameter-0-0, type-parameter-0-1>' against 'char'
bool operator==(typename common_type<basic_string_view<_CharT, _Traits> >::type __lhs,
     ^
/Library/Developer/CommandLineTools/usr/bin/../include/c++/v1/string:563:6: note: candidate template ignored: could not match 'fpos' against 'basic_string'
bool operator==(const fpos<_StateT>& __x, const fpos<_StateT>& __y)
     ^
/Library/Developer/CommandLineTools/usr/bin/../include/c++/v1/string:3834:1: note: candidate template ignored: could not match 'basic_string<type-parameter-0-0, type-parameter-0-1, type-parameter-0-2>' against 'char'
operator==(const basic_string<_CharT, _Traits, _Allocator>& __lhs,
^
/Library/Developer/CommandLineTools/usr/bin/../include/c++/v1/string:3846:1: note: candidate template ignored: could not match 'basic_string<char, std::__1::char_traits<char>, type-parameter-0-0>' against 'char'
operator==(const basic_string<char, char_traits<char>, _Allocator>& __lhs,
^
/Library/Developer/CommandLineTools/usr/bin/../include/c++/v1/string:3865:1: note: candidate template ignored: could not match 'const _CharT *' against 'std::__1::string' (aka 'basic_string<char, char_traits<char>, allocator<char> >')
operator==(const _CharT* __lhs,
^
/Library/Developer/CommandLineTools/usr/bin/../include/c++/v1/string:3878:1: note: candidate template ignored: could not match 'const _CharT *' against 'char'
operator==(const basic_string<_CharT,_Traits,_Allocator>& __lhs,
^
/Library/Developer/CommandLineTools/usr/bin/../include/c++/v1/complex:748:1: note: candidate template ignored: could not match 'complex' against 'basic_string'
operator==(const complex<_Tp>& __x, const complex<_Tp>& __y)
^
/Library/Developer/CommandLineTools/usr/bin/../include/c++/v1/complex:756:1: note: candidate template ignored: could not match 'complex' against 'basic_string'
operator==(const complex<_Tp>& __x, const _Tp& __y)
^
/Library/Developer/CommandLineTools/usr/bin/../include/c++/v1/complex:764:1: note: candidate template ignored: could not match 'complex<type-parameter-0-0>' against 'char'
operator==(const _Tp& __x, const complex<_Tp>& __y)
^
/Library/Developer/CommandLineTools/usr/bin/../include/c++/v1/deque:2880:1: note: candidate template ignored: could not match 'deque' against 'basic_string'
operator==(const deque<_Tp, _Allocator>& __x, const deque<_Tp, _Allocator>& __y)
^
/Library/Developer/CommandLineTools/usr/bin/../include/c++/v1/stack:256:1: note: candidate template ignored: could not match 'stack' against 'basic_string'
operator==(const stack<_Tp, _Container>& __x, const stack<_Tp, _Container>& __y)
^
/Library/Developer/CommandLineTools/usr/bin/../include/c++/v1/list:2414:1: note: candidate template ignored: could not match 'list' against 'basic_string'
operator==(const list<_Tp, _Alloc>& __x, const list<_Tp, _Alloc>& __y)
^
/Library/Developer/CommandLineTools/usr/bin/../include/c++/v1/map:1562:1: note: candidate template ignored: could not match 'map' against 'basic_string'
operator==(const map<_Key, _Tp, _Compare, _Allocator>& __x,
^
/Library/Developer/CommandLineTools/usr/bin/../include/c++/v1/map:2111:1: note: candidate template ignored: could not match 'multimap' against 'basic_string'
operator==(const multimap<_Key, _Tp, _Compare, _Allocator>& __x,
^
/Library/Developer/CommandLineTools/usr/bin/../include/c++/v1/vector:3360:1: note: candidate template ignored: could not match 'vector' against 'basic_string'
operator==(const vector<_Tp, _Allocator>& __x, const vector<_Tp, _Allocator>& __y)
^
/Library/Developer/CommandLineTools/usr/bin/../include/c++/v1/queue:362:1: note: candidate template ignored: could not match 'queue' against 'basic_string'
operator==(const queue<_Tp, _Container>& __x,const queue<_Tp, _Container>& __y)
^
/Library/Developer/CommandLineTools/usr/bin/../include/c++/v1/set:890:1: note: candidate template ignored: could not match 'set' against 'basic_string'
operator==(const set<_Key, _Compare, _Allocator>& __x,
^
/Library/Developer/CommandLineTools/usr/bin/../include/c++/v1/set:1410:1: note: candidate template ignored: could not match 'multiset' against 'basic_string'
operator==(const multiset<_Key, _Compare, _Allocator>& __x,
^
/Library/Developer/CommandLineTools/usr/bin/../include/c++/v1/valarray:4349:1: note: candidate template ignored: requirement '__is_val_expr<std::__1::basic_string<char> >::value' was not satisfied [with _Expr1 = std::__1::basic_string<char>, _Expr2 = char]
operator==(const _Expr1& __x, const _Expr2& __y)
^
/Library/Developer/CommandLineTools/usr/bin/../include/c++/v1/valarray:4364:1: note: candidate template ignored: requirement '__is_val_expr<std::__1::basic_string<char> >::value' was not satisfied [with _Expr = std::__1::basic_string<char>]
operator==(const _Expr& __x, const typename _Expr::value_type& __y)
^
/Library/Developer/CommandLineTools/usr/bin/../include/c++/v1/valarray:4380:1: note: candidate template ignored: substitution failure [with _Expr = char]: type 'char' cannot be used prior to '::' because it has no members
operator==(const typename _Expr::value_type& __x, const _Expr& __y)
^
../src/1Template.cpp:26:8: error: invalid operands to binary expression ('std::__1::string' (aka 'basic_string<char, char_traits<char>, allocator<char> >') and 'char')
                if (s=='1' && t=='0') ch1.push_back(2);
                    ~^ ~~~
/Library/Developer/CommandLineTools/usr/bin/../include/c++/v1/system_error:390:1: note: candidate function not viable: no known conversion from 'std::__1::string' (aka 'basic_string<char, char_traits<char>, allocator<char> >') to 'const std::__1::error_code' for 1st argument
operator==(const error_code& __x, const error_code& __y) _NOEXCEPT
^
/Library/Developer/CommandLineTools/usr/bin/../include/c++/v1/system_error:397:1: note: candidate function not viable: no known conversion from 'std::__1::string' (aka 'basic_string<char, char_traits<char>, allocator<char> >') to 'const std::__1::error_code' for 1st argument
operator==(const error_code& __x, const error_condition& __y) _NOEXCEPT
^
/Library/Developer/CommandLineTools/usr/bin/../include/c++/v1/system_error:405:1: note: candidate function not viable: no known conversion from 'std::__1::string' (aka 'basic_string<char, char_traits<char>, allocator<char> >') to 'const std::__1::error_condition' for 1st argument
operator==(const error_condition& __x, const error_code& __y) _NOEXCEPT
^
/Library/Developer/CommandLineTools/usr/bin/../include/c++/v1/system_error:412:1: note: candidate function not viable: no known conversion from 'std::__1::string' (aka 'basic_string<char, char_traits<char>, allocator<char> >') to 'const std::__1::error_condition' for 1st argument
operator==(const error_condition& __x, const error_condition& __y) _NOEXCEPT
^
/Library/Developer/CommandLineTools/usr/bin/../include/c++/v1/utility:579:1: note: candidate template ignored: could not match 'pair' against 'basic_string'
operator==(const pair<_T1,_T2>& __x, const pair<_T1,_T2>& __y)
^
/Library/Developer/CommandLineTools/usr/bin/../include/c++/v1/iterator:723:1: note: candidate template ignored: could not match 'reverse_iterator' against 'basic_string'
operator==(const reverse_iterator<_Iter1>& __x, const reverse_iterator<_Iter2>& __y)
^
/Library/Developer/CommandLineTools/usr/bin/../include/c++/v1/iterator:952:1: note: candidate template ignored: could not match 'istream_iterator' against 'basic_string'
operator==(const istream_iterator<_Tp, _CharT, _Traits, _Distance>& __x,
^
/Library/Developer/CommandLineTools/usr/bin/../include/c++/v1/iterator:1056:6: note: candidate template ignored: could not match 'istreambuf_iterator' against 'basic_string'
bool operator==(const istreambuf_iterator<_CharT,_Traits>& __a,
     ^
/Library/Developer/CommandLineTools/usr/bin/../include/c++/v1/iterator:1159:1: note: candidate template ignored: could not match 'move_iterator' against 'basic_string'
operator==(const move_iterator<_Iter1>& __x, const move_iterator<_Iter2>& __y)
^
/Library/Developer/CommandLineTools/usr/bin/../include/c++/v1/iterator:1531:1: note: candidate template ignored: could not match '__wrap_iter' against 'basic_string'
operator==(const __wrap_iter<_Iter1>& __x, const __wrap_iter<_Iter2>& __y) _NOEXCEPT
^
/Library/Developer/CommandLineTools/usr/bin/../include/c++/v1/memory:1986:6: note: candidate template ignored: could not match 'allocator' against 'basic_string'
bool operator==(const allocator<_Tp>&, const allocator<_Up>&) _NOEXCEPT {return true;}
     ^
/Library/Developer/CommandLineTools/usr/bin/../include/c++/v1/memory:2963:1: note: candidate template ignored: could not match 'unique_ptr' against 'basic_string'
operator==(const unique_ptr<_T1, _D1>& __x, const unique_ptr<_T2, _D2>& __y) {return __x.get() == __y.get();}
^
/Library/Developer/CommandLineTools/usr/bin/../include/c++/v1/memory:2999:1: note: candidate template ignored: could not match 'unique_ptr' against 'basic_string'
operator==(const unique_ptr<_T1, _D1>& __x, nullptr_t) _NOEXCEPT
^
/Library/Developer/CommandLineTools/usr/bin/../include/c++/v1/memory:3007:1: note: candidate template ignored: could not match 'unique_ptr<type-parameter-0-0, type-parameter-0-1>' against 'char'
operator==(nullptr_t, const unique_ptr<_T1, _D1>& __x) _NOEXCEPT
^
/Library/Developer/CommandLineTools/usr/bin/../include/c++/v1/memory:4795:1: note: candidate template ignored: could not match 'shared_ptr' against 'basic_string'
operator==(const shared_ptr<_Tp>& __x, const shared_ptr<_Up>& __y) _NOEXCEPT
^
/Library/Developer/CommandLineTools/usr/bin/../include/c++/v1/memory:4849:1: note: candidate template ignored: could not match 'shared_ptr' against 'basic_string'
operator==(const shared_ptr<_Tp>& __x, nullptr_t) _NOEXCEPT
^
/Library/Developer/CommandLineTools/usr/bin/../include/c++/v1/memory:4857:1: note: candidate template ignored: could not match 'shared_ptr<type-parameter-0-0>' against 'char'
operator==(nullptr_t, const shared_ptr<_Tp>& __x) _NOEXCEPT
^
/Library/Developer/CommandLineTools/usr/bin/../include/c++/v1/__functional_03:1568:1: note: candidate template ignored: could not match 'function' against 'basic_string'
operator==(const function<_Fp>& __f, nullptr_t) {return !__f;}
^
/Library/Developer/CommandLineTools/usr/bin/../include/c++/v1/__functional_03:1573:1: note: candidate template ignored: could not match 'function<type-parameter-0-0>' against 'char'
operator==(nullptr_t, const function<_Fp>& __f) {return !__f;}
^
/Library/Developer/CommandLineTools/usr/bin/../include/c++/v1/string_view:613:6: note: candidate template ignored: could not match 'basic_string_view' against 'basic_string'
bool operator==(basic_string_view<_CharT, _Traits> __lhs,
     ^
/Library/Developer/CommandLineTools/usr/bin/../include/c++/v1/string_view:622:6: note: candidate template ignored: could not match 'basic_string_view' against 'basic_string'
bool operator==(basic_string_view<_CharT, _Traits> __lhs,
     ^
/Library/Developer/CommandLineTools/usr/bin/../include/c++/v1/string_view:631:6: note: candidate template ignored: could not match 'basic_string_view<type-parameter-0-0, type-parameter-0-1>' against 'char'
bool operator==(typename common_type<basic_string_view<_CharT, _Traits> >::type __lhs,
     ^
/Library/Developer/CommandLineTools/usr/bin/../include/c++/v1/string:563:6: note: candidate template ignored: could not match 'fpos' against 'basic_string'
bool operator==(const fpos<_StateT>& __x, const fpos<_StateT>& __y)
     ^
/Library/Developer/CommandLineTools/usr/bin/../include/c++/v1/string:3834:1: note: candidate template ignored: could not match 'basic_string<type-parameter-0-0, type-parameter-0-1, type-parameter-0-2>' against 'char'
operator==(const basic_string<_CharT, _Traits, _Allocator>& __lhs,
^
/Library/Developer/CommandLineTools/usr/bin/../include/c++/v1/string:3846:1: note: candidate template ignored: could not match 'basic_string<char, std::__1::char_traits<char>, type-parameter-0-0>' against 'char'
operator==(const basic_string<char, char_traits<char>, _Allocator>& __lhs,
^
/Library/Developer/CommandLineTools/usr/bin/../include/c++/v1/string:3865:1: note: candidate template ignored: could not match 'const _CharT *' against 'std::__1::string' (aka 'basic_string<char, char_traits<char>, allocator<char> >')
operator==(const _CharT* __lhs,
^
/Library/Developer/CommandLineTools/usr/bin/../include/c++/v1/string:3878:1: note: candidate template ignored: could not match 'const _CharT *' against 'char'
operator==(const basic_string<_CharT,_Traits,_Allocator>& __lhs,
^
/Library/Developer/CommandLineTools/usr/bin/../include/c++/v1/complex:748:1: note: candidate template ignored: could not match 'complex' against 'basic_string'
operator==(const complex<_Tp>& __x, const complex<_Tp>& __y)
^
/Library/Developer/CommandLineTools/usr/bin/../include/c++/v1/complex:756:1: note: candidate template ignored: could not match 'complex' against 'basic_string'
operator==(const complex<_Tp>& __x, const _Tp& __y)
^
/Library/Developer/CommandLineTools/usr/bin/../include/c++/v1/complex:764:1: note: candidate template ignored: could not match 'complex<type-parameter-0-0>' against 'char'
operator==(const _Tp& __x, const complex<_Tp>& __y)
^
/Library/Developer/CommandLineTools/usr/bin/../include/c++/v1/deque:2880:1: note: candidate template ignored: could not match 'deque' against 'basic_string'
operator==(const deque<_Tp, _Allocator>& __x, const deque<_Tp, _Allocator>& __y)
^
/Library/Developer/CommandLineTools/usr/bin/../include/c++/v1/stack:256:1: note: candidate template ignored: could not match 'stack' against 'basic_string'
operator==(const stack<_Tp, _Container>& __x, const stack<_Tp, _Container>& __y)
^
/Library/Developer/CommandLineTools/usr/bin/../include/c++/v1/list:2414:1: note: candidate template ignored: could not match 'list' against 'basic_string'
operator==(const list<_Tp, _Alloc>& __x, const list<_Tp, _Alloc>& __y)
^
/Library/Developer/CommandLineTools/usr/bin/../include/c++/v1/map:1562:1: note: candidate template ignored: could not match 'map' against 'basic_string'
operator==(const map<_Key, _Tp, _Compare, _Allocator>& __x,
^
/Library/Developer/CommandLineTools/usr/bin/../include/c++/v1/map:2111:1: note: candidate template ignored: could not match 'multimap' against 'basic_string'
operator==(const multimap<_Key, _Tp, _Compare, _Allocator>& __x,
^
/Library/Developer/CommandLineTools/usr/bin/../include/c++/v1/vector:3360:1: note: candidate template ignored: could not match 'vector' against 'basic_string'
operator==(const vector<_Tp, _Allocator>& __x, const vector<_Tp, _Allocator>& __y)
^
/Library/Developer/CommandLineTools/usr/bin/../include/c++/v1/queue:362:1: note: candidate template ignored: could not match 'queue' against 'basic_string'
operator==(const queue<_Tp, _Container>& __x,const queue<_Tp, _Container>& __y)
^
/Library/Developer/CommandLineTools/usr/bin/../include/c++/v1/set:890:1: note: candidate template ignored: could not match 'set' against 'basic_string'
operator==(const set<_Key, _Compare, _Allocator>& __x,
^
/Library/Developer/CommandLineTools/usr/bin/../include/c++/v1/set:1410:1: note: candidate template ignored: could not match 'multiset' against 'basic_string'
operator==(const multiset<_Key, _Compare, _Allocator>& __x,
^
/Library/Developer/CommandLineTools/usr/bin/../include/c++/v1/valarray:4349:1: note: candidate template ignored: requirement '__is_val_expr<std::__1::basic_string<char> >::value' was not satisfied [with _Expr1 = std::__1::basic_string<char>, _Expr2 = char]
operator==(const _Expr1& __x, const _Expr2& __y)
^
/Library/Developer/CommandLineTools/usr/bin/../include/c++/v1/valarray:4364:1: note: candidate template ignored: requirement '__is_val_expr<std::__1::basic_string<char> >::value' was not satisfied [with _Expr = std::__1::basic_string<char>]
operator==(const _Expr& __x, const typename _Expr::value_type& __y)
^
/Library/Developer/CommandLineTools/usr/bin/../include/c++/v1/valarray:4380:1: note: candidate template ignored: substitution failure [with _Expr = char]: type 'char' cannot be used prior to '::' because it has no members
operator==(const typename _Expr::value_type& __x, const _Expr& __y)
^
../src/1Template.cpp:26:18: error: invalid operands to binary expression ('std::__1::string' (aka 'basic_string<char, char_traits<char>, allocator<char> >') and 'char')
                if (s=='1' && t=='0') ch1.push_back(2);
                              ~^ ~~~
/Library/Developer/CommandLineTools/usr/bin/../include/c++/v1/system_error:390:1: note: candidate function not viable: no known conversion from 'std::__1::string' (aka 'basic_string<char, char_traits<char>, allocator<char> >') to 'const std::__1::error_code' for 1st argument
operator==(const error_code& __x, const error_code& __y) _NOEXCEPT
^
/Library/Developer/CommandLineTools/usr/bin/../include/c++/v1/system_error:397:1: note: candidate function not viable: no known conversion from 'std::__1::string' (aka 'basic_string<char, char_traits<char>, allocator<char> >') to 'const std::__1::error_code' for 1st argument
operator==(const error_code& __x, const error_condition& __y) _NOEXCEPT
^
/Library/Developer/CommandLineTools/usr/bin/../include/c++/v1/system_error:405:1: note: candidate function not viable: no known conversion from 'std::__1::string' (aka 'basic_string<char, char_traits<char>, allocator<char> >') to 'const std::__1::error_condition' for 1st argument
operator==(const error_condition& __x, const error_code& __y) _NOEXCEPT
^
/Library/Developer/CommandLineTools/usr/bin/../include/c++/v1/system_error:412:1: note: candidate function not viable: no known conversion from 'std::__1::string' (aka 'basic_string<char, char_traits<char>, allocator<char> >') to 'const std::__1::error_condition' for 1st argument
operator==(const error_condition& __x, const error_condition& __y) _NOEXCEPT
^
/Library/Developer/CommandLineTools/usr/bin/../include/c++/v1/utility:579:1: note: candidate template ignored: could not match 'pair' against 'basic_string'
operator==(const pair<_T1,_T2>& __x, const pair<_T1,_T2>& __y)
^
/Library/Developer/CommandLineTools/usr/bin/../include/c++/v1/iterator:723:1: note: candidate template ignored: could not match 'reverse_iterator' against 'basic_string'
operator==(const reverse_iterator<_Iter1>& __x, const reverse_iterator<_Iter2>& __y)
^
/Library/Developer/CommandLineTools/usr/bin/../include/c++/v1/iterator:952:1: note: candidate template ignored: could not match 'istream_iterator' against 'basic_string'
operator==(const istream_iterator<_Tp, _CharT, _Traits, _Distance>& __x,
^
/Library/Developer/CommandLineTools/usr/bin/../include/c++/v1/iterator:1056:6: note: candidate template ignored: could not match 'istreambuf_iterator' against 'basic_string'
bool operator==(const istreambuf_iterator<_CharT,_Traits>& __a,
     ^
/Library/Developer/CommandLineTools/usr/bin/../include/c++/v1/iterator:1159:1: note: candidate template ignored: could not match 'move_iterator' against 'basic_string'
operator==(const move_iterator<_Iter1>& __x, const move_iterator<_Iter2>& __y)
^
/Library/Developer/CommandLineTools/usr/bin/../include/c++/v1/iterator:1531:1: note: candidate template ignored: could not match '__wrap_iter' against 'basic_string'
operator==(const __wrap_iter<_Iter1>& __x, const __wrap_iter<_Iter2>& __y) _NOEXCEPT
^
/Library/Developer/CommandLineTools/usr/bin/../include/c++/v1/memory:1986:6: note: candidate template ignored: could not match 'allocator' against 'basic_string'
bool operator==(const allocator<_Tp>&, const allocator<_Up>&) _NOEXCEPT {return true;}
     ^
/Library/Developer/CommandLineTools/usr/bin/../include/c++/v1/memory:2963:1: note: candidate template ignored: could not match 'unique_ptr' against 'basic_string'
operator==(const unique_ptr<_T1, _D1>& __x, const unique_ptr<_T2, _D2>& __y) {return __x.get() == __y.get();}
^
/Library/Developer/CommandLineTools/usr/bin/../include/c++/v1/memory:2999:1: note: candidate template ignored: could not match 'unique_ptr' against 'basic_string'
operator==(const unique_ptr<_T1, _D1>& __x, nullptr_t) _NOEXCEPT
^
/Library/Developer/CommandLineTools/usr/bin/../include/c++/v1/memory:3007:1: note: candidate template ignored: could not match 'unique_ptr<type-parameter-0-0, type-parameter-0-1>' against 'char'
operator==(nullptr_t, const unique_ptr<_T1, _D1>& __x) _NOEXCEPT
^
/Library/Developer/CommandLineTools/usr/bin/../include/c++/v1/memory:4795:1: note: candidate template ignored: could not match 'shared_ptr' against 'basic_string'
operator==(const shared_ptr<_Tp>& __x, const shared_ptr<_Up>& __y) _NOEXCEPT
^
/Library/Developer/CommandLineTools/usr/bin/../include/c++/v1/memory:4849:1: note: candidate template ignored: could not match 'shared_ptr' against 'basic_string'
operator==(const shared_ptr<_Tp>& __x, nullptr_t) _NOEXCEPT
^
/Library/Developer/CommandLineTools/usr/bin/../include/c++/v1/memory:4857:1: note: candidate template ignored: could not match 'shared_ptr<type-parameter-0-0>' against 'char'
operator==(nullptr_t, const shared_ptr<_Tp>& __x) _NOEXCEPT
^
/Library/Developer/CommandLineTools/usr/bin/../include/c++/v1/__functional_03:1568:1: note: candidate template ignored: could not match 'function' against 'basic_string'
operator==(const function<_Fp>& __f, nullptr_t) {return !__f;}
^
/Library/Developer/CommandLineTools/usr/bin/../include/c++/v1/__functional_03:1573:1: note: candidate template ignored: could not match 'function<type-parameter-0-0>' against 'char'
operator==(nullptr_t, const function<_Fp>& __f) {return !__f;}
^
/Library/Developer/CommandLineTools/usr/bin/../include/c++/v1/string_view:613:6: note: candidate template ignored: could not match 'basic_string_view' against 'basic_string'
bool operator==(basic_string_view<_CharT, _Traits> __lhs,
     ^
/Library/Developer/CommandLineTools/usr/bin/../include/c++/v1/string_view:622:6: note: candidate template ignored: could not match 'basic_string_view' against 'basic_string'
bool operator==(basic_string_view<_CharT, _Traits> __lhs,
     ^
/Library/Developer/CommandLineTools/usr/bin/../include/c++/v1/string_view:631:6: note: candidate template ignored: could not match 'basic_string_view<type-parameter-0-0, type-parameter-0-1>' against 'char'
bool operator==(typename common_type<basic_string_view<_CharT, _Traits> >::type __lhs,
     ^
/Library/Developer/CommandLineTools/usr/bin/../include/c++/v1/string:563:6: note: candidate template ignored: could not match 'fpos' against 'basic_string'
bool operator==(const fpos<_StateT>& __x, const fpos<_StateT>& __y)
     ^
/Library/Developer/CommandLineTools/usr/bin/../include/c++/v1/string:3834:1: note: candidate template ignored: could not match 'basic_string<type-parameter-0-0, type-parameter-0-1, type-parameter-0-2>' against 'char'
operator==(const basic_string<_CharT, _Traits, _Allocator>& __lhs,
^
/Library/Developer/CommandLineTools/usr/bin/../include/c++/v1/string:3846:1: note: candidate template ignored: could not match 'basic_string<char, std::__1::char_traits<char>, type-parameter-0-0>' against 'char'
operator==(const basic_string<char, char_traits<char>, _Allocator>& __lhs,
^
/Library/Developer/CommandLineTools/usr/bin/../include/c++/v1/string:3865:1: note: candidate template ignored: could not match 'const _CharT *' against 'std::__1::string' (aka 'basic_string<char, char_traits<char>, allocator<char> >')
operator==(const _CharT* __lhs,
^
/Library/Developer/CommandLineTools/usr/bin/../include/c++/v1/string:3878:1: note: candidate template ignored: could not match 'const _CharT *' against 'char'
operator==(const basic_string<_CharT,_Traits,_Allocator>& __lhs,
^
/Library/Developer/CommandLineTools/usr/bin/../include/c++/v1/complex:748:1: note: candidate template ignored: could not match 'complex' against 'basic_string'
operator==(const complex<_Tp>& __x, const complex<_Tp>& __y)
^
/Library/Developer/CommandLineTools/usr/bin/../include/c++/v1/complex:756:1: note: candidate template ignored: could not match 'complex' against 'basic_string'
operator==(const complex<_Tp>& __x, const _Tp& __y)
^
/Library/Developer/CommandLineTools/usr/bin/../include/c++/v1/complex:764:1: note: candidate template ignored: could not match 'complex<type-parameter-0-0>' against 'char'
operator==(const _Tp& __x, const complex<_Tp>& __y)
^
/Library/Developer/CommandLineTools/usr/bin/../include/c++/v1/deque:2880:1: note: candidate template ignored: could not match 'deque' against 'basic_string'
operator==(const deque<_Tp, _Allocator>& __x, const deque<_Tp, _Allocator>& __y)
^
/Library/Developer/CommandLineTools/usr/bin/../include/c++/v1/stack:256:1: note: candidate template ignored: could not match 'stack' against 'basic_string'
operator==(const stack<_Tp, _Container>& __x, const stack<_Tp, _Container>& __y)
^
/Library/Developer/CommandLineTools/usr/bin/../include/c++/v1/list:2414:1: note: candidate template ignored: could not match 'list' against 'basic_string'
operator==(const list<_Tp, _Alloc>& __x, const list<_Tp, _Alloc>& __y)
^
/Library/Developer/CommandLineTools/usr/bin/../include/c++/v1/map:1562:1: note: candidate template ignored: could not match 'map' against 'basic_string'
operator==(const map<_Key, _Tp, _Compare, _Allocator>& __x,
^
/Library/Developer/CommandLineTools/usr/bin/../include/c++/v1/map:2111:1: note: candidate template ignored: could not match 'multimap' against 'basic_string'
operator==(const multimap<_Key, _Tp, _Compare, _Allocator>& __x,
^
/Library/Developer/CommandLineTools/usr/bin/../include/c++/v1/vector:3360:1: note: candidate template ignored: could not match 'vector' against 'basic_string'
operator==(const vector<_Tp, _Allocator>& __x, const vector<_Tp, _Allocator>& __y)
^
/Library/Developer/CommandLineTools/usr/bin/../include/c++/v1/queue:362:1: note: candidate template ignored: could not match 'queue' against 'basic_string'
operator==(const queue<_Tp, _Container>& __x,const queue<_Tp, _Container>& __y)
^
/Library/Developer/CommandLineTools/usr/bin/../include/c++/v1/set:890:1: note: candidate template ignored: could not match 'set' against 'basic_string'
operator==(const set<_Key, _Compare, _Allocator>& __x,
^
/Library/Developer/CommandLineTools/usr/bin/../include/c++/v1/set:1410:1: note: candidate template ignored: could not match 'multiset' against 'basic_string'
operator==(const multiset<_Key, _Compare, _Allocator>& __x,
^
/Library/Developer/CommandLineTools/usr/bin/../include/c++/v1/valarray:4349:1: note: candidate template ignored: requirement '__is_val_expr<std::__1::basic_string<char> >::value' was not satisfied [with _Expr1 = std::__1::basic_string<char>, _Expr2 = char]
operator==(const _Expr1& __x, const _Expr2& __y)
^
/Library/Developer/CommandLineTools/usr/bin/../include/c++/v1/valarray:4364:1: note: candidate template ignored: requirement '__is_val_expr<std::__1::basic_string<char> >::value' was not satisfied [with _Expr = std::__1::basic_string<char>]
operator==(const _Expr& __x, const typename _Expr::value_type& __y)
^
/Library/Developer/CommandLineTools/usr/bin/../include/c++/v1/valarray:4380:1: note: candidate template ignored: substitution failure [with _Expr = char]: type 'char' cannot be used prior to '::' because it has no members
operator==(const typename _Expr::value_type& __x, const _Expr& __y)
^
4 errors generated.
make: *** [src/1Template.o] Error 1
"make all" terminated with exit code 2. Build might be incomplete.
09:17:19 **** Incremental Build of configuration Debug for project 1Template ****
make all 
Building file: ../src/1Template.cpp
Invoking: GCC C++ Compiler
g++ -O0 -g3 -Wall -c -fmessage-length=0 -MMD -MP -MF"src/1Template.d" -MT"src/1Template.o" -o "src/1Template.o" "../src/1Template.cpp"
Finished building: ../src/1Template.cpp
 
Building target: 1Template
Invoking: MacOS X C++ Linker
g++  -o "1Template"  ./src/1Template.o   
Finished building target: 1Template
 
09:17:28 **** Incremental Build of configuration Debug for project 1Template ****
make all 
make: Nothing to be done for `all'.
09:17:50 **** Incremental Build of configuration Debug for project 1Template ****
make all 
Building file: ../src/1Template.cpp
Invoking: GCC C++ Compiler
g++ -O0 -g3 -Wall -c -fmessage-length=0 -MMD -MP -MF"src/1Template.d" -MT"src/1Template.o" -o "src/1Template.o" "../src/1Template.cpp"
Finished building: ../src/1Template.cpp
 
Building target: 1Template
Invoking: MacOS X C++ Linker
g++  -o "1Template"  ./src/1Template.o   
Finished building target: 1Template
 
09:18:18 **** Incremental Build of configuration Debug for project 1Template ****
make all 
Building file: ../src/1Template.cpp
Invoking: GCC C++ Compiler
g++ -O0 -g3 -Wall -c -fmessage-length=0 -MMD -MP -MF"src/1Template.d" -MT"src/1Template.o" -o "src/1Template.o" "../src/1Template.cpp"
Finished building: ../src/1Template.cpp
 
Building target: 1Template
Invoking: MacOS X C++ Linker
g++  -o "1Template"  ./src/1Template.o   
Finished building target: 1Template
 
09:18:22 **** Incremental Build of configuration Debug for project 1Template ****
make all 
make: Nothing to be done for `all'.
09:18:28 **** Incremental Build of configuration Debug for project 1Template ****
make all 
make: Nothing to be done for `all'.
09:18:31 **** Incremental Build of configuration Debug for project 1Template ****
make all 
make: Nothing to be done for `all'.
09:18:36 **** Incremental Build of configuration Debug for project 1Template ****
make all 
make: Nothing to be done for `all'.
09:21:02 **** Incremental Build of configuration Debug for project 1Template ****
make all 
make: Nothing to be done for `all'.
09:21:20 **** Incremental Build of configuration Debug for project 1Template ****
make all 
make: Nothing to be done for `all'.
09:21:49 **** Incremental Build of configuration Debug for project 1Template ****
make all 
make: Nothing to be done for `all'.
09:24:00 **** Incremental Build of configuration Debug for project 1Template ****
make all 
make: Nothing to be done for `all'.
09:24:31 **** Incremental Build of configuration Debug for project 1Template ****
make all 
make: Nothing to be done for `all'.
09:24:50 **** Incremental Build of configuration Debug for project 1Template ****
make all 
make: Nothing to be done for `all'.
09:41:19 **** Incremental Build of configuration Debug for project 1Template ****
make all 
Building file: ../src/1Template.cpp
Invoking: GCC C++ Compiler
g++ -O0 -g3 -Wall -c -fmessage-length=0 -MMD -MP -MF"src/1Template.d" -MT"src/1Template.o" -o "src/1Template.o" "../src/1Template.cpp"
Finished building: ../src/1Template.cpp
 
Building target: 1Template
Invoking: MacOS X C++ Linker
g++  -o "1Template"  ./src/1Template.o   
Finished building target: 1Template
 
09:41:25 **** Incremental Build of configuration Debug for project 1Template ****
make all 
make: Nothing to be done for `all'.
09:41:30 **** Incremental Build of configuration Debug for project 1Template ****
make all 
make: Nothing to be done for `all'.
09:41:37 **** Incremental Build of configuration Debug for project 1Template ****
make all 
make: Nothing to be done for `all'.
09:44:41 **** Incremental Build of configuration Debug for project 1Template ****
make all 
Building file: ../src/1Template.cpp
Invoking: GCC C++ Compiler
g++ -O0 -g3 -Wall -c -fmessage-length=0 -MMD -MP -MF"src/1Template.d" -MT"src/1Template.o" -o "src/1Template.o" "../src/1Template.cpp"
../src/1Template.cpp:30:23: warning: unused variable 'b2' [-Wunused-variable]
        int block = 0, b1=0, b2=0;
                             ^
../src/1Template.cpp:30:17: warning: unused variable 'b1' [-Wunused-variable]
        int block = 0, b1=0, b2=0;
                       ^
2 warnings generated.
Finished building: ../src/1Template.cpp
 
Building target: 1Template
Invoking: MacOS X C++ Linker
g++  -o "1Template"  ./src/1Template.o   
Finished building target: 1Template
 
09:45:04 **** Incremental Build of configuration Debug for project 1Template ****
make all 
Building file: ../src/1Template.cpp
Invoking: GCC C++ Compiler
g++ -O0 -g3 -Wall -c -fmessage-length=0 -MMD -MP -MF"src/1Template.d" -MT"src/1Template.o" -o "src/1Template.o" "../src/1Template.cpp"
../src/1Template.cpp:30:23: warning: unused variable 'b2' [-Wunused-variable]
        int block = 0, b1=0, b2=0;
                             ^
../src/1Template.cpp:30:17: warning: unused variable 'b1' [-Wunused-variable]
        int block = 0, b1=0, b2=0;
                       ^
2 warnings generated.
Finished building: ../src/1Template.cpp
 
Building target: 1Template
Invoking: MacOS X C++ Linker
g++  -o "1Template"  ./src/1Template.o   
Finished building target: 1Template
 
09:45:08 **** Incremental Build of configuration Debug for project 1Template ****
make all 
make: Nothing to be done for `all'.
09:45:11 **** Incremental Build of configuration Debug for project 1Template ****
make all 
make: Nothing to be done for `all'.
09:45:14 **** Incremental Build of configuration Debug for project 1Template ****
make all 
make: Nothing to be done for `all'.
09:45:17 **** Incremental Build of configuration Debug for project 1Template ****
make all 
make: Nothing to be done for `all'.
09:45:20 **** Incremental Build of configuration Debug for project 1Template ****
make all 
make: Nothing to be done for `all'.
09:45:22 **** Incremental Build of configuration Debug for project 1Template ****
make all 
make: Nothing to be done for `all'.
07:06:11 **** Incremental Build of configuration Debug for project 1Template ****
make all 
Building file: ../src/1Template.cpp
Invoking: GCC C++ Compiler
g++ -O0 -g3 -Wall -c -fmessage-length=0 -MMD -MP -MF"src/1Template.d" -MT"src/1Template.o" -o "src/1Template.o" "../src/1Template.cpp"
../src/1Template.cpp:41:2: error: expected expression
        else YES();
        ^
1 error generated.
make: *** [src/1Template.o] Error 1
"make all" terminated with exit code 2. Build might be incomplete.
07:06:19 **** Incremental Build of configuration Debug for project 1Template ****
make all 
Building file: ../src/1Template.cpp
Invoking: GCC C++ Compiler
g++ -O0 -g3 -Wall -c -fmessage-length=0 -MMD -MP -MF"src/1Template.d" -MT"src/1Template.o" -o "src/1Template.o" "../src/1Template.cpp"
../src/1Template.cpp:41:2: error: expected expression
        else YES();
        ^
1 error generated.
make: *** [src/1Template.o] Error 1
"make all" terminated with exit code 2. Build might be incomplete.
07:06:33 **** Incremental Build of configuration Debug for project 1Template ****
make all 
Building file: ../src/1Template.cpp
Invoking: GCC C++ Compiler
g++ -O0 -g3 -Wall -c -fmessage-length=0 -MMD -MP -MF"src/1Template.d" -MT"src/1Template.o" -o "src/1Template.o" "../src/1Template.cpp"
../src/1Template.cpp:41:2: error: expected expression
        else {cout <<"YES"<<endl;};
        ^
1 error generated.
make: *** [src/1Template.o] Error 1
"make all" terminated with exit code 2. Build might be incomplete.
07:06:44 **** Incremental Build of configuration Debug for project 1Template ****
make all 
Building file: ../src/1Template.cpp
Invoking: GCC C++ Compiler
g++ -O0 -g3 -Wall -c -fmessage-length=0 -MMD -MP -MF"src/1Template.d" -MT"src/1Template.o" -o "src/1Template.o" "../src/1Template.cpp"
Finished building: ../src/1Template.cpp
 
Building target: 1Template
Invoking: MacOS X C++ Linker
g++  -o "1Template"  ./src/1Template.o   
Finished building target: 1Template
 
07:10:15 **** Incremental Build of configuration Debug for project 1Template ****
make all 
Building file: ../src/1Template.cpp
Invoking: GCC C++ Compiler
g++ -O0 -g3 -Wall -c -fmessage-length=0 -MMD -MP -MF"src/1Template.d" -MT"src/1Template.o" -o "src/1Template.o" "../src/1Template.cpp"
Finished building: ../src/1Template.cpp
 
Building target: 1Template
Invoking: MacOS X C++ Linker
g++  -o "1Template"  ./src/1Template.o   
Finished building target: 1Template
 
07:25:39 **** Incremental Build of configuration Debug for project 1Template ****
make all 
Building file: ../src/1Template.cpp
Invoking: GCC C++ Compiler
g++ -O0 -g3 -Wall -c -fmessage-length=0 -MMD -MP -MF"src/1Template.d" -MT"src/1Template.o" -o "src/1Template.o" "../src/1Template.cpp"
Finished building: ../src/1Template.cpp
 
Building target: 1Template
Invoking: MacOS X C++ Linker
g++  -o "1Template"  ./src/1Template.o   
Finished building target: 1Template
 
07:26:14 **** Incremental Build of configuration Debug for project 1Template ****
make all 
Building file: ../src/1Template.cpp
Invoking: GCC C++ Compiler
g++ -O0 -g3 -Wall -c -fmessage-length=0 -MMD -MP -MF"src/1Template.d" -MT"src/1Template.o" -o "src/1Template.o" "../src/1Template.cpp"
../src/1Template.cpp:48:26: error: invalid operands to binary expression ('const char [1]' and 'std::__1::string' (aka 'basic_string<char, char_traits<char>, allocator<char> >'))
        cout << (in<in2)?"10":""<<t<<endl;
                              ~~^ ~
/Library/Developer/CommandLineTools/usr/bin/../include/c++/v1/ostream:748:1: note: candidate template ignored: could not match 'basic_ostream<type-parameter-0-0, type-parameter-0-1>' against 'char const[1]'
operator<<(basic_ostream<_CharT, _Traits>& __os, _CharT __c)
^
/Library/Developer/CommandLineTools/usr/bin/../include/c++/v1/ostream:755:1: note: candidate template ignored: could not match 'basic_ostream<type-parameter-0-0, type-parameter-0-1>' against 'char const[1]'
operator<<(basic_ostream<_CharT, _Traits>& __os, char __cn)
^
/Library/Developer/CommandLineTools/usr/bin/../include/c++/v1/ostream:788:1: note: candidate template ignored: could not match 'basic_ostream<char, type-parameter-0-0>' against 'char const[1]'
operator<<(basic_ostream<char, _Traits>& __os, char __c)
^
/Library/Developer/CommandLineTools/usr/bin/../include/c++/v1/ostream:795:1: note: candidate template ignored: could not match 'basic_ostream<char, type-parameter-0-0>' against 'char const[1]'
operator<<(basic_ostream<char, _Traits>& __os, signed char __c)
^
/Library/Developer/CommandLineTools/usr/bin/../include/c++/v1/ostream:802:1: note: candidate template ignored: could not match 'basic_ostream<char, type-parameter-0-0>' against 'char const[1]'
operator<<(basic_ostream<char, _Traits>& __os, unsigned char __c)
^
/Library/Developer/CommandLineTools/usr/bin/../include/c++/v1/ostream:809:1: note: candidate template ignored: could not match 'basic_ostream<type-parameter-0-0, type-parameter-0-1>' against 'char const[1]'
operator<<(basic_ostream<_CharT, _Traits>& __os, const _CharT* __str)
^
/Library/Developer/CommandLineTools/usr/bin/../include/c++/v1/ostream:816:1: note: candidate template ignored: could not match 'basic_ostream<type-parameter-0-0, type-parameter-0-1>' against 'char const[1]'
operator<<(basic_ostream<_CharT, _Traits>& __os, const char* __strn)
^
/Library/Developer/CommandLineTools/usr/bin/../include/c++/v1/ostream:862:1: note: candidate template ignored: could not match 'basic_ostream<char, type-parameter-0-0>' against 'char const[1]'
operator<<(basic_ostream<char, _Traits>& __os, const char* __str)
^
/Library/Developer/CommandLineTools/usr/bin/../include/c++/v1/ostream:869:1: note: candidate template ignored: could not match 'basic_ostream<char, type-parameter-0-0>' against 'char const[1]'
operator<<(basic_ostream<char, _Traits>& __os, const signed char* __str)
^
/Library/Developer/CommandLineTools/usr/bin/../include/c++/v1/ostream:877:1: note: candidate template ignored: could not match 'basic_ostream<char, type-parameter-0-0>' against 'char const[1]'
operator<<(basic_ostream<char, _Traits>& __os, const unsigned char* __str)
^
/Library/Developer/CommandLineTools/usr/bin/../include/c++/v1/ostream:1044:1: note: candidate template ignored: could not match 'basic_ostream<type-parameter-0-0, type-parameter-0-1>' against 'char const[1]'
operator<<(basic_ostream<_CharT, _Traits>& __os,
^
/Library/Developer/CommandLineTools/usr/bin/../include/c++/v1/ostream:1052:1: note: candidate template ignored: could not match 'basic_ostream<type-parameter-0-0, type-parameter-0-1>' against 'char const[1]'
operator<<(basic_ostream<_CharT, _Traits>& __os,
^
/Library/Developer/CommandLineTools/usr/bin/../include/c++/v1/ostream:1061:1: note: candidate template ignored: could not match 'basic_ostream<type-parameter-0-0, type-parameter-0-1>' against 'char const[1]'
operator<<(basic_ostream<_CharT, _Traits>& __os, const error_code& __ec)
^
/Library/Developer/CommandLineTools/usr/bin/../include/c++/v1/ostream:1069:1: note: candidate template ignored: could not match 'basic_ostream<type-parameter-0-0, type-parameter-0-1>' against 'char const[1]'
operator<<(basic_ostream<_CharT, _Traits>& __os, shared_ptr<_Yp> const& __p)
^
/Library/Developer/CommandLineTools/usr/bin/../include/c++/v1/ostream:1081:1: note: candidate template ignored: could not match 'basic_ostream<type-parameter-0-0, type-parameter-0-1>' against 'char const[1]'
operator<<(basic_ostream<_CharT, _Traits>& __os, unique_ptr<_Yp, _Dp> const& __p)
^
/Library/Developer/CommandLineTools/usr/bin/../include/c++/v1/ostream:1088:1: note: candidate template ignored: could not match 'basic_ostream<type-parameter-0-0, type-parameter-0-1>' against 'char const[1]'
operator<<(basic_ostream<_CharT, _Traits>& __os, const bitset<_Size>& __x)
^
/Library/Developer/CommandLineTools/usr/bin/../include/c++/v1/complex:1442:1: note: candidate template ignored: could not match 'basic_ostream<type-parameter-0-1, type-parameter-0-2>' against 'char const[1]'
operator<<(basic_ostream<_CharT, _Traits>& __os, const complex<_Tp>& __x)
^
/Library/Developer/CommandLineTools/usr/bin/../include/c++/v1/iomanip:362:1: note: candidate template ignored: could not match 'basic_ostream<type-parameter-0-0, type-parameter-0-1>' against 'char const[1]'
operator<<(basic_ostream<_CharT, _Traits>& __os, const __iom_t8<_MoneyT>& __x)
^
/Library/Developer/CommandLineTools/usr/bin/../include/c++/v1/iomanip:482:1: note: candidate template ignored: could not match 'basic_ostream<type-parameter-0-0, type-parameter-0-1>' against 'char const[1]'
operator<<(basic_ostream<_CharT, _Traits>& __os, const __iom_t10<_CharT>& __x)
^
/Library/Developer/CommandLineTools/usr/bin/../include/c++/v1/iomanip:572:33: note: candidate template ignored: could not match 'basic_ostream<type-parameter-0-0, type-parameter-0-1>' against 'char const[1]'
basic_ostream<_CharT, _Traits>& operator<<(
                                ^
/Library/Developer/CommandLineTools/usr/bin/../include/c++/v1/iomanip:592:33: note: candidate template ignored: could not match 'basic_ostream<type-parameter-0-0, type-parameter-0-1>' against 'char const[1]'
basic_ostream<_CharT, _Traits>& operator<<(
                                ^
/Library/Developer/CommandLineTools/usr/bin/../include/c++/v1/valarray:4165:1: note: candidate template ignored: substitution failure [with _Expr1 = char [1], _Expr2 = std::__1::basic_string<char>]: type 'char [1]' cannot be used prior to '::' because it has no members
operator<<(const _Expr1& __x, const _Expr2& __y)
^
/Library/Developer/CommandLineTools/usr/bin/../include/c++/v1/valarray:4180:1: note: candidate template ignored: substitution failure [with _Expr = char [1]]: type 'char [1]' cannot be used prior to '::' because it has no members
operator<<(const _Expr& __x, const typename _Expr::value_type& __y)
^
/Library/Developer/CommandLineTools/usr/bin/../include/c++/v1/valarray:4196:1: note: candidate template ignored: requirement '__is_val_expr<std::__1::basic_string<char> >::value' was not satisfied [with _Expr = std::__1::basic_string<char>]
operator<<(const typename _Expr::value_type& __x, const _Expr& __y)
^
1 error generated.
make: *** [src/1Template.o] Error 1
"make all" terminated with exit code 2. Build might be incomplete.
07:26:20 **** Incremental Build of configuration Debug for project 1Template ****
make all 
Building file: ../src/1Template.cpp
Invoking: GCC C++ Compiler
g++ -O0 -g3 -Wall -c -fmessage-length=0 -MMD -MP -MF"src/1Template.d" -MT"src/1Template.o" -o "src/1Template.o" "../src/1Template.cpp"
Finished building: ../src/1Template.cpp
 
Building target: 1Template
Invoking: MacOS X C++ Linker
g++  -o "1Template"  ./src/1Template.o   
Finished building target: 1Template
 
07:27:12 **** Incremental Build of configuration Debug for project 1Template ****
make all 
Building file: ../src/1Template.cpp
Invoking: GCC C++ Compiler
g++ -O0 -g3 -Wall -c -fmessage-length=0 -MMD -MP -MF"src/1Template.d" -MT"src/1Template.o" -o "src/1Template.o" "../src/1Template.cpp"
Finished building: ../src/1Template.cpp
 
Building target: 1Template
Invoking: MacOS X C++ Linker
g++  -o "1Template"  ./src/1Template.o   
Finished building target: 1Template
 
07:27:25 **** Incremental Build of configuration Debug for project 1Template ****
make all 
make: Nothing to be done for `all'.
07:53:15 **** Incremental Build of configuration Debug for project 1Template ****
make all 
Building file: ../src/1Template.cpp
Invoking: GCC C++ Compiler
g++ -O0 -g3 -Wall -c -fmessage-length=0 -MMD -MP -MF"src/1Template.d" -MT"src/1Template.o" -o "src/1Template.o" "../src/1Template.cpp"
../src/1Template.cpp:50:18: warning: variable 'k' is uninitialized when used here [-Wuninitialized]
        for (int i=0; i<k; i++) cin >> b[i];
                        ^
../src/1Template.cpp:43:14: note: initialize the variable 'k' to silence this warning
        int n; int k;
                    ^
                     = 0
../src/1Template.cpp:46:18: warning: variable 'n' is uninitialized when used here [-Wuninitialized]
        for (int i=0; i<n; i++) {
                        ^
../src/1Template.cpp:43:7: note: initialize the variable 'n' to silence this warning
        int n; int k;
             ^
              = 0
2 warnings generated.
Finished building: ../src/1Template.cpp
 
Building target: 1Template
Invoking: MacOS X C++ Linker
g++  -o "1Template"  ./src/1Template.o   
Finished building target: 1Template
 
07:53:36 **** Incremental Build of configuration Debug for project 1Template ****
make all 
Building file: ../src/1Template.cpp
Invoking: GCC C++ Compiler
g++ -O0 -g3 -Wall -c -fmessage-length=0 -MMD -MP -MF"src/1Template.d" -MT"src/1Template.o" -o "src/1Template.o" "../src/1Template.cpp"
Finished building: ../src/1Template.cpp
 
Building target: 1Template
Invoking: MacOS X C++ Linker
g++  -o "1Template"  ./src/1Template.o   
Finished building target: 1Template
 
07:55:31 **** Incremental Build of configuration Debug for project 1Template ****
make all 
Building file: ../src/1Template.cpp
Invoking: GCC C++ Compiler
g++ -O0 -g3 -Wall -c -fmessage-length=0 -MMD -MP -MF"src/1Template.d" -MT"src/1Template.o" -o "src/1Template.o" "../src/1Template.cpp"
Finished building: ../src/1Template.cpp
 
Building target: 1Template
Invoking: MacOS X C++ Linker
g++  -o "1Template"  ./src/1Template.o   
Finished building target: 1Template
 
07:56:00 **** Incremental Build of configuration Debug for project 1Template ****
make all 
Building file: ../src/1Template.cpp
Invoking: GCC C++ Compiler
g++ -O0 -g3 -Wall -c -fmessage-length=0 -MMD -MP -MF"src/1Template.d" -MT"src/1Template.o" -o "src/1Template.o" "../src/1Template.cpp"
Finished building: ../src/1Template.cpp
 
Building target: 1Template
Invoking: MacOS X C++ Linker
g++  -o "1Template"  ./src/1Template.o   
Finished building target: 1Template
 
07:56:12 **** Incremental Build of configuration Debug for project 1Template ****
make all 
Building file: ../src/1Template.cpp
Invoking: GCC C++ Compiler
g++ -O0 -g3 -Wall -c -fmessage-length=0 -MMD -MP -MF"src/1Template.d" -MT"src/1Template.o" -o "src/1Template.o" "../src/1Template.cpp"
Finished building: ../src/1Template.cpp
 
Building target: 1Template
Invoking: MacOS X C++ Linker
g++  -o "1Template"  ./src/1Template.o   
Finished building target: 1Template
 
07:56:37 **** Incremental Build of configuration Debug for project 1Template ****
make all 
Building file: ../src/1Template.cpp
Invoking: GCC C++ Compiler
g++ -O0 -g3 -Wall -c -fmessage-length=0 -MMD -MP -MF"src/1Template.d" -MT"src/1Template.o" -o "src/1Template.o" "../src/1Template.cpp"
Finished building: ../src/1Template.cpp
 
Building target: 1Template
Invoking: MacOS X C++ Linker
g++  -o "1Template"  ./src/1Template.o   
Finished building target: 1Template
 
07:56:49 **** Incremental Build of configuration Debug for project 1Template ****
make all 
Building file: ../src/1Template.cpp
Invoking: GCC C++ Compiler
g++ -O0 -g3 -Wall -c -fmessage-length=0 -MMD -MP -MF"src/1Template.d" -MT"src/1Template.o" -o "src/1Template.o" "../src/1Template.cpp"
Finished building: ../src/1Template.cpp
 
Building target: 1Template
Invoking: MacOS X C++ Linker
g++  -o "1Template"  ./src/1Template.o   
Finished building target: 1Template
 
08:06:47 **** Incremental Build of configuration Debug for project 1Template ****
make all 
make: Nothing to be done for `all'.
08:07:18 **** Incremental Build of configuration Debug for project 1Template ****
make all 
Building file: ../src/1Template.cpp
Invoking: GCC C++ Compiler
g++ -O0 -g3 -Wall -c -fmessage-length=0 -MMD -MP -MF"src/1Template.d" -MT"src/1Template.o" -o "src/1Template.o" "../src/1Template.cpp"
Finished building: ../src/1Template.cpp
 
Building target: 1Template
Invoking: MacOS X C++ Linker
g++  -o "1Template"  ./src/1Template.o   
Finished building target: 1Template
 
08:07:24 **** Incremental Build of configuration Debug for project 1Template ****
make all 
make: Nothing to be done for `all'.
08:08:54 **** Incremental Build of configuration Debug for project 1Template ****
make all 
make: Nothing to be done for `all'.
08:12:59 **** Incremental Build of configuration Debug for project 1Template ****
make all 
make: Nothing to be done for `all'.
08:13:18 **** Incremental Build of configuration Debug for project 1Template ****
make all 
make: Nothing to be done for `all'.
08:13:34 **** Incremental Build of configuration Debug for project 1Template ****
make all 
make: Nothing to be done for `all'.
08:14:56 **** Incremental Build of configuration Debug for project 1Template ****
make all 
make: Nothing to be done for `all'.
08:15:19 **** Incremental Build of configuration Debug for project 1Template ****
make all 
make: Nothing to be done for `all'.
08:42:59 **** Incremental Build of configuration Debug for project 1Template ****
make all 
make: Nothing to be done for `all'.
08:44:43 **** Incremental Build of configuration Debug for project 1Template ****
make all 
make: Nothing to be done for `all'.
08:44:49 **** Incremental Build of configuration Debug for project 1Template ****
make all 
Building file: ../src/1Template.cpp
Invoking: GCC C++ Compiler
g++ -O0 -g3 -Wall -c -fmessage-length=0 -MMD -MP -MF"src/1Template.d" -MT"src/1Template.o" -o "src/1Template.o" "../src/1Template.cpp"
../src/1Template.cpp:62:10: error: expected ';' after expression
        bi = o;1
                ^
                ;
../src/1Template.cpp:62:9: warning: expression result unused [-Wunused-value]
        bi = o;1
               ^
1 warning and 1 error generated.
make: *** [src/1Template.o] Error 1
"make all" terminated with exit code 2. Build might be incomplete.
08:45:05 **** Incremental Build of configuration Debug for project 1Template ****
make all 
Building file: ../src/1Template.cpp
Invoking: GCC C++ Compiler
g++ -O0 -g3 -Wall -c -fmessage-length=0 -MMD -MP -MF"src/1Template.d" -MT"src/1Template.o" -o "src/1Template.o" "../src/1Template.cpp"
Finished building: ../src/1Template.cpp
 
Building target: 1Template
Invoking: MacOS X C++ Linker
g++  -o "1Template"  ./src/1Template.o   
Finished building target: 1Template
 
08:47:47 **** Incremental Build of configuration Debug for project 1Template ****
make all 
Building file: ../src/1Template.cpp
Invoking: GCC C++ Compiler
g++ -O0 -g3 -Wall -c -fmessage-length=0 -MMD -MP -MF"src/1Template.d" -MT"src/1Template.o" -o "src/1Template.o" "../src/1Template.cpp"
Finished building: ../src/1Template.cpp
 
Building target: 1Template
Invoking: MacOS X C++ Linker
g++  -o "1Template"  ./src/1Template.o   
Finished building target: 1Template
 
08:51:09 **** Incremental Build of configuration Debug for project 1Template ****
make all 
make: Nothing to be done for `all'.
08:54:12 **** Incremental Build of configuration Debug for project 1Template ****
make all 
make: Nothing to be done for `all'.
09:01:04 **** Incremental Build of configuration Debug for project 1Template ****
make all 
Building file: ../src/1Template.cpp
Invoking: GCC C++ Compiler
g++ -O0 -g3 -Wall -c -fmessage-length=0 -MMD -MP -MF"src/1Template.d" -MT"src/1Template.o" -o "src/1Template.o" "../src/1Template.cpp"
Finished building: ../src/1Template.cpp
 
Building target: 1Template
Invoking: MacOS X C++ Linker
g++  -o "1Template"  ./src/1Template.o   
Finished building target: 1Template
 
09:01:50 **** Incremental Build of configuration Debug for project 1Template ****
make all 
make: Nothing to be done for `all'.
07:42:21 **** Incremental Build of configuration Debug for project 1Template ****
make all 
Building file: ../src/1Template.cpp
Invoking: GCC C++ Compiler
g++ -O0 -g3 -Wall -c -fmessage-length=0 -MMD -MP -MF"src/1Template.d" -MT"src/1Template.o" -o "src/1Template.o" "../src/1Template.cpp"
../src/1Template.cpp:45:12: warning: expression result unused [-Wunused-value]
        if (a < (c*1,0)/b) {
                 ~^~
1 warning generated.
Finished building: ../src/1Template.cpp
 
Building target: 1Template
Invoking: MacOS X C++ Linker
g++  -o "1Template"  ./src/1Template.o   
Finished building target: 1Template
 
07:42:27 **** Incremental Build of configuration Debug for project 1Template ****
make all 
make: Nothing to be done for `all'.
07:42:45 **** Incremental Build of configuration Debug for project 1Template ****
make all 
Building file: ../src/1Template.cpp
Invoking: GCC C++ Compiler
g++ -O0 -g3 -Wall -c -fmessage-length=0 -MMD -MP -MF"src/1Template.d" -MT"src/1Template.o" -o "src/1Template.o" "../src/1Template.cpp"
Finished building: ../src/1Template.cpp
 
Building target: 1Template
Invoking: MacOS X C++ Linker
g++  -o "1Template"  ./src/1Template.o   
Finished building target: 1Template
 
07:43:01 **** Incremental Build of configuration Debug for project 1Template ****
make all 
Building file: ../src/1Template.cpp
Invoking: GCC C++ Compiler
g++ -O0 -g3 -Wall -c -fmessage-length=0 -MMD -MP -MF"src/1Template.d" -MT"src/1Template.o" -o "src/1Template.o" "../src/1Template.cpp"
Finished building: ../src/1Template.cpp
 
Building target: 1Template
Invoking: MacOS X C++ Linker
g++  -o "1Template"  ./src/1Template.o   
Finished building target: 1Template
 
07:43:03 **** Incremental Build of configuration Debug for project 1Template ****
make all 
make: Nothing to be done for `all'.
07:43:25 **** Incremental Build of configuration Debug for project 1Template ****
make all 
Building file: ../src/1Template.cpp
Invoking: GCC C++ Compiler
g++ -O0 -g3 -Wall -c -fmessage-length=0 -MMD -MP -MF"src/1Template.d" -MT"src/1Template.o" -o "src/1Template.o" "../src/1Template.cpp"
Finished building: ../src/1Template.cpp
 
Building target: 1Template
Invoking: MacOS X C++ Linker
g++  -o "1Template"  ./src/1Template.o   
Finished building target: 1Template
 
07:43:52 **** Incremental Build of configuration Debug for project 1Template ****
make all 
Building file: ../src/1Template.cpp
Invoking: GCC C++ Compiler
g++ -O0 -g3 -Wall -c -fmessage-length=0 -MMD -MP -MF"src/1Template.d" -MT"src/1Template.o" -o "src/1Template.o" "../src/1Template.cpp"
Finished building: ../src/1Template.cpp
 
Building target: 1Template
Invoking: MacOS X C++ Linker
g++  -o "1Template"  ./src/1Template.o   
Finished building target: 1Template
 
07:44:45 **** Incremental Build of configuration Debug for project 1Template ****
make all 
Building file: ../src/1Template.cpp
Invoking: GCC C++ Compiler
g++ -O0 -g3 -Wall -c -fmessage-length=0 -MMD -MP -MF"src/1Template.d" -MT"src/1Template.o" -o "src/1Template.o" "../src/1Template.cpp"
Finished building: ../src/1Template.cpp
 
Building target: 1Template
Invoking: MacOS X C++ Linker
g++  -o "1Template"  ./src/1Template.o   
Finished building target: 1Template
 
07:46:43 **** Incremental Build of configuration Debug for project 1Template ****
make all 
Building file: ../src/1Template.cpp
Invoking: GCC C++ Compiler
g++ -O0 -g3 -Wall -c -fmessage-length=0 -MMD -MP -MF"src/1Template.d" -MT"src/1Template.o" -o "src/1Template.o" "../src/1Template.cpp"
Finished building: ../src/1Template.cpp
 
Building target: 1Template
Invoking: MacOS X C++ Linker
g++  -o "1Template"  ./src/1Template.o   
Finished building target: 1Template
 
08:00:32 **** Incremental Build of configuration Debug for project 1Template ****
make all 
Building file: ../src/1Template.cpp
Invoking: GCC C++ Compiler
g++ -O0 -g3 -Wall -c -fmessage-length=0 -MMD -MP -MF"src/1Template.d" -MT"src/1Template.o" -o "src/1Template.o" "../src/1Template.cpp"
../src/1Template.cpp:50:6: warning: unused variable 'm2' [-Wunused-variable]
        int m2 = mdel;
            ^
1 warning generated.
Finished building: ../src/1Template.cpp
 
Building target: 1Template
Invoking: MacOS X C++ Linker
g++  -o "1Template"  ./src/1Template.o   
Finished building target: 1Template
 
08:00:37 **** Incremental Build of configuration Debug for project 1Template ****
make all 
make: Nothing to be done for `all'.
08:00:53 **** Incremental Build of configuration Debug for project 1Template ****
make all 
Building file: ../src/1Template.cpp
Invoking: GCC C++ Compiler
g++ -O0 -g3 -Wall -c -fmessage-length=0 -MMD -MP -MF"src/1Template.d" -MT"src/1Template.o" -o "src/1Template.o" "../src/1Template.cpp"
../src/1Template.cpp:50:6: warning: unused variable 'm2' [-Wunused-variable]
        int m2 = mdel;
            ^
1 warning generated.
Finished building: ../src/1Template.cpp
 
Building target: 1Template
Invoking: MacOS X C++ Linker
g++  -o "1Template"  ./src/1Template.o   
Finished building target: 1Template
 
08:01:58 **** Incremental Build of configuration Debug for project 1Template ****
make all 
Building file: ../src/1Template.cpp
Invoking: GCC C++ Compiler
g++ -O0 -g3 -Wall -c -fmessage-length=0 -MMD -MP -MF"src/1Template.d" -MT"src/1Template.o" -o "src/1Template.o" "../src/1Template.cpp"
../src/1Template.cpp:50:6: warning: unused variable 'm2' [-Wunused-variable]
        int m2 = mdel;
            ^
1 warning generated.
Finished building: ../src/1Template.cpp
 
Building target: 1Template
Invoking: MacOS X C++ Linker
g++  -o "1Template"  ./src/1Template.o   
Finished building target: 1Template
 
08:02:24 **** Incremental Build of configuration Debug for project 1Template ****
make all 
Building file: ../src/1Template.cpp
Invoking: GCC C++ Compiler
g++ -O0 -g3 -Wall -c -fmessage-length=0 -MMD -MP -MF"src/1Template.d" -MT"src/1Template.o" -o "src/1Template.o" "../src/1Template.cpp"
../src/1Template.cpp:50:6: warning: unused variable 'm2' [-Wunused-variable]
        int m2 = mdel;
            ^
1 warning generated.
Finished building: ../src/1Template.cpp
 
Building target: 1Template
Invoking: MacOS X C++ Linker
g++  -o "1Template"  ./src/1Template.o   
Finished building target: 1Template
 
08:02:52 **** Incremental Build of configuration Debug for project 1Template ****
make all 
Building file: ../src/1Template.cpp
Invoking: GCC C++ Compiler
g++ -O0 -g3 -Wall -c -fmessage-length=0 -MMD -MP -MF"src/1Template.d" -MT"src/1Template.o" -o "src/1Template.o" "../src/1Template.cpp"
../src/1Template.cpp:50:6: warning: unused variable 'm2' [-Wunused-variable]
        int m2 = mdel;
            ^
1 warning generated.
Finished building: ../src/1Template.cpp
 
Building target: 1Template
Invoking: MacOS X C++ Linker
g++  -o "1Template"  ./src/1Template.o   
Finished building target: 1Template
 
08:03:02 **** Incremental Build of configuration Debug for project 1Template ****
make all 
Building file: ../src/1Template.cpp
Invoking: GCC C++ Compiler
g++ -O0 -g3 -Wall -c -fmessage-length=0 -MMD -MP -MF"src/1Template.d" -MT"src/1Template.o" -o "src/1Template.o" "../src/1Template.cpp"
../src/1Template.cpp:50:6: warning: unused variable 'm2' [-Wunused-variable]
        int m2 = mdel;
            ^
1 warning generated.
Finished building: ../src/1Template.cpp
 
Building target: 1Template
Invoking: MacOS X C++ Linker
g++  -o "1Template"  ./src/1Template.o   
Finished building target: 1Template
 
08:04:45 **** Incremental Build of configuration Debug for project 1Template ****
make all 
Building file: ../src/1Template.cpp
Invoking: GCC C++ Compiler
g++ -O0 -g3 -Wall -c -fmessage-length=0 -MMD -MP -MF"src/1Template.d" -MT"src/1Template.o" -o "src/1Template.o" "../src/1Template.cpp"
Finished building: ../src/1Template.cpp
 
Building target: 1Template
Invoking: MacOS X C++ Linker
g++  -o "1Template"  ./src/1Template.o   
Finished building target: 1Template
 
08:07:33 **** Incremental Build of configuration Debug for project 1Template ****
make all 
Building file: ../src/1Template.cpp
Invoking: GCC C++ Compiler
g++ -O0 -g3 -Wall -c -fmessage-length=0 -MMD -MP -MF"src/1Template.d" -MT"src/1Template.o" -o "src/1Template.o" "../src/1Template.cpp"
../src/1Template.cpp:50:6: warning: unused variable 'm2' [-Wunused-variable]
        int m2 = mdel;
            ^
1 warning generated.
Finished building: ../src/1Template.cpp
 
Building target: 1Template
Invoking: MacOS X C++ Linker
g++  -o "1Template"  ./src/1Template.o   
Finished building target: 1Template
 
08:08:19 **** Incremental Build of configuration Debug for project 1Template ****
make all 
Building file: ../src/1Template.cpp
Invoking: GCC C++ Compiler
g++ -O0 -g3 -Wall -c -fmessage-length=0 -MMD -MP -MF"src/1Template.d" -MT"src/1Template.o" -o "src/1Template.o" "../src/1Template.cpp"
Finished building: ../src/1Template.cpp
 
Building target: 1Template
Invoking: MacOS X C++ Linker
g++  -o "1Template"  ./src/1Template.o   
Finished building target: 1Template
 
08:08:22 **** Incremental Build of configuration Debug for project 1Template ****
make all 
make: Nothing to be done for `all'.
09:01:42 **** Incremental Build of configuration Debug for project 1Template ****
make all 
Building file: ../src/1Template.cpp
Invoking: GCC C++ Compiler
g++ -O0 -g3 -Wall -c -fmessage-length=0 -MMD -MP -MF"src/1Template.d" -MT"src/1Template.o" -o "src/1Template.o" "../src/1Template.cpp"
Finished building: ../src/1Template.cpp
 
Building target: 1Template
Invoking: MacOS X C++ Linker
g++  -o "1Template"  ./src/1Template.o   
Finished building target: 1Template
 
09:10:53 **** Incremental Build of configuration Debug for project 1Template ****
make all 
Building file: ../src/1Template.cpp
Invoking: GCC C++ Compiler
g++ -O0 -g3 -Wall -c -fmessage-length=0 -MMD -MP -MF"src/1Template.d" -MT"src/1Template.o" -o "src/1Template.o" "../src/1Template.cpp"
../src/1Template.cpp:55:11: error: expected expression
                                ans = {i, j};
                                      ^
1 error generated.
make: *** [src/1Template.o] Error 1
"make all" terminated with exit code 2. Build might be incomplete.
09:11:04 **** Incremental Build of configuration Debug for project 1Template ****
make all 
Building file: ../src/1Template.cpp
Invoking: GCC C++ Compiler
g++ -O0 -g3 -Wall -c -fmessage-length=0 -MMD -MP -MF"src/1Template.d" -MT"src/1Template.o" -o "src/1Template.o" "../src/1Template.cpp"
../src/1Template.cpp:55:9: error: expected expression
                                ans[] = {i, j};
                                    ^
../src/1Template.cpp:55:13: error: expected expression
                                ans[] = {i, j};
                                        ^
2 errors generated.
make: *** [src/1Template.o] Error 1
"make all" terminated with exit code 2. Build might be incomplete.
09:11:14 **** Incremental Build of configuration Debug for project 1Template ****
make all 
Building file: ../src/1Template.cpp
Invoking: GCC C++ Compiler
g++ -O0 -g3 -Wall -c -fmessage-length=0 -MMD -MP -MF"src/1Template.d" -MT"src/1Template.o" -o "src/1Template.o" "../src/1Template.cpp"
Finished building: ../src/1Template.cpp
 
Building target: 1Template
Invoking: MacOS X C++ Linker
g++  -o "1Template"  ./src/1Template.o   
Finished building target: 1Template
 
09:12:19 **** Incremental Build of configuration Debug for project 1Template ****
make all 
Building file: ../src/1Template.cpp
Invoking: GCC C++ Compiler
g++ -O0 -g3 -Wall -c -fmessage-length=0 -MMD -MP -MF"src/1Template.d" -MT"src/1Template.o" -o "src/1Template.o" "../src/1Template.cpp"
Finished building: ../src/1Template.cpp
 
Building target: 1Template
Invoking: MacOS X C++ Linker
g++  -o "1Template"  ./src/1Template.o   
Finished building target: 1Template
 
09:13:40 **** Incremental Build of configuration Debug for project 1Template ****
make all 
Building file: ../src/1Template.cpp
Invoking: GCC C++ Compiler
g++ -O0 -g3 -Wall -c -fmessage-length=0 -MMD -MP -MF"src/1Template.d" -MT"src/1Template.o" -o "src/1Template.o" "../src/1Template.cpp"
Finished building: ../src/1Template.cpp
 
Building target: 1Template
Invoking: MacOS X C++ Linker
g++  -o "1Template"  ./src/1Template.o   
Finished building target: 1Template
 
09:14:20 **** Incremental Build of configuration Debug for project 1Template ****
make all 
Building file: ../src/1Template.cpp
Invoking: GCC C++ Compiler
g++ -O0 -g3 -Wall -c -fmessage-length=0 -MMD -MP -MF"src/1Template.d" -MT"src/1Template.o" -o "src/1Template.o" "../src/1Template.cpp"
Finished building: ../src/1Template.cpp
 
Building target: 1Template
Invoking: MacOS X C++ Linker
g++  -o "1Template"  ./src/1Template.o   
Finished building target: 1Template
 
09:14:23 **** Incremental Build of configuration Debug for project 1Template ****
make all 
make: Nothing to be done for `all'.
09:14:25 **** Incremental Build of configuration Debug for project 1Template ****
make all 
make: Nothing to be done for `all'.
09:14:50 **** Incremental Build of configuration Debug for project 1Template ****
make all 
Building file: ../src/1Template.cpp
Invoking: GCC C++ Compiler
g++ -O0 -g3 -Wall -c -fmessage-length=0 -MMD -MP -MF"src/1Template.d" -MT"src/1Template.o" -o "src/1Template.o" "../src/1Template.cpp"
Finished building: ../src/1Template.cpp
 
Building target: 1Template
Invoking: MacOS X C++ Linker
g++  -o "1Template"  ./src/1Template.o   
Finished building target: 1Template
 
09:15:29 **** Incremental Build of configuration Debug for project 1Template ****
make all 
Building file: ../src/1Template.cpp
Invoking: GCC C++ Compiler
g++ -O0 -g3 -Wall -c -fmessage-length=0 -MMD -MP -MF"src/1Template.d" -MT"src/1Template.o" -o "src/1Template.o" "../src/1Template.cpp"
Finished building: ../src/1Template.cpp
 
Building target: 1Template
Invoking: MacOS X C++ Linker
g++  -o "1Template"  ./src/1Template.o   
Finished building target: 1Template
 
09:15:31 **** Incremental Build of configuration Debug for project 1Template ****
make all 
make: Nothing to be done for `all'.
09:15:43 **** Incremental Build of configuration Debug for project 1Template ****
make all 
Building file: ../src/1Template.cpp
Invoking: GCC C++ Compiler
g++ -O0 -g3 -Wall -c -fmessage-length=0 -MMD -MP -MF"src/1Template.d" -MT"src/1Template.o" -o "src/1Template.o" "../src/1Template.cpp"
Finished building: ../src/1Template.cpp
 
Building target: 1Template
Invoking: MacOS X C++ Linker
g++  -o "1Template"  ./src/1Template.o   
Finished building target: 1Template
 
09:17:18 **** Incremental Build of configuration Debug for project 1Template ****
make all 
Building file: ../src/1Template.cpp
Invoking: GCC C++ Compiler
g++ -O0 -g3 -Wall -c -fmessage-length=0 -MMD -MP -MF"src/1Template.d" -MT"src/1Template.o" -o "src/1Template.o" "../src/1Template.cpp"
Finished building: ../src/1Template.cpp
 
Building target: 1Template
Invoking: MacOS X C++ Linker
g++  -o "1Template"  ./src/1Template.o   
Finished building target: 1Template
 
09:17:23 **** Incremental Build of configuration Debug for project 1Template ****
make all 
make: Nothing to be done for `all'.
09:21:18 **** Incremental Build of configuration Debug for project 1Template ****
make all 
Building file: ../src/1Template.cpp
Invoking: GCC C++ Compiler
g++ -O0 -g3 -Wall -c -fmessage-length=0 -MMD -MP -MF"src/1Template.d" -MT"src/1Template.o" -o "src/1Template.o" "../src/1Template.cpp"
Finished building: ../src/1Template.cpp
 
Building target: 1Template
Invoking: MacOS X C++ Linker
g++  -o "1Template"  ./src/1Template.o   
Finished building target: 1Template
 
09:21:21 **** Incremental Build of configuration Debug for project 1Template ****
make all 
make: Nothing to be done for `all'.
09:22:42 **** Incremental Build of configuration Debug for project 1Template ****
make all 
Building file: ../src/1Template.cpp
Invoking: GCC C++ Compiler
g++ -O0 -g3 -Wall -c -fmessage-length=0 -MMD -MP -MF"src/1Template.d" -MT"src/1Template.o" -o "src/1Template.o" "../src/1Template.cpp"
Finished building: ../src/1Template.cpp
 
Building target: 1Template
Invoking: MacOS X C++ Linker
g++  -o "1Template"  ./src/1Template.o   
Finished building target: 1Template
 
09:22:45 **** Incremental Build of configuration Debug for project 1Template ****
make all 
make: Nothing to be done for `all'.
09:23:42 **** Incremental Build of configuration Debug for project 1Template ****
make all 
make: Nothing to be done for `all'.
09:27:30 **** Incremental Build of configuration Debug for project 1Template ****
make all 
Building file: ../src/1Template.cpp
Invoking: GCC C++ Compiler
g++ -O0 -g3 -Wall -c -fmessage-length=0 -MMD -MP -MF"src/1Template.d" -MT"src/1Template.o" -o "src/1Template.o" "../src/1Template.cpp"
Finished building: ../src/1Template.cpp
 
Building target: 1Template
Invoking: MacOS X C++ Linker
g++  -o "1Template"  ./src/1Template.o   
Finished building target: 1Template
 
09:30:44 **** Incremental Build of configuration Debug for project 1Template ****
make all 
Building file: ../src/1Template.cpp
Invoking: GCC C++ Compiler
g++ -O0 -g3 -Wall -c -fmessage-length=0 -MMD -MP -MF"src/1Template.d" -MT"src/1Template.o" -o "src/1Template.o" "../src/1Template.cpp"
Finished building: ../src/1Template.cpp
 
Building target: 1Template
Invoking: MacOS X C++ Linker
g++  -o "1Template"  ./src/1Template.o   
Finished building target: 1Template
 
09:30:47 **** Incremental Build of configuration Debug for project 1Template ****
make all 
make: Nothing to be done for `all'.
09:30:49 **** Incremental Build of configuration Debug for project 1Template ****
make all 
make: Nothing to be done for `all'.
07:37:37 **** Incremental Build of configuration Debug for project 1Template ****
make all 
Building file: ../src/1Template.cpp
Invoking: GCC C++ Compiler
g++ -O0 -g3 -Wall -c -fmessage-length=0 -MMD -MP -MF"src/1Template.d" -MT"src/1Template.o" -o "src/1Template.o" "../src/1Template.cpp"
Finished building: ../src/1Template.cpp
 
Building target: 1Template
Invoking: MacOS X C++ Linker
g++  -o "1Template"  ./src/1Template.o   
Finished building target: 1Template
 
07:38:40 **** Incremental Build of configuration Debug for project 1Template ****
make all 
Building file: ../src/1Template.cpp
Invoking: GCC C++ Compiler
g++ -O0 -g3 -Wall -c -fmessage-length=0 -MMD -MP -MF"src/1Template.d" -MT"src/1Template.o" -o "src/1Template.o" "../src/1Template.cpp"
Finished building: ../src/1Template.cpp
 
Building target: 1Template
Invoking: MacOS X C++ Linker
g++  -o "1Template"  ./src/1Template.o   
Finished building target: 1Template
 
07:38:43 **** Incremental Build of configuration Debug for project 1Template ****
make all 
make: Nothing to be done for `all'.
07:43:28 **** Incremental Build of configuration Debug for project 1Template ****
make all 
Building file: ../src/1Template.cpp
Invoking: GCC C++ Compiler
g++ -O0 -g3 -Wall -c -fmessage-length=0 -MMD -MP -MF"src/1Template.d" -MT"src/1Template.o" -o "src/1Template.o" "../src/1Template.cpp"
Finished building: ../src/1Template.cpp
 
Building target: 1Template
Invoking: MacOS X C++ Linker
g++  -o "1Template"  ./src/1Template.o   
Finished building target: 1Template
 
07:48:03 **** Incremental Build of configuration Debug for project 1Template ****
make all 
Building file: ../src/1Template.cpp
Invoking: GCC C++ Compiler
g++ -O0 -g3 -Wall -c -fmessage-length=0 -MMD -MP -MF"src/1Template.d" -MT"src/1Template.o" -o "src/1Template.o" "../src/1Template.cpp"
../src/1Template.cpp:47:15: warning: range-based for loop is a C++11 extension [-Wc++11-extensions]
        for (char ch : s) {
                     ^
1 warning generated.
Finished building: ../src/1Template.cpp
 
Building target: 1Template
Invoking: MacOS X C++ Linker
g++  -o "1Template"  ./src/1Template.o   
Finished building target: 1Template
 
07:48:13 **** Incremental Build of configuration Debug for project 1Template ****
make all 
Building file: ../src/1Template.cpp
Invoking: GCC C++ Compiler
g++ -O0 -g3 -Wall -c -fmessage-length=0 -MMD -MP -MF"src/1Template.d" -MT"src/1Template.o" -o "src/1Template.o" "../src/1Template.cpp"
../src/1Template.cpp:47:15: warning: range-based for loop is a C++11 extension [-Wc++11-extensions]
        for (char ch : s) {
                     ^
1 warning generated.
Finished building: ../src/1Template.cpp
 
Building target: 1Template
Invoking: MacOS X C++ Linker
g++  -o "1Template"  ./src/1Template.o   
Finished building target: 1Template
 
07:58:05 **** Incremental Build of configuration Debug for project 1Template ****
make all 
Building file: ../src/1Template.cpp
Invoking: GCC C++ Compiler
g++ -O0 -g3 -Wall -c -fmessage-length=0 -MMD -MP -MF"src/1Template.d" -MT"src/1Template.o" -o "src/1Template.o" "../src/1Template.cpp"
Finished building: ../src/1Template.cpp
 
Building target: 1Template
Invoking: MacOS X C++ Linker
g++  -o "1Template"  ./src/1Template.o   
Finished building target: 1Template
 
07:58:31 **** Incremental Build of configuration Debug for project 1Template ****
make all 
Building file: ../src/1Template.cpp
Invoking: GCC C++ Compiler
g++ -O0 -g3 -Wall -c -fmessage-length=0 -MMD -MP -MF"src/1Template.d" -MT"src/1Template.o" -o "src/1Template.o" "../src/1Template.cpp"
../src/1Template.cpp:52:13: warning: range-based for loop is a C++11 extension [-Wc++11-extensions]
        for (ll a2 : S) cout << a2 <<" ";
                   ^
1 warning generated.
Finished building: ../src/1Template.cpp
 
Building target: 1Template
Invoking: MacOS X C++ Linker
g++  -o "1Template"  ./src/1Template.o   
Finished building target: 1Template
 
08:01:23 **** Incremental Build of configuration Debug for project 1Template ****
make all 
Building file: ../src/1Template.cpp
Invoking: GCC C++ Compiler
g++ -O0 -g3 -Wall -c -fmessage-length=0 -MMD -MP -MF"src/1Template.d" -MT"src/1Template.o" -o "src/1Template.o" "../src/1Template.cpp"
../src/1Template.cpp:52:13: warning: range-based for loop is a C++11 extension [-Wc++11-extensions]
        for (ll a2 : S) cout << a2 <<" ";
                   ^
1 warning generated.
Finished building: ../src/1Template.cpp
 
Building target: 1Template
Invoking: MacOS X C++ Linker
g++  -o "1Template"  ./src/1Template.o   
Finished building target: 1Template
 
08:01:36 **** Incremental Build of configuration Debug for project 1Template ****
make all 
Building file: ../src/1Template.cpp
Invoking: GCC C++ Compiler
g++ -O0 -g3 -Wall -c -fmessage-length=0 -MMD -MP -MF"src/1Template.d" -MT"src/1Template.o" -o "src/1Template.o" "../src/1Template.cpp"
Finished building: ../src/1Template.cpp
 
Building target: 1Template
Invoking: MacOS X C++ Linker
g++  -o "1Template"  ./src/1Template.o   
Finished building target: 1Template
 
08:02:03 **** Incremental Build of configuration Debug for project 1Template ****
make all 
Building file: ../src/1Template.cpp
Invoking: GCC C++ Compiler
g++ -O0 -g3 -Wall -c -fmessage-length=0 -MMD -MP -MF"src/1Template.d" -MT"src/1Template.o" -o "src/1Template.o" "../src/1Template.cpp"
Finished building: ../src/1Template.cpp
 
Building target: 1Template
Invoking: MacOS X C++ Linker
g++  -o "1Template"  ./src/1Template.o   
Finished building target: 1Template
 
08:02:30 **** Incremental Build of configuration Debug for project 1Template ****
make all 
Building file: ../src/1Template.cpp
Invoking: GCC C++ Compiler
g++ -O0 -g3 -Wall -c -fmessage-length=0 -MMD -MP -MF"src/1Template.d" -MT"src/1Template.o" -o "src/1Template.o" "../src/1Template.cpp"
Finished building: ../src/1Template.cpp
 
Building target: 1Template
Invoking: MacOS X C++ Linker
g++  -o "1Template"  ./src/1Template.o   
Finished building target: 1Template
 
08:10:26 **** Incremental Build of configuration Debug for project 1Template ****
make all 
Building file: ../src/1Template.cpp
Invoking: GCC C++ Compiler
g++ -O0 -g3 -Wall -c -fmessage-length=0 -MMD -MP -MF"src/1Template.d" -MT"src/1Template.o" -o "src/1Template.o" "../src/1Template.cpp"
Finished building: ../src/1Template.cpp
 
Building target: 1Template
Invoking: MacOS X C++ Linker
g++  -o "1Template"  ./src/1Template.o   
Finished building target: 1Template
 
08:10:39 **** Incremental Build of configuration Debug for project 1Template ****
make all 
Building file: ../src/1Template.cpp
Invoking: GCC C++ Compiler
g++ -O0 -g3 -Wall -c -fmessage-length=0 -MMD -MP -MF"src/1Template.d" -MT"src/1Template.o" -o "src/1Template.o" "../src/1Template.cpp"
Finished building: ../src/1Template.cpp
 
Building target: 1Template
Invoking: MacOS X C++ Linker
g++  -o "1Template"  ./src/1Template.o   
Finished building target: 1Template
 
08:11:01 **** Incremental Build of configuration Debug for project 1Template ****
make all 
Building file: ../src/1Template.cpp
Invoking: GCC C++ Compiler
g++ -O0 -g3 -Wall -c -fmessage-length=0 -MMD -MP -MF"src/1Template.d" -MT"src/1Template.o" -o "src/1Template.o" "../src/1Template.cpp"
Finished building: ../src/1Template.cpp
 
Building target: 1Template
Invoking: MacOS X C++ Linker
g++  -o "1Template"  ./src/1Template.o   
Finished building target: 1Template
 
08:20:41 **** Incremental Build of configuration Debug for project 1Template ****
make all 
Building file: ../src/1Template.cpp
Invoking: GCC C++ Compiler
g++ -O0 -g3 -Wall -c -fmessage-length=0 -MMD -MP -MF"src/1Template.d" -MT"src/1Template.o" -o "src/1Template.o" "../src/1Template.cpp"
Finished building: ../src/1Template.cpp
 
Building target: 1Template
Invoking: MacOS X C++ Linker
g++  -o "1Template"  ./src/1Template.o   
Finished building target: 1Template
 
08:20:51 **** Incremental Build of configuration Debug for project 1Template ****
make all 
Building file: ../src/1Template.cpp
Invoking: GCC C++ Compiler
g++ -O0 -g3 -Wall -c -fmessage-length=0 -MMD -MP -MF"src/1Template.d" -MT"src/1Template.o" -o "src/1Template.o" "../src/1Template.cpp"
Finished building: ../src/1Template.cpp
 
Building target: 1Template
Invoking: MacOS X C++ Linker
g++  -o "1Template"  ./src/1Template.o   
Finished building target: 1Template
 
08:20:54 **** Incremental Build of configuration Debug for project 1Template ****
make all 
make: Nothing to be done for `all'.
08:20:58 **** Incremental Build of configuration Debug for project 1Template ****
make all 
make: Nothing to be done for `all'.
08:21:01 **** Incremental Build of configuration Debug for project 1Template ****
make all 
make: Nothing to be done for `all'.
08:21:02 **** Incremental Build of configuration Debug for project 1Template ****
make all 
make: Nothing to be done for `all'.
08:21:05 **** Incremental Build of configuration Debug for project 1Template ****
make all 
make: Nothing to be done for `all'.
08:21:11 **** Incremental Build of configuration Debug for project 1Template ****
make all 
make: Nothing to be done for `all'.
08:21:12 **** Incremental Build of configuration Debug for project 1Template ****
make all 
make: Nothing to be done for `all'.
08:21:14 **** Incremental Build of configuration Debug for project 1Template ****
make all 
make: Nothing to be done for `all'.
08:21:16 **** Incremental Build of configuration Debug for project 1Template ****
make all 
make: Nothing to be done for `all'.
08:21:17 **** Incremental Build of configuration Debug for project 1Template ****
make all 
make: Nothing to be done for `all'.
08:21:20 **** Incremental Build of configuration Debug for project 1Template ****
make all 
make: Nothing to be done for `all'.
08:21:58 **** Incremental Build of configuration Debug for project 1Template ****
make all 
Building file: ../src/1Template.cpp
Invoking: GCC C++ Compiler
g++ -O0 -g3 -Wall -c -fmessage-length=0 -MMD -MP -MF"src/1Template.d" -MT"src/1Template.o" -o "src/1Template.o" "../src/1Template.cpp"
../src/1Template.cpp:72:3: error: non-void function 'main' should return a value [-Wreturn-type]
                return;
                ^
1 error generated.
make: *** [src/1Template.o] Error 1
"make all" terminated with exit code 2. Build might be incomplete.
08:22:07 **** Incremental Build of configuration Debug for project 1Template ****
make all 
Building file: ../src/1Template.cpp
Invoking: GCC C++ Compiler
g++ -O0 -g3 -Wall -c -fmessage-length=0 -MMD -MP -MF"src/1Template.d" -MT"src/1Template.o" -o "src/1Template.o" "../src/1Template.cpp"
Finished building: ../src/1Template.cpp
 
Building target: 1Template
Invoking: MacOS X C++ Linker
g++  -o "1Template"  ./src/1Template.o   
Finished building target: 1Template
 
08:29:36 **** Incremental Build of configuration Debug for project 1Template ****
make all 
Building file: ../src/1Template.cpp
Invoking: GCC C++ Compiler
g++ -O0 -g3 -Wall -c -fmessage-length=0 -MMD -MP -MF"src/1Template.d" -MT"src/1Template.o" -o "src/1Template.o" "../src/1Template.cpp"
../src/1Template.cpp:82:12: warning: range-based for loop is a C++11 extension [-Wc++11-extensions]
        for (ll x : c) {
                  ^
../src/1Template.cpp:83:13: warning: range-based for loop is a C++11 extension [-Wc++11-extensions]
                for (ll y : d) {
                          ^
2 warnings generated.
Finished building: ../src/1Template.cpp
 
Building target: 1Template
Invoking: MacOS X C++ Linker
g++  -o "1Template"  ./src/1Template.o   
Finished building target: 1Template
 
08:29:42 **** Incremental Build of configuration Debug for project 1Template ****
make all 
make: Nothing to be done for `all'.
08:29:47 **** Incremental Build of configuration Debug for project 1Template ****
make all 
make: Nothing to be done for `all'.
08:35:42 **** Incremental Build of configuration Debug for project 1Template ****
make all 
Building file: ../src/1Template.cpp
Invoking: GCC C++ Compiler
g++ -O0 -g3 -Wall -c -fmessage-length=0 -MMD -MP -MF"src/1Template.d" -MT"src/1Template.o" -o "src/1Template.o" "../src/1Template.cpp"
Finished building: ../src/1Template.cpp
 
Building target: 1Template
Invoking: MacOS X C++ Linker
g++  -o "1Template"  ./src/1Template.o   
Finished building target: 1Template
 
08:35:47 **** Incremental Build of configuration Debug for project 1Template ****
make all 
make: Nothing to be done for `all'.
08:35:49 **** Incremental Build of configuration Debug for project 1Template ****
make all 
make: Nothing to be done for `all'.
08:35:51 **** Incremental Build of configuration Debug for project 1Template ****
make all 
make: Nothing to be done for `all'.
08:35:54 **** Incremental Build of configuration Debug for project 1Template ****
make all 
make: Nothing to be done for `all'.
08:35:56 **** Incremental Build of configuration Debug for project 1Template ****
make all 
make: Nothing to be done for `all'.
08:35:57 **** Incremental Build of configuration Debug for project 1Template ****
make all 
make: Nothing to be done for `all'.
08:36:00 **** Incremental Build of configuration Debug for project 1Template ****
make all 
make: Nothing to be done for `all'.
08:36:02 **** Incremental Build of configuration Debug for project 1Template ****
make all 
make: Nothing to be done for `all'.
09:29:52 **** Incremental Build of configuration Debug for project 1Template ****
make all 
Building file: ../src/1Template.cpp
Invoking: GCC C++ Compiler
g++ -O0 -g3 -Wall -c -fmessage-length=0 -MMD -MP -MF"src/1Template.d" -MT"src/1Template.o" -o "src/1Template.o" "../src/1Template.cpp"
../src/1Template.cpp:102:19: error: comparison between pointer and integer ('long long *' and 'long long')
                if (A >= k && b >= k) break;
                              ~ ^  ~
1 error generated.
make: *** [src/1Template.o] Error 1
"make all" terminated with exit code 2. Build might be incomplete.
09:30:02 **** Incremental Build of configuration Debug for project 1Template ****
make all 
Building file: ../src/1Template.cpp
Invoking: GCC C++ Compiler
g++ -O0 -g3 -Wall -c -fmessage-length=0 -MMD -MP -MF"src/1Template.d" -MT"src/1Template.o" -o "src/1Template.o" "../src/1Template.cpp"
Finished building: ../src/1Template.cpp
 
Building target: 1Template
Invoking: MacOS X C++ Linker
g++  -o "1Template"  ./src/1Template.o   
Finished building target: 1Template
 
09:30:18 **** Incremental Build of configuration Debug for project 1Template ****
make all 
make: Nothing to be done for `all'.
